#
# There is insufficient memory for the Java Runtime Environment to continue.
# Native memory allocation (mmap) failed to map 17825792 bytes for Failed to commit area from 0x00000000c6300000 to 0x00000000c7400000 of length 17825792.
# Possible reasons:
#   The system is out of physical RAM or swap space
#   The process is running with CompressedOops enabled, and the Java Heap may be blocking the growth of the native heap
# Possible solutions:
#   Reduce memory load on the system
#   Increase physical memory or swap space
#   Check if swap backing store is full
#   Decrease Java heap size (-Xmx/-Xms)
#   Decrease number of Java threads
#   Decrease Java thread stack sizes (-Xss)
#   Set larger code cache with -XX:ReservedCodeCacheSize=
#   JVM is running with Unscaled Compressed Oops mode in which the Java heap is
#     placed in the first 4GB address space. The Java Heap base address is the
#     maximum limit for the native heap growth. Please use -XX:HeapBaseMinAddress
#     to set the Java Heap base and to place the Java Heap above 4GB virtual address.
# This output file may be truncated or incomplete.
#
#  Out of Memory Error (./open/src/hotspot/os/windows/os_windows.cpp:3315), pid=19264, tid=19112
#
# JRE version: Java(TM) SE Runtime Environment (14.0.2+12) (build 14.0.2+12-46)
# Java VM: Java HotSpot(TM) 64-Bit Server VM (14.0.2+12-46, mixed mode, sharing, tiered, compressed oops, g1 gc, windows-amd64)
# No core dump will be written. Minidumps are not enabled by default on client versions of Windows
#

---------------  S U M M A R Y ------------

Command Line: -Dapplication.home=C:\Program Files\Java\jdk-14.0.2 --add-modules=ALL-DEFAULT -Xms8m -Djdk.module.main=jdk.compiler jdk.compiler/com.sun.tools.javac.Main -d C:\Users\admin\Documents\NetBeansProjects\Travel Managment System\build\classes -classpath C:\Users\admin\Documents\NetBeansProjects\Travel Managment System\build\classes;C:\Users\admin\Documents\NetBeansProjects\Travel Managment System\mysql-connector-java-8.0.23\mysql-connector-java-8.0.23.jar;F:\netbeans\netbeans\ide\modules\ext\jaxb\activation.jar;F:\netbeans\netbeans\enterprise\modules\ext\metro\webservices-api.jar;F:\netbeans\netbeans\enterprise\modules\ext\metro\webservices-extra-api.jar;F:\netbeans\netbeans\enterprise\modules\ext\metro\webservices-extra.jar;F:\netbeans\netbeans\enterprise\modules\ext\metro\webservices-rt.jar;F:\netbeans\netbeans\enterprise\modules\ext\metro\webservices-tools.jar;C:\Users\admin\Documents\NetBeansProjects;C:\Users\admin\Documents\NetBeansProjects\Travel Managment System\src\travel\management\Jar;C:\Users\admin\Documents\NetBeansProjects\Travel Managment System\src\travel\management\Jar\rs2xml.jar;C:\Users\admin\Documents\Hosp\mysql-connector-java-8.0.23\rs2xml.jar;F:\netbeans\netbeans\java\modules\ext\AbsoluteLayout.jar -sourcepath C:\Users\admin\Documents\NetBeansProjects\Travel Managment System\src -target 14 -encoding UTF-8 -g --enable-preview -processorpath C:\Users\admin\Documents\NetBeansProjects\Travel Managment System\mysql-connector-java-8.0.23\mysql-connector-java-8.0.23.jar;F:\netbeans\netbeans\ide\modules\ext\jaxb\activation.jar;F:\netbeans\netbeans\enterprise\modules\ext\metro\webservices-api.jar;F:\netbeans\netbeans\enterprise\modules\ext\metro\webservices-extra-api.jar;F:\netbeans\netbeans\enterprise\modules\ext\metro\webservices-extra.jar;F:\netbeans\netbeans\enterprise\modules\ext\metro\webservices-rt.jar;F:\netbeans\netbeans\enterprise\modules\ext\metro\webservices-tools.jar;C:\Users\admin\Documents\NetBeansProjects;C:\Users\admin\Documents\NetBeansProjects\Travel Managment System\src\travel\management\Jar;C:\Users\admin\Documents\NetBeansProjects\Travel Managment System\src\travel\management\Jar\rs2xml.jar;C:\Users\admin\Documents\Hosp\mysql-connector-java-8.0.23\rs2xml.jar;F:\netbeans\netbeans\java\modules\ext\AbsoluteLayout.jar;C:\Users\admin\Documents\NetBeansProjects\Travel Managment System\build\empty -s C:\Users\admin\Documents\NetBeansProjects\Travel Managment System\build\generated-sources\ap-source-output -source 14 C:\Users\admin\Documents\NetBeansProjects\Travel Managment System\src\travel\managment\system\Dashboard.java

Host: Intel(R) Core(TM) i3-6100U CPU @ 2.30GHz, 4 cores, 3G,  Windows 10 , 64 bit Build 18362 (10.0.18362.1500)
Time: Thu Apr 28 12:43:46 2022 India Standard Time elapsed time: 1 seconds (0d 0h 0m 1s)

---------------  T H R E A D  ---------------

Current thread (0x000002c2848f2000):  VMThread "VM Thread" [stack: 0x000000d230d00000,0x000000d230e00000] [id=19112]

Stack: [0x000000d230d00000,0x000000d230e00000]
[error occurred during error reporting (printing stack bounds), id 0xc0000005, EXCEPTION_ACCESS_VIOLATION (0xc0000005) at pc=0x000002c28e8010ad]

Native frames: (J=compiled Java code, j=interpreted, Vv=VM code, C=native code)
V  [jvm.dll+0x5f8a9a]
V  [jvm.dll+0x74247a]
V  [jvm.dll+0x743c2f]
V  [jvm.dll+0x7441d5]
V  [jvm.dll+0x74418b]
V  [jvm.dll+0x5f7f6f]
V  [jvm.dll+0x5f8738]
C  [ntdll.dll+0xa1fff]
C  [ntdll.dll+0x6aad9]
C  [ntdll.dll+0xa0c6e]
C  0x000002c28e8010ad

VM_Operation (0x000000d2307fdc80): G1CollectForAllocation, mode: safepoint, requested by thread 0x000002c284831000


---------------  P R O C E S S  ---------------

Threads class SMR info:
_java_thread_list=0x000002c2a312b730, length=11, elements={
0x000002c284831000, 0x000002c2848f8800, 0x000002c2848fa000, 0x000002c2a2eef800,
0x000002c2a2ef4800, 0x000002c2a2ef5800, 0x000002c2a2efa000, 0x000002c2a2f0b800,
0x000002c2a2f14800, 0x000002c2a3122800, 0x000002c2a31b3000
}

Java Threads: ( => current thread )
  0x000002c284831000 JavaThread "main" [_thread_blocked, id=13296, stack(0x000000d230700000,0x000000d230800000)]
  0x000002c2848f8800 JavaThread "Reference Handler" daemon [_thread_blocked, id=15132, stack(0x000000d230e00000,0x000000d230f00000)]
  0x000002c2848fa000 JavaThread "Finalizer" daemon [_thread_blocked, id=21352, stack(0x000000d230f00000,0x000000d231000000)]
  0x000002c2a2eef800 JavaThread "Signal Dispatcher" daemon [_thread_blocked, id=15688, stack(0x000000d231000000,0x000000d231100000)]
  0x000002c2a2ef4800 JavaThread "Attach Listener" daemon [_thread_blocked, id=13916, stack(0x000000d231100000,0x000000d231200000)]
  0x000002c2a2ef5800 JavaThread "Service Thread" daemon [_thread_blocked, id=21200, stack(0x000000d231200000,0x000000d231300000)]
  0x000002c2a2efa000 JavaThread "C2 CompilerThread0" daemon [_thread_blocked, id=16972, stack(0x000000d231300000,0x000000d231400000)]
  0x000002c2a2f0b800 JavaThread "C1 CompilerThread0" daemon [_thread_blocked, id=7064, stack(0x000000d231400000,0x000000d231500000)]
  0x000002c2a2f14800 JavaThread "Sweeper thread" daemon [_thread_blocked, id=21164, stack(0x000000d231500000,0x000000d231600000)]
  0x000002c2a3122800 JavaThread "Common-Cleaner" daemon [_thread_blocked, id=3668, stack(0x000000d231600000,0x000000d231700000)]
  0x000002c2a31b3000 JavaThread "Notification Thread" daemon [_thread_blocked, id=7556, stack(0x000000d231700000,0x000000d231800000)]

Other Threads:
=>0x000002c2848f2000 VMThread "VM Thread" [stack: 0x000000d230d00000,0x000000d230e00000] [id=19112]
  0x000002c2a317b800 WatcherThread [stack: 0x000000d231800000,0x000000d231900000] [id=9232]
  0x000002c284861800 GCTaskThread "GC Thread#0" [stack: 0x000000d230800000,0x000000d230900000] [id=20800]
  0x000002c2a330e800 GCTaskThread "GC Thread#1" [stack: 0x000000d231900000,0x000000d231a00000] [id=11720]
  0x000002c28486c000 ConcurrentGCThread "G1 Main Marker" [stack: 0x000000d230900000,0x000000d230a00000] [id=2156]
  0x000002c28486d800 ConcurrentGCThread "G1 Conc#0" [stack: 0x000000d230a00000,0x000000d230b00000] [id=16292]
  0x000002c284889800 ConcurrentGCThread "G1 Refine#0" [stack: 0x000000d230b00000,0x000000d230c00000] [id=17848]
  0x000002c28488a800 ConcurrentGCThread "G1 Young RemSet Sampling" [stack: 0x000000d230c00000,0x000000d230d00000] [id=21320]

Threads with active compile tasks:
C2 CompilerThread0     1421 1502       4       java.util.regex.Matcher::reset (128 bytes)

VM state:at safepoint (normal execution)

VM Mutex/Monitor currently owned by a thread:  ([mutex/lock_event])
[0x000002c28482c890] Threads_lock - owner thread: 0x000002c2848f2000
[0x000002c28482da00] Heap_lock - owner thread: 0x000002c284831000

Heap address: 0x00000000c4a00000, size: 950 MB, Compressed Oops mode: 32-bit
Narrow klass base: 0x0000000800000000, Narrow klass shift: 3
Compressed class space size: 1073741824 Address: 0x0000000800b30000

Heap:
 garbage-first heap   total 43008K, used 13524K [0x00000000c4a00000, 0x0000000100000000)
  region size 1024K, 1 young (1024K), 1 survivors (1024K)
 Metaspace       used 9431K, capacity 11885K, committed 12032K, reserved 1060864K
  class space    used 1104K, capacity 1417K, committed 1536K, reserved 1048576K
Heap Regions: E=young(eden), S=young(survivor), O=old, HS=humongous(starts), HC=humongous(continues), CS=collection set, F=free, OA=open archive, CA=closed archive, TAMS=top-at-mark-start (previous, next)
|   0|0x00000000c4a00000, 0x00000000c4b00000, 0x00000000c4b00000|100%|HS|  |TAMS 0x00000000c4b00000, 0x00000000c4b00000| Complete 
|   1|0x00000000c4b00000, 0x00000000c4c00000, 0x00000000c4c00000|100%| O|  |TAMS 0x00000000c4c00000, 0x00000000c4c00000| Untracked 
|   2|0x00000000c4c00000, 0x00000000c4d00000, 0x00000000c4d00000|100%| O|  |TAMS 0x00000000c4d00000, 0x00000000c4d00000| Untracked 
|   3|0x00000000c4d00000, 0x00000000c4e00000, 0x00000000c4e00000|100%| O|  |TAMS 0x00000000c4e00000, 0x00000000c4e00000| Untracked 
|   4|0x00000000c4e00000, 0x00000000c4f00000, 0x00000000c4f00000|100%| O|  |TAMS 0x00000000c4f00000, 0x00000000c4f00000| Untracked 
|   5|0x00000000c4f00000, 0x00000000c5000000, 0x00000000c5000000|100%| O|  |TAMS 0x00000000c5000000, 0x00000000c5000000| Untracked 
|   6|0x00000000c5000000, 0x00000000c5100000, 0x00000000c5100000|100%|HS|  |TAMS 0x00000000c5100000, 0x00000000c5100000| Complete 
|   7|0x00000000c5100000, 0x00000000c5200000, 0x00000000c5200000|100%| O|  |TAMS 0x00000000c518ce00, 0x00000000c5200000| Untracked 
|   8|0x00000000c5200000, 0x00000000c5300000, 0x00000000c5300000|100%| O|  |TAMS 0x00000000c5200000, 0x00000000c5300000| Untracked 
|   9|0x00000000c5300000, 0x00000000c5400000, 0x00000000c5400000|100%| O|  |TAMS 0x00000000c5300000, 0x00000000c5400000| Untracked 
|  10|0x00000000c5400000, 0x00000000c5500000, 0x00000000c5500000|100%| O|  |TAMS 0x00000000c5400000, 0x00000000c5500000| Untracked 
|  11|0x00000000c5500000, 0x00000000c5600000, 0x00000000c5600000|100%| O|  |TAMS 0x00000000c5500000, 0x00000000c5563a00| Untracked 
|  12|0x00000000c5600000, 0x00000000c5669600, 0x00000000c5700000| 41%| O|  |TAMS 0x00000000c5600000, 0x00000000c5600000| Untracked 
|  13|0x00000000c5700000, 0x00000000c5700000, 0x00000000c5800000|  0%| F|  |TAMS 0x00000000c5700000, 0x00000000c5700000| Untracked 
|  14|0x00000000c5800000, 0x00000000c5800000, 0x00000000c5900000|  0%| F|  |TAMS 0x00000000c5800000, 0x00000000c5800000| Untracked 
|  15|0x00000000c5900000, 0x00000000c5900000, 0x00000000c5a00000|  0%| F|  |TAMS 0x00000000c5900000, 0x00000000c5900000| Untracked 
|  16|0x00000000c5a00000, 0x00000000c5a00000, 0x00000000c5b00000|  0%| F|  |TAMS 0x00000000c5a00000, 0x00000000c5a00000| Untracked 
|  17|0x00000000c5b00000, 0x00000000c5b00000, 0x00000000c5c00000|  0%| F|  |TAMS 0x00000000c5b00000, 0x00000000c5b00000| Untracked 
|  18|0x00000000c5c00000, 0x00000000c5ccba60, 0x00000000c5d00000| 79%| S|CS|TAMS 0x00000000c5c00000, 0x00000000c5c00000| Complete 
|  19|0x00000000c5d00000, 0x00000000c5d00000, 0x00000000c5e00000|  0%| F|  |TAMS 0x00000000c5d00000, 0x00000000c5d00000| Untracked 
|  20|0x00000000c5e00000, 0x00000000c5e00000, 0x00000000c5f00000|  0%| F|  |TAMS 0x00000000c5e00000, 0x00000000c5e00000| Untracked 
|  21|0x00000000c5f00000, 0x00000000c5f00000, 0x00000000c6000000|  0%| F|  |TAMS 0x00000000c5f00000, 0x00000000c5f00000| Untracked 
|  22|0x00000000c6000000, 0x00000000c6000000, 0x00000000c6100000|  0%| F|  |TAMS 0x00000000c6000000, 0x00000000c6000000| Untracked 
|  23|0x00000000c6100000, 0x00000000c6100000, 0x00000000c6200000|  0%| F|  |TAMS 0x00000000c6100000, 0x00000000c6100000| Untracked 
|  24|0x00000000c6200000, 0x00000000c6200000, 0x00000000c6300000|  0%| F|  |TAMS 0x00000000c6200000, 0x00000000c6200000| Untracked 

Card table byte_map: [0x000002c29e000000,0x000002c29e1e0000] _byte_map_base: 0x000002c29d9db000

Marking Bits (Prev, Next): (CMBitMap*) 0x000002c284863fc8, (CMBitMap*) 0x000002c284864008
 Prev Bits: [0x000002c29e3c0000, 0x000002c29f298000)
 Next Bits: [0x000002c29f2a0000, 0x000002c2a0178000)

Polling page: 0x000002c2846e0000

Metaspace:

Usage:
  Non-class:     10.22 MB capacity,     8.13 MB ( 80%) used,     2.06 MB ( 20%) free+waste,    27.25 KB ( <1%) overhead. 
      Class:      1.38 MB capacity,     1.08 MB ( 78%) used,   298.87 KB ( 21%) free+waste,    13.75 KB ( <1%) overhead. 
       Both:     11.61 MB capacity,     9.21 MB ( 79%) used,     2.36 MB ( 20%) free+waste,    41.00 KB ( <1%) overhead. 

Virtual space:
  Non-class space:       12.00 MB reserved,      10.25 MB ( 85%) committed 
      Class space:        1.00 GB reserved,       1.50 MB ( <1%) committed 
             Both:        1.01 GB reserved,      11.75 MB (  1%) committed 

Chunk freelists:
   Non-Class:  28.00 KB
       Class:  23.00 KB
        Both:  51.00 KB

MaxMetaspaceSize: 17179869184.00 GB
CompressedClassSpaceSize: 1.00 GB

CodeHeap 'non-profiled nmethods': size=120000Kb used=484Kb max_used=484Kb free=119515Kb
 bounds [0x000002c2962d0000, 0x000002c296540000, 0x000002c29d800000]
CodeHeap 'profiled nmethods': size=120000Kb used=2711Kb max_used=2711Kb free=117288Kb
 bounds [0x000002c28eda0000, 0x000002c28f050000, 0x000002c2962d0000]
CodeHeap 'non-nmethods': size=5760Kb used=1172Kb max_used=1189Kb free=4588Kb
 bounds [0x000002c28e800000, 0x000002c28ea70000, 0x000002c28eda0000]
 total_blobs=1912 nmethods=1491 adapters=333
 compilation: enabled
              stopped_count=0, restarted_count=0
 full_count=0

Compilation events (20 events):
Event: 1.349 Thread 0x000002c2a2f0b800 1489       2       com.sun.tools.javac.jvm.Code::width (42 bytes)
Event: 1.349 Thread 0x000002c2a2f0b800 nmethod 1489 0x000002c28f043590 code [0x000002c28f043720, 0x000002c28f043838]
Event: 1.349 Thread 0x000002c2a2f0b800 1498       2       com.sun.tools.javac.jvm.ClassReader::parameter (181 bytes)
Event: 1.349 Thread 0x000002c2a2efa000 nmethod 1456 0x000002c296347210 code [0x000002c2963473a0, 0x000002c296347598]
Event: 1.349 Thread 0x000002c2a2efa000 1306       4       jdk.internal.jimage.ImageLocation::getAttribute (44 bytes)
Event: 1.350 Thread 0x000002c2a2efa000 nmethod 1306 0x000002c296347690 code [0x000002c296347840, 0x000002c296347958]
Event: 1.350 Thread 0x000002c2a2f0b800 nmethod 1498 0x000002c28f043910 code [0x000002c28f043be0, 0x000002c28f044838]
Event: 1.350 Thread 0x000002c2a2efa000 1396   !   4       jdk.internal.jimage.BasicImageReader::slice (32 bytes)
Event: 1.355 Thread 0x000002c2a2f0b800 1500       1       jdk.internal.jimage.BasicImageReader::getByteOrder (5 bytes)
Event: 1.355 Thread 0x000002c2a2f0b800 nmethod 1500 0x000002c296347a10 code [0x000002c296347ba0, 0x000002c296347c78]
Event: 1.356 Thread 0x000002c2a2f0b800 1501       1       jdk.internal.jimage.ImageReader$Node::setCompleted (6 bytes)
Event: 1.356 Thread 0x000002c2a2f0b800 nmethod 1501 0x000002c296347d10 code [0x000002c296347ea0, 0x000002c296347f78]
Event: 1.361 Thread 0x000002c2a2efa000 nmethod 1396 0x000002c296348010 code [0x000002c296348260, 0x000002c296348c98]
Event: 1.361 Thread 0x000002c2a2f0b800 1505       2       java.util.stream.ReferencePipeline::<init> (7 bytes)
Event: 1.361 Thread 0x000002c2a2efa000 1502       4       java.util.regex.Matcher::reset (128 bytes)
Event: 1.362 Thread 0x000002c2a2f0b800 nmethod 1505 0x000002c28f044f10 code [0x000002c28f0450a0, 0x000002c28f0451c8]
Event: 1.362 Thread 0x000002c2a2f0b800 1506       2       java.util.stream.AbstractPipeline::<init> (91 bytes)
Event: 1.362 Thread 0x000002c2a2f0b800 nmethod 1506 0x000002c28f045290 code [0x000002c28f045460, 0x000002c28f045838]
Event: 1.362 Thread 0x000002c2a2f0b800 1507       2       java.util.stream.Sink$ChainedReference::<init> (16 bytes)
Event: 1.362 Thread 0x000002c2a2f0b800 nmethod 1507 0x000002c28f045990 code [0x000002c28f045b40, 0x000002c28f045de8]

GC Heap History (20 events):
Event: 0.846 GC heap after
{Heap after GC invocations=7 (full 0):
 garbage-first heap   total 10240K, used 5059K [0x00000000c4a00000, 0x0000000100000000)
  region size 1024K, 1 young (1024K), 1 survivors (1024K)
 Metaspace       used 8209K, capacity 11225K, committed 11392K, reserved 1058816K
  class space    used 980K, capacity 1305K, committed 1408K, reserved 1048576K
}
Event: 0.888 GC heap before
{Heap before GC invocations=7 (full 0):
 garbage-first heap   total 10240K, used 6083K [0x00000000c4a00000, 0x0000000100000000)
  region size 1024K, 2 young (2048K), 1 survivors (1024K)
 Metaspace       used 8597K, capacity 11432K, committed 11648K, reserved 1058816K
  class space    used 1030K, capacity 1353K, committed 1408K, reserved 1048576K
}
Event: 0.892 GC heap after
{Heap after GC invocations=8 (full 0):
 garbage-first heap   total 10240K, used 5586K [0x00000000c4a00000, 0x0000000100000000)
  region size 1024K, 1 young (1024K), 1 survivors (1024K)
 Metaspace       used 8597K, capacity 11432K, committed 11648K, reserved 1058816K
  class space    used 1030K, capacity 1353K, committed 1408K, reserved 1048576K
}
Event: 0.938 GC heap before
{Heap before GC invocations=9 (full 0):
 garbage-first heap   total 12288K, used 6610K [0x00000000c4a00000, 0x0000000100000000)
  region size 1024K, 2 young (2048K), 1 survivors (1024K)
 Metaspace       used 8793K, capacity 11496K, committed 11648K, reserved 1058816K
  class space    used 1053K, capacity 1353K, committed 1408K, reserved 1048576K
}
Event: 0.941 GC heap after
{Heap after GC invocations=10 (full 0):
 garbage-first heap   total 17408K, used 6006K [0x00000000c4a00000, 0x0000000100000000)
  region size 1024K, 1 young (1024K), 1 survivors (1024K)
 Metaspace       used 8793K, capacity 11496K, committed 11648K, reserved 1058816K
  class space    used 1053K, capacity 1353K, committed 1408K, reserved 1048576K
}
Event: 0.999 GC heap before
{Heap before GC invocations=10 (full 0):
 garbage-first heap   total 17408K, used 9078K [0x00000000c4a00000, 0x0000000100000000)
  region size 1024K, 4 young (4096K), 1 survivors (1024K)
 Metaspace       used 8830K, capacity 11496K, committed 11648K, reserved 1058816K
  class space    used 1054K, capacity 1353K, committed 1408K, reserved 1048576K
}
Event: 1.004 GC heap after
{Heap after GC invocations=11 (full 0):
 garbage-first heap   total 17408K, used 8755K [0x00000000c4a00000, 0x0000000100000000)
  region size 1024K, 1 young (1024K), 1 survivors (1024K)
 Metaspace       used 8830K, capacity 11496K, committed 11648K, reserved 1058816K
  class space    used 1054K, capacity 1353K, committed 1408K, reserved 1048576K
}
Event: 1.026 GC heap before
{Heap before GC invocations=11 (full 0):
 garbage-first heap   total 17408K, used 10803K [0x00000000c4a00000, 0x0000000100000000)
  region size 1024K, 3 young (3072K), 1 survivors (1024K)
 Metaspace       used 8847K, capacity 11496K, committed 11648K, reserved 1058816K
  class space    used 1054K, capacity 1353K, committed 1408K, reserved 1048576K
}
Event: 1.029 GC heap after
{Heap after GC invocations=12 (full 0):
 garbage-first heap   total 17408K, used 8977K [0x00000000c4a00000, 0x0000000100000000)
  region size 1024K, 1 young (1024K), 1 survivors (1024K)
 Metaspace       used 8847K, capacity 11496K, committed 11648K, reserved 1058816K
  class space    used 1054K, capacity 1353K, committed 1408K, reserved 1048576K
}
Event: 1.045 GC heap before
{Heap before GC invocations=12 (full 0):
 garbage-first heap   total 17408K, used 11025K [0x00000000c4a00000, 0x0000000100000000)
  region size 1024K, 3 young (3072K), 1 survivors (1024K)
 Metaspace       used 8848K, capacity 11496K, committed 11648K, reserved 1058816K
  class space    used 1054K, capacity 1353K, committed 1408K, reserved 1048576K
}
Event: 1.046 GC heap after
{Heap after GC invocations=13 (full 0):
 garbage-first heap   total 17408K, used 8941K [0x00000000c4a00000, 0x0000000100000000)
  region size 1024K, 1 young (1024K), 1 survivors (1024K)
 Metaspace       used 8848K, capacity 11496K, committed 11648K, reserved 1058816K
  class space    used 1054K, capacity 1353K, committed 1408K, reserved 1048576K
}
Event: 1.075 GC heap before
{Heap before GC invocations=14 (full 0):
 garbage-first heap   total 19456K, used 9965K [0x00000000c4a00000, 0x0000000100000000)
  region size 1024K, 3 young (3072K), 1 survivors (1024K)
 Metaspace       used 8862K, capacity 11496K, committed 11648K, reserved 1058816K
  class space    used 1055K, capacity 1353K, committed 1408K, reserved 1048576K
}
Event: 1.077 GC heap after
{Heap after GC invocations=15 (full 0):
 garbage-first heap   total 25600K, used 9489K [0x00000000c4a00000, 0x0000000100000000)
  region size 1024K, 1 young (1024K), 1 survivors (1024K)
 Metaspace       used 8862K, capacity 11496K, committed 11648K, reserved 1058816K
  class space    used 1055K, capacity 1353K, committed 1408K, reserved 1048576K
}
Event: 1.228 GC heap before
{Heap before GC invocations=15 (full 0):
 garbage-first heap   total 25600K, used 15633K [0x00000000c4a00000, 0x0000000100000000)
  region size 1024K, 7 young (7168K), 1 survivors (1024K)
 Metaspace       used 9176K, capacity 11620K, committed 11904K, reserved 1060864K
  class space    used 1080K, capacity 1372K, committed 1408K, reserved 1048576K
}
Event: 1.232 GC heap after
{Heap after GC invocations=16 (full 0):
 garbage-first heap   total 25600K, used 10374K [0x00000000c4a00000, 0x0000000100000000)
  region size 1024K, 1 young (1024K), 1 survivors (1024K)
 Metaspace       used 9176K, capacity 11620K, committed 11904K, reserved 1060864K
  class space    used 1080K, capacity 1372K, committed 1408K, reserved 1048576K
}
Event: 1.282 GC heap before
{Heap before GC invocations=16 (full 0):
 garbage-first heap   total 25600K, used 16518K [0x00000000c4a00000, 0x0000000100000000)
  region size 1024K, 7 young (7168K), 1 survivors (1024K)
 Metaspace       used 9313K, capacity 11765K, committed 11904K, reserved 1060864K
  class space    used 1091K, capacity 1378K, committed 1408K, reserved 1048576K
}
Event: 1.286 GC heap after
{Heap after GC invocations=17 (full 0):
 garbage-first heap   total 25600K, used 11248K [0x00000000c4a00000, 0x0000000100000000)
  region size 1024K, 1 young (1024K), 1 survivors (1024K)
 Metaspace       used 9313K, capacity 11765K, committed 11904K, reserved 1060864K
  class space    used 1091K, capacity 1378K, committed 1408K, reserved 1048576K
}
Event: 1.342 GC heap before
{Heap before GC invocations=17 (full 0):
 garbage-first heap   total 25600K, used 16368K [0x00000000c4a00000, 0x0000000100000000)
  region size 1024K, 6 young (6144K), 1 survivors (1024K)
 Metaspace       used 9428K, capacity 11885K, committed 12032K, reserved 1060864K
  class space    used 1104K, capacity 1417K, committed 1536K, reserved 1048576K
}
Event: 1.346 GC heap after
{Heap after GC invocations=18 (full 0):
 garbage-first heap   total 25600K, used 12686K [0x00000000c4a00000, 0x0000000100000000)
  region size 1024K, 1 young (1024K), 1 survivors (1024K)
 Metaspace       used 9428K, capacity 11885K, committed 12032K, reserved 1060864K
  class space    used 1104K, capacity 1417K, committed 1536K, reserved 1048576K
}
Event: 1.363 GC heap before
{Heap before GC invocations=18 (full 0):
 garbage-first heap   total 25600K, used 17806K [0x00000000c4a00000, 0x0000000100000000)
  region size 1024K, 6 young (6144K), 1 survivors (1024K)
 Metaspace       used 9431K, capacity 11885K, committed 12032K, reserved 1060864K
  class space    used 1104K, capacity 1417K, committed 1536K, reserved 1048576K
}

Deoptimization events (20 events):
Event: 1.262 Thread 0x000002c284831000 DEOPT PACKING pc=0x000002c29633d65c sp=0x000000d2307fcdc0
Event: 1.262 Thread 0x000002c284831000 DEOPT UNPACKING pc=0x000002c28e84912f sp=0x000000d2307fcc98 mode 2
Event: 1.290 Thread 0x000002c284831000 DEOPT PACKING pc=0x000002c28efd1ce7 sp=0x000000d2307fe1f0
Event: 1.290 Thread 0x000002c284831000 DEOPT UNPACKING pc=0x000002c28e84964e sp=0x000000d2307fd698 mode 0
Event: 1.292 Thread 0x000002c284831000 DEOPT PACKING pc=0x000002c28f01f55f sp=0x000000d2307fe1f0
Event: 1.292 Thread 0x000002c284831000 DEOPT UNPACKING pc=0x000002c28e84964e sp=0x000000d2307fd698 mode 0
Event: 1.301 Thread 0x000002c284831000 Uncommon trap: trap_request=0xffffff45 fr.pc=0x000002c29631968c relative=0x000000000000006c
Event: 1.301 Thread 0x000002c284831000 Uncommon trap: reason=unstable_if action=reinterpret pc=0x000002c29631968c method=com.sun.tools.javac.jvm.PoolReader.sizeof(I)I @ 1 c2
Event: 1.301 Thread 0x000002c284831000 DEOPT PACKING pc=0x000002c29631968c sp=0x000000d2307fdba0
Event: 1.301 Thread 0x000002c284831000 DEOPT UNPACKING pc=0x000002c28e84912f sp=0x000000d2307fdb30 mode 2
Event: 1.319 Thread 0x000002c284831000 DEOPT PACKING pc=0x000002c28f01f55f sp=0x000000d2307fdea0
Event: 1.319 Thread 0x000002c284831000 DEOPT UNPACKING pc=0x000002c28e84964e sp=0x000000d2307fd348 mode 0
Event: 1.357 Thread 0x000002c284831000 DEOPT PACKING pc=0x000002c28f01f55f sp=0x000000d2307fe020
Event: 1.357 Thread 0x000002c284831000 DEOPT UNPACKING pc=0x000002c28e84964e sp=0x000000d2307fd4c8 mode 0
Event: 1.357 Thread 0x000002c284831000 DEOPT PACKING pc=0x000002c28f023360 sp=0x000000d2307fde90
Event: 1.357 Thread 0x000002c284831000 DEOPT UNPACKING pc=0x000002c28e84964e sp=0x000000d2307fd3c0 mode 0
Event: 1.359 Thread 0x000002c284831000 DEOPT PACKING pc=0x000002c28f01f55f sp=0x000000d2307fdef0
Event: 1.359 Thread 0x000002c284831000 DEOPT UNPACKING pc=0x000002c28e84964e sp=0x000000d2307fd398 mode 0
Event: 1.361 Thread 0x000002c284831000 DEOPT PACKING pc=0x000002c28f01f55f sp=0x000000d2307fdef0
Event: 1.361 Thread 0x000002c284831000 DEOPT UNPACKING pc=0x000002c28e84964e sp=0x000000d2307fd398 mode 0

Classes unloaded (0 events):
No events

Classes redefined (0 events):
No events

Internal exceptions (20 events):
Event: 1.208 Thread 0x000002c284831000 Exception <a 'sun/nio/fs/WindowsException'{0x00000000c5e9cdb8}> (0x00000000c5e9cdb8) 
thrown [./open/src/hotspot/share/prims/jni.cpp, line 599]
Event: 1.208 Thread 0x000002c284831000 Exception <a 'sun/nio/fs/WindowsException'{0x00000000c5e9d138}> (0x00000000c5e9d138) 
thrown [./open/src/hotspot/share/prims/jni.cpp, line 599]
Event: 1.208 Thread 0x000002c284831000 Exception <a 'sun/nio/fs/WindowsException'{0x00000000c5e9dc38}> (0x00000000c5e9dc38) 
thrown [./open/src/hotspot/share/prims/jni.cpp, line 599]
Event: 1.214 Thread 0x000002c284831000 Exception <a 'sun/nio/fs/WindowsException'{0x00000000c5eaaff0}> (0x00000000c5eaaff0) 
thrown [./open/src/hotspot/share/prims/jni.cpp, line 599]
Event: 1.214 Thread 0x000002c284831000 Exception <a 'sun/nio/fs/WindowsException'{0x00000000c5eab320}> (0x00000000c5eab320) 
thrown [./open/src/hotspot/share/prims/jni.cpp, line 599]
Event: 1.214 Thread 0x000002c284831000 Exception <a 'sun/nio/fs/WindowsException'{0x00000000c5eac140}> (0x00000000c5eac140) 
thrown [./open/src/hotspot/share/prims/jni.cpp, line 599]
Event: 1.214 Thread 0x000002c284831000 Exception <a 'sun/nio/fs/WindowsException'{0x00000000c5eac380}> (0x00000000c5eac380) 
thrown [./open/src/hotspot/share/prims/jni.cpp, line 599]
Event: 1.215 Thread 0x000002c284831000 Exception <a 'sun/nio/fs/WindowsException'{0x00000000c5ead2c0}> (0x00000000c5ead2c0) 
thrown [./open/src/hotspot/share/prims/jni.cpp, line 599]
Event: 1.215 Thread 0x000002c284831000 Exception <a 'sun/nio/fs/WindowsException'{0x00000000c5ead638}> (0x00000000c5ead638) 
thrown [./open/src/hotspot/share/prims/jni.cpp, line 599]
Event: 1.215 Thread 0x000002c284831000 Exception <a 'sun/nio/fs/WindowsException'{0x00000000c5eae688}> (0x00000000c5eae688) 
thrown [./open/src/hotspot/share/prims/jni.cpp, line 599]
Event: 1.215 Thread 0x000002c284831000 Exception <a 'sun/nio/fs/WindowsException'{0x00000000c5eae978}> (0x00000000c5eae978) 
thrown [./open/src/hotspot/share/prims/jni.cpp, line 599]
Event: 1.247 Thread 0x000002c284831000 Exception <a 'java/lang/NoSuchMethodError'{0x00000000c61acb60}: 'java.lang.Object java.lang.invoke.DirectMethodHandle$Holder.invokeStatic(java.lang.Object, java.lang.Object, int, int)'> (0x00000000c61acb60) 
thrown [./open/src/hotspot/share/interpreter/linkResolver.cpp, line 766]
Event: 1.263 Thread 0x000002c284831000 Exception <a 'sun/nio/fs/WindowsException'{0x00000000c601cc20}> (0x00000000c601cc20) 
thrown [./open/src/hotspot/share/prims/jni.cpp, line 599]
Event: 1.263 Thread 0x000002c284831000 Exception <a 'sun/nio/fs/WindowsException'{0x00000000c601cf50}> (0x00000000c601cf50) 
thrown [./open/src/hotspot/share/prims/jni.cpp, line 599]
Event: 1.264 Thread 0x000002c284831000 Exception <a 'sun/nio/fs/WindowsException'{0x00000000c60204f0}> (0x00000000c60204f0) 
thrown [./open/src/hotspot/share/prims/jni.cpp, line 599]
Event: 1.264 Thread 0x000002c284831000 Exception <a 'sun/nio/fs/WindowsException'{0x00000000c6020740}> (0x00000000c6020740) 
thrown [./open/src/hotspot/share/prims/jni.cpp, line 599]
Event: 1.264 Thread 0x000002c284831000 Exception <a 'sun/nio/fs/WindowsException'{0x00000000c6021690}> (0x00000000c6021690) 
thrown [./open/src/hotspot/share/prims/jni.cpp, line 599]
Event: 1.264 Thread 0x000002c284831000 Exception <a 'sun/nio/fs/WindowsException'{0x00000000c6021a10}> (0x00000000c6021a10) 
thrown [./open/src/hotspot/share/prims/jni.cpp, line 599]
Event: 1.265 Thread 0x000002c284831000 Exception <a 'sun/nio/fs/WindowsException'{0x00000000c6022a60}> (0x00000000c6022a60) 
thrown [./open/src/hotspot/share/prims/jni.cpp, line 599]
Event: 1.265 Thread 0x000002c284831000 Exception <a 'sun/nio/fs/WindowsException'{0x00000000c6022d58}> (0x00000000c6022d58) 
thrown [./open/src/hotspot/share/prims/jni.cpp, line 599]

Events (20 events):
Event: 1.106 loading class java/nio/file/Files$2 done
Event: 1.108 loading class sun/nio/fs/WindowsPath$WindowsPathWithAttributes
Event: 1.108 loading class sun/nio/fs/WindowsPath$WindowsPathWithAttributes done
Event: 1.108 Executing VM operation: HandshakeAllThreads
Event: 1.108 Executing VM operation: HandshakeAllThreads done
Event: 1.228 Executing VM operation: G1CollectForAllocation
Event: 1.232 Executing VM operation: G1CollectForAllocation done
Event: 1.255 loading class java/util/regex/Pattern$Dollar
Event: 1.255 loading class java/util/regex/Pattern$Dollar done
Event: 1.255 loading class jdk/internal/jimage/ImageReader$LinkNode
Event: 1.256 loading class jdk/internal/jimage/ImageReader$LinkNode done
Event: 1.256 Executing VM operation: HandshakeAllThreads
Event: 1.256 Executing VM operation: HandshakeAllThreads done
Event: 1.263 loading class java/nio/file/FileTreeWalker$1
Event: 1.264 loading class java/nio/file/FileTreeWalker$1 done
Event: 1.281 Executing VM operation: G1CollectForAllocation
Event: 1.286 Executing VM operation: G1CollectForAllocation done
Event: 1.342 Executing VM operation: G1CollectForAllocation
Event: 1.346 Executing VM operation: G1CollectForAllocation done
Event: 1.363 Executing VM operation: G1CollectForAllocation


Dynamic libraries:
0x00007ff673420000 - 0x00007ff673427000 	C:\Program Files\Java\jdk-14.0.2\bin\javac.exe
0x00007ffc4a880000 - 0x00007ffc4aa70000 	C:\Windows\SYSTEM32\ntdll.dll
0x00007ffc49e60000 - 0x00007ffc49f12000 	C:\Windows\System32\KERNEL32.DLL
0x00007ffc48680000 - 0x00007ffc48925000 	C:\Windows\System32\KERNELBASE.dll
0x00007ffc47ca0000 - 0x00007ffc47d9a000 	C:\Windows\System32\ucrtbase.dll
0x00007ffc27b70000 - 0x00007ffc27b88000 	C:\Program Files\Java\jdk-14.0.2\bin\jli.dll
0x00007ffc4a250000 - 0x00007ffc4a2f3000 	C:\Windows\System32\ADVAPI32.dll
0x00007ffc494a0000 - 0x00007ffc4953e000 	C:\Windows\System32\msvcrt.dll
0x00007ffc49880000 - 0x00007ffc49917000 	C:\Windows\System32\sechost.dll
0x00007ffc4a3e0000 - 0x00007ffc4a4ff000 	C:\Windows\System32\RPCRT4.dll
0x00007ffc49f20000 - 0x00007ffc4a0b4000 	C:\Windows\System32\USER32.dll
0x00007ffc47da0000 - 0x00007ffc47dc1000 	C:\Windows\System32\win32u.dll
0x00007ffc4a220000 - 0x00007ffc4a246000 	C:\Windows\System32\GDI32.dll
0x00007ffc47950000 - 0x00007ffc47ae8000 	C:\Windows\System32\gdi32full.dll
0x00007ffc47af0000 - 0x00007ffc47b8e000 	C:\Windows\System32\msvcp_win.dll
0x00007ffc36c30000 - 0x00007ffc36c45000 	C:\Program Files\Java\jdk-14.0.2\bin\VCRUNTIME140.dll
0x00007ffc39560000 - 0x00007ffc397e4000 	C:\Windows\WinSxS\amd64_microsoft.windows.common-controls_6595b64144ccf1df_6.0.18362.1556_none_9e7e372fe45e41d5\COMCTL32.dll
0x00007ffc4a500000 - 0x00007ffc4a836000 	C:\Windows\System32\combase.dll
0x00007ffc47e70000 - 0x00007ffc47ef1000 	C:\Windows\System32\bcryptPrimitives.dll
0x00007ffc3af60000 - 0x00007ffc3af6a000 	C:\Windows\SYSTEM32\VERSION.dll
0x00007ffc4a0c0000 - 0x00007ffc4a0ee000 	C:\Windows\System32\IMM32.DLL
0x00007ffc1b180000 - 0x00007ffc1b21b000 	C:\Program Files\Java\jdk-14.0.2\bin\msvcp140.dll
0x00007ffc03490000 - 0x00007ffc03fae000 	C:\Program Files\Java\jdk-14.0.2\bin\server\jvm.dll
0x00007ffc48bc0000 - 0x00007ffc48bc8000 	C:\Windows\System32\PSAPI.DLL
0x00007ffc31570000 - 0x00007ffc31579000 	C:\Windows\SYSTEM32\WSOCK32.dll
0x00007ffc49df0000 - 0x00007ffc49e5f000 	C:\Windows\System32\WS2_32.dll
0x00007ffc44250000 - 0x00007ffc44274000 	C:\Windows\SYSTEM32\WINMM.dll
0x00007ffc44220000 - 0x00007ffc4424d000 	C:\Windows\SYSTEM32\WINMMBASE.dll
0x00007ffc47e20000 - 0x00007ffc47e6a000 	C:\Windows\System32\cfgmgr32.dll
0x00007ffc477b0000 - 0x00007ffc477c1000 	C:\Windows\System32\kernel.appcore.dll
0x00007ffc40da0000 - 0x00007ffc40daa000 	C:\Program Files\Java\jdk-14.0.2\bin\jimage.dll
0x00007ffc33d60000 - 0x00007ffc33f54000 	C:\Windows\SYSTEM32\DBGHELP.DLL
0x00007ffc2e170000 - 0x00007ffc2e19a000 	C:\Windows\SYSTEM32\dbgcore.DLL
0x00007ffc2e530000 - 0x00007ffc2e555000 	C:\Program Files\Java\jdk-14.0.2\bin\java.dll
0x00007ffc35b20000 - 0x00007ffc35b36000 	C:\Program Files\Java\jdk-14.0.2\bin\zip.dll
0x00007ffc48be0000 - 0x00007ffc492c7000 	C:\Windows\System32\SHELL32.dll
0x00007ffc49680000 - 0x00007ffc49728000 	C:\Windows\System32\shcore.dll
0x00007ffc47f00000 - 0x00007ffc4867b000 	C:\Windows\System32\windows.storage.dll
0x00007ffc477d0000 - 0x00007ffc477ee000 	C:\Windows\System32\profapi.dll
0x00007ffc47760000 - 0x00007ffc477aa000 	C:\Windows\System32\powrprof.dll
0x00007ffc47730000 - 0x00007ffc47740000 	C:\Windows\System32\UMPDC.dll
0x00007ffc49d90000 - 0x00007ffc49de2000 	C:\Windows\System32\shlwapi.dll
0x00007ffc47e00000 - 0x00007ffc47e17000 	C:\Windows\System32\cryptsp.dll
0x00007ffc358a0000 - 0x00007ffc358b9000 	C:\Program Files\Java\jdk-14.0.2\bin\net.dll
0x00007ffc3b160000 - 0x00007ffc3b25a000 	C:\Windows\SYSTEM32\WINHTTP.dll
0x00007ffc46f70000 - 0x00007ffc46fd7000 	C:\Windows\system32\mswsock.dll
0x00007ffc35470000 - 0x00007ffc35482000 	C:\Program Files\Java\jdk-14.0.2\bin\nio.dll

dbghelp: loaded successfully - version: 4.0.5 - missing functions: none
symbol engine: initialized successfully - sym options: 0x614 - pdb path: .;C:\Program Files\Java\jdk-14.0.2\bin;C:\Windows\SYSTEM32;C:\Windows\WinSxS\amd64_microsoft.windows.common-controls_6595b64144ccf1df_6.0.18362.1556_none_9e7e372fe45e41d5;C:\Program Files\Java\jdk-14.0.2\bin\server

VM Arguments:
jvm_args: -Dapplication.home=C:\Program Files\Java\jdk-14.0.2 --add-modules=ALL-DEFAULT -Xms8m -Djdk.module.main=jdk.compiler 
java_command: jdk.compiler/com.sun.tools.javac.Main -d C:\Users\admin\Documents\NetBeansProjects\Travel Managment System\build\classes -classpath C:\Users\admin\Documents\NetBeansProjects\Travel Managment System\build\classes;C:\Users\admin\Documents\NetBeansProjects\Travel Managment System\mysql-connector-java-8.0.23\mysql-connector-java-8.0.23.jar;F:\netbeans\netbeans\ide\modules\ext\jaxb\activation.jar;F:\netbeans\netbeans\enterprise\modules\ext\metro\webservices-api.jar;F:\netbeans\netbeans\enterprise\modules\ext\metro\webservices-extra-api.jar;F:\netbeans\netbeans\enterprise\modules\ext\metro\webservices-extra.jar;F:\netbeans\netbeans\enterprise\modules\ext\metro\webservices-rt.jar;F:\netbeans\netbeans\enterprise\modules\ext\metro\webservices-tools.jar;C:\Users\admin\Documents\NetBeansProjects;C:\Users\admin\Documents\NetBeansProjects\Travel Managment System\src\travel\management\Jar;C:\Users\admin\Documents\NetBeansProjects\Travel Managment System\src\travel\management\Jar\rs2xml.jar;C:\Users\admin\Documents\Hosp\mysql-connector-java-8.0.23\rs2xml.jar;F:\netbeans\netbeans\java\modules\ext\AbsoluteLayout.jar -sourcepath C:\Users\admin\Documents\NetBeansProjects\Travel Managment System\src -target 14 -encoding UTF-8 -g --enable-preview -processorpath C:\Users\admin\Documents\NetBeansProjects\Travel Managment System\mysql-connector-java-8.0.23\mysql-connector-java-8.0.23.jar;F:\netbeans\netbeans\ide\modules\ext\jaxb\activation.jar;F:\netbeans\netbeans\enterprise\modules\ext\metro\webservices-api.jar;F:\netbeans\netbeans\enterprise\modules\ext\metro\webservices-extra-api.jar;F:\netbeans\netbeans\enterprise\modules\ext\metro\webservices-extra.jar;F:\netbeans\netbeans\enterprise\modules\ext\metro\webservices-rt.jar;F:\netbeans\netbeans\enterprise\modules\ext\metro\webservices-tools.jar;C:\Users\admin\Documents\NetBeansProjects;C:\Users\admin\Documents\NetBeansProjects\Travel Managment System\src\travel\management\Jar;C:\Users\admin\Documents\NetBeansProjects\Trave
java_class_path (initial): <not set>
Launcher Type: SUN_STANDARD

[Global flags]
     intx CICompilerCount                          = 3                                         {product} {ergonomic}
     uint ConcGCThreads                            = 1                                         {product} {ergonomic}
     uint G1ConcRefinementThreads                  = 4                                         {product} {ergonomic}
   size_t G1HeapRegionSize                         = 1048576                                   {product} {ergonomic}
    uintx GCDrainStackTargetSize                   = 64                                        {product} {ergonomic}
   size_t InitialHeapSize                          = 8388608                                   {product} {command line}
   size_t MarkStackSize                            = 4194304                                   {product} {ergonomic}
   size_t MaxHeapSize                              = 996147200                                 {product} {ergonomic}
   size_t MaxNewSize                               = 597688320                                 {product} {ergonomic}
   size_t MinHeapDeltaBytes                        = 1048576                                   {product} {ergonomic}
   size_t MinHeapSize                              = 8388608                                   {product} {command line}
    uintx NonNMethodCodeHeapSize                   = 5832780                                {pd product} {ergonomic}
    uintx NonProfiledCodeHeapSize                  = 122912730                              {pd product} {ergonomic}
    uintx ProfiledCodeHeapSize                     = 122912730                              {pd product} {ergonomic}
    uintx ReservedCodeCacheSize                    = 251658240                              {pd product} {ergonomic}
     bool SegmentedCodeCache                       = true                                      {product} {ergonomic}
   size_t SoftMaxHeapSize                          = 996147200                              {manageable} {ergonomic}
     bool UseCompressedClassPointers               = true                                 {lp64_product} {ergonomic}
     bool UseCompressedOops                        = true                                 {lp64_product} {ergonomic}
     bool UseG1GC                                  = true                                      {product} {ergonomic}
     bool UseLargePagesIndividualAllocation        = false                                  {pd product} {ergonomic}

Logging:
Log output configuration:
 #0: stdout all=warning uptime,level,tags
 #1: stderr all=off uptime,level,tags

Environment Variables:
JAVA_HOME=C:\Program Files\Java\jdk-14.0.2
PATH=C:\Windows\system32;C:\Windows;C:\Windows\System32\Wbem;C:\Windows\System32\WindowsPowerShell\v1.0\;C:\Windows\System32\OpenSSH\;C:\Program Files\Java\jdk-14.0.2\bin;c:\Program Files (x86)\Microsoft SQL Server\90\Tools\binn\;C:\Program Files\MySQL\MySQL Server 5.5\bin;C:\Program Files\Microsoft VS Code\bin;C:\Program Files\Git\cmd;C:\Program Files\Java\jdk-14.0.2\bin;C:\Program Files (x86)\mingw-w64\i686-8.1.0-posix-dwarf-rt_v6-rev0\mingw32\bin;C:\Program Files\Java\jdk-14.0.2\bin;C:\Program Files\nodejs;C:\Program Files\nodejs\;C:\Program Files\Java\jdk-14.0.2\bin;C:\Program Files\nodejs;C:\Users\admin\AppData\Roaming\npm
USERNAME=admin
OS=Windows_NT
PROCESSOR_IDENTIFIER=Intel64 Family 6 Model 78 Stepping 3, GenuineIntel



---------------  S Y S T E M  ---------------

OS: Windows 10 , 64 bit Build 18362 (10.0.18362.1500)
OS uptime: 14 days 22:40 hours

CPU:total 4 (initial active 4) (2 cores per cpu, 2 threads per core) family 6 model 78 stepping 3, cmov, cx8, fxsr, mmx, sse, sse2, sse3, ssse3, sse4.1, sse4.2, popcnt, avx, avx2, aes, clmul, erms, rtm, 3dnowpref, lzcnt, ht, tsc, tscinvbit, bmi1, bmi2, adx, fma

Memory: 4k page, system-wide physical 3795M (341M free)
TotalPageFile size 15571M (AvailPageFile size 2M)
current process WorkingSet (physical memory assigned to process): 84M, peak: 84M
current process commit charge ("private bytes"): 115M, peak: 132M

vm_info: Java HotSpot(TM) 64-Bit Server VM (14.0.2+12-46) for windows-amd64 JRE (14.0.2+12-46), built on Jul  9 2020 00:35:52 by "mach5one" with MS VC++ 15.9 (VS2017)

END.
