#
# There is insufficient memory for the Java Runtime Environment to continue.
# Native memory allocation (malloc) failed to allocate 356016 bytes for Chunk::new
# Possible reasons:
#   The system is out of physical RAM or swap space
#   The process is running with CompressedOops enabled, and the Java Heap may be blocking the growth of the native heap
# Possible solutions:
#   Reduce memory load on the system
#   Increase physical memory or swap space
#   Check if swap backing store is full
#   Decrease Java heap size (-Xmx/-Xms)
#   Decrease number of Java threads
#   Decrease Java thread stack sizes (-Xss)
#   Set larger code cache with -XX:ReservedCodeCacheSize=
#   JVM is running with Unscaled Compressed Oops mode in which the Java heap is
#     placed in the first 4GB address space. The Java Heap base address is the
#     maximum limit for the native heap growth. Please use -XX:HeapBaseMinAddress
#     to set the Java Heap base and to place the Java Heap above 4GB virtual address.
# This output file may be truncated or incomplete.
#
#  Out of Memory Error (./open/src/hotspot/share/memory/arena.cpp:195), pid=33752, tid=31144
#
# JRE version: Java(TM) SE Runtime Environment (14.0.2+12) (build 14.0.2+12-46)
# Java VM: Java HotSpot(TM) 64-Bit Server VM (14.0.2+12-46, mixed mode, sharing, tiered, compressed oops, g1 gc, windows-amd64)
# No core dump will be written. Minidumps are not enabled by default on client versions of Windows
#

---------------  S U M M A R Y ------------

Command Line: -Dfile.encoding=UTF-8 travel.managment.system.Payment

Host: Intel(R) Core(TM) i3-6100U CPU @ 2.30GHz, 4 cores, 3G,  Windows 10 , 64 bit Build 18362 (10.0.18362.1500)
Time: Tue Mar 29 10:35:07 2022 India Standard Time elapsed time: 1 seconds (0d 0h 0m 1s)

---------------  T H R E A D  ---------------

Current thread (0x000002b4dec6f800):  JavaThread "C2 CompilerThread1" daemon [_thread_in_native, id=31144, stack(0x000000c700100000,0x000000c700200000)]


Current CompileTask:
C2:   1698 1439   !   4       sun.font.TrueTypeFont::getTableBuffer (199 bytes)

Stack: [0x000000c700100000,0x000000c700200000]
Native frames: (J=compiled Java code, j=interpreted, Vv=VM code, C=native code)
V  [jvm.dll+0x5f8a9a]
V  [jvm.dll+0x74247a]
V  [jvm.dll+0x743c2f]
V  [jvm.dll+0x744273]
V  [jvm.dll+0x20d288]
V  [jvm.dll+0xabb07]
V  [jvm.dll+0xac1fc]
V  [jvm.dll+0x276db4]
V  [jvm.dll+0x50cffa]
V  [jvm.dll+0x1ee1da]
V  [jvm.dll+0x1e7cfb]
V  [jvm.dll+0x1e4f98]
V  [jvm.dll+0x1779cc]
V  [jvm.dll+0x1f4105]
V  [jvm.dll+0x1f22eb]
V  [jvm.dll+0x7070cd]
V  [jvm.dll+0x6ffeda]
V  [jvm.dll+0x5f78f6]
C  [ucrtbase.dll+0x210b2]
C  [KERNEL32.DLL+0x17c24]
C  [ntdll.dll+0x6d721]


---------------  P R O C E S S  ---------------

Threads class SMR info:
_java_thread_list=0x000002b4dec078f0, length=19, elements={
0x000002b4dd250000, 0x000002b4dd252800, 0x000002b4dd268000, 0x000002b4dd26b000,
0x000002b4dd26c000, 0x000002b4dd26e800, 0x000002b4dd270800, 0x000002b4dd2e5000,
0x000002b4ddccd000, 0x000002b4ddce0800, 0x000002b4ddf0f000, 0x000002b4ddf1d000,
0x000002b4ddf1e000, 0x000002b4ddfae000, 0x000002b4de6d3000, 0x000002b4decc6800,
0x000002b4c139d800, 0x000002b4dec6f800, 0x000002b4dec6f000
}

Java Threads: ( => current thread )
  0x000002b4dd250000 JavaThread "Reference Handler" daemon [_thread_blocked, id=35852, stack(0x000000c77e700000,0x000000c77e800000)]
  0x000002b4dd252800 JavaThread "Finalizer" daemon [_thread_blocked, id=17828, stack(0x000000c77e800000,0x000000c77e900000)]
  0x000002b4dd268000 JavaThread "Signal Dispatcher" daemon [_thread_blocked, id=36400, stack(0x000000c77e900000,0x000000c77ea00000)]
  0x000002b4dd26b000 JavaThread "Attach Listener" daemon [_thread_blocked, id=31924, stack(0x000000c77ea00000,0x000000c77eb00000)]
  0x000002b4dd26c000 JavaThread "Service Thread" daemon [_thread_blocked, id=35476, stack(0x000000c77eb00000,0x000000c77ec00000)]
  0x000002b4dd26e800 JavaThread "C2 CompilerThread0" daemon [_thread_blocked, id=36320, stack(0x000000c77ec00000,0x000000c77ed00000)]
  0x000002b4dd270800 JavaThread "C1 CompilerThread0" daemon [_thread_blocked, id=36124, stack(0x000000c77ed00000,0x000000c77ee00000)]
  0x000002b4dd2e5000 JavaThread "Sweeper thread" daemon [_thread_blocked, id=34756, stack(0x000000c77ee00000,0x000000c77ef00000)]
  0x000002b4ddccd000 JavaThread "Notification Thread" daemon [_thread_blocked, id=6332, stack(0x000000c77ef00000,0x000000c77f000000)]
  0x000002b4ddce0800 JavaThread "Common-Cleaner" daemon [_thread_blocked, id=36632, stack(0x000000c77f100000,0x000000c77f200000)]
  0x000002b4ddf0f000 JavaThread "Java2D Disposer" daemon [_thread_blocked, id=36772, stack(0x000000c77f300000,0x000000c77f400000)]
  0x000002b4ddf1d000 JavaThread "AWT-Shutdown" [_thread_blocked, id=36728, stack(0x000000c77f400000,0x000000c77f500000)]
  0x000002b4ddf1e000 JavaThread "AWT-Windows" daemon [_thread_in_native, id=32076, stack(0x000000c77f500000,0x000000c77f600000)]
  0x000002b4ddfae000 JavaThread "Image Fetcher 0" daemon [_thread_blocked, id=36256, stack(0x000000c77f600000,0x000000c77f700000)]
  0x000002b4de6d3000 JavaThread "mysql-cj-abandoned-connection-cleanup" daemon [_thread_blocked, id=856, stack(0x000000c77f800000,0x000000c77f900000)]
  0x000002b4decc6800 JavaThread "AWT-EventQueue-0" [_thread_blocked, id=36844, stack(0x000000c77fd00000,0x000000c77fe00000)]
  0x000002b4c139d800 JavaThread "DestroyJavaVM" [_thread_blocked, id=36708, stack(0x000000c77e000000,0x000000c77e100000)]
=>0x000002b4dec6f800 JavaThread "C2 CompilerThread1" daemon [_thread_in_native, id=31144, stack(0x000000c700100000,0x000000c700200000)]
  0x000002b4dec6f000 JavaThread "TimerQueue" daemon [_thread_blocked, id=35500, stack(0x000000c700200000,0x000000c700300000)]

Other Threads:
  0x000002b4dd241000 VMThread "VM Thread" [stack: 0x000000c77e600000,0x000000c77e700000] [id=33892]
  0x000002b4ddcd2800 WatcherThread [stack: 0x000000c77f000000,0x000000c77f100000] [id=36296]
  0x000002b4c13cc800 GCTaskThread "GC Thread#0" [stack: 0x000000c77e100000,0x000000c77e200000] [id=34056]
  0x000002b4dead6800 GCTaskThread "GC Thread#1" [stack: 0x000000c77f900000,0x000000c77fa00000] [id=36196]
  0x000002b4ddd24800 GCTaskThread "GC Thread#2" [stack: 0x000000c77fa00000,0x000000c77fb00000] [id=34592]
  0x000002b4ddd25800 GCTaskThread "GC Thread#3" [stack: 0x000000c77fb00000,0x000000c77fc00000] [id=36588]
  0x000002b4c13d8800 ConcurrentGCThread "G1 Main Marker" [stack: 0x000000c77e200000,0x000000c77e300000] [id=36552]
  0x000002b4c13d9800 ConcurrentGCThread "G1 Conc#0" [stack: 0x000000c77e300000,0x000000c77e400000] [id=36732]
  0x000002b4c142b000 ConcurrentGCThread "G1 Refine#0" [stack: 0x000000c77e400000,0x000000c77e500000] [id=31976]
  0x000002b4deac6000 ConcurrentGCThread "G1 Refine#1" [stack: 0x000000c77fc00000,0x000000c77fd00000] [id=34072]
  0x000002b4c142c000 ConcurrentGCThread "G1 Young RemSet Sampling" [stack: 0x000000c77e500000,0x000000c77e600000] [id=35820]

Threads with active compile tasks:
C2 CompilerThread1     1914 1439   !   4       sun.font.TrueTypeFont::getTableBuffer (199 bytes)

VM state:not at safepoint (normal execution)

VM Mutex/Monitor currently owned by a thread: None

Heap address: 0x00000000c4a00000, size: 950 MB, Compressed Oops mode: 32-bit
Narrow klass base: 0x0000000800000000, Narrow klass shift: 3
Compressed class space size: 1073741824 Address: 0x0000000800b30000

Heap:
 garbage-first heap   total 61440K, used 17408K [0x00000000c4a00000, 0x0000000100000000)
  region size 1024K, 7 young (7168K), 2 survivors (2048K)
 Metaspace       used 12652K, capacity 13035K, committed 13184K, reserved 1060864K
  class space    used 1433K, capacity 1566K, committed 1664K, reserved 1048576K
Heap Regions: E=young(eden), S=young(survivor), O=old, HS=humongous(starts), HC=humongous(continues), CS=collection set, F=free, OA=open archive, CA=closed archive, TAMS=top-at-mark-start (previous, next)
|   0|0x00000000c4a00000, 0x00000000c4b00000, 0x00000000c4b00000|100%|HS|  |TAMS 0x00000000c4a00000, 0x00000000c4a00000| Complete 
|   1|0x00000000c4b00000, 0x00000000c4c00000, 0x00000000c4c00000|100%|HS|  |TAMS 0x00000000c4b00000, 0x00000000c4b00000| Complete 
|   2|0x00000000c4c00000, 0x00000000c4d00000, 0x00000000c4d00000|100%|HC|  |TAMS 0x00000000c4c00000, 0x00000000c4c00000| Complete 
|   3|0x00000000c4d00000, 0x00000000c4e00000, 0x00000000c4e00000|100%|HC|  |TAMS 0x00000000c4d00000, 0x00000000c4d00000| Complete 
|   4|0x00000000c4e00000, 0x00000000c4f00000, 0x00000000c4f00000|100%|HS|  |TAMS 0x00000000c4e00000, 0x00000000c4e00000| Complete 
|   5|0x00000000c4f00000, 0x00000000c5000000, 0x00000000c5000000|100%| O|  |TAMS 0x00000000c4f00000, 0x00000000c4f00000| Untracked 
|   6|0x00000000c5000000, 0x00000000c5100000, 0x00000000c5100000|100%| O|  |TAMS 0x00000000c5000000, 0x00000000c5000000| Untracked 
|   7|0x00000000c5100000, 0x00000000c5200000, 0x00000000c5200000|100%|HS|  |TAMS 0x00000000c5100000, 0x00000000c5100000| Complete 
|   8|0x00000000c5200000, 0x00000000c5300000, 0x00000000c5300000|100%|HC|  |TAMS 0x00000000c5200000, 0x00000000c5200000| Complete 
|   9|0x00000000c5300000, 0x00000000c5400000, 0x00000000c5400000|100%| O|  |TAMS 0x00000000c5300000, 0x00000000c5300000| Untracked 
|  10|0x00000000c5400000, 0x00000000c5500000, 0x00000000c5500000|100%| O|  |TAMS 0x00000000c5400000, 0x00000000c5400000| Untracked 
|  11|0x00000000c5500000, 0x00000000c5500000, 0x00000000c5600000|  0%| F|  |TAMS 0x00000000c5500000, 0x00000000c5500000| Untracked 
|  12|0x00000000c5600000, 0x00000000c5600000, 0x00000000c5700000|  0%| F|  |TAMS 0x00000000c5600000, 0x00000000c5600000| Untracked 
|  13|0x00000000c5700000, 0x00000000c5700000, 0x00000000c5800000|  0%| F|  |TAMS 0x00000000c5700000, 0x00000000c5700000| Untracked 
|  14|0x00000000c5800000, 0x00000000c5800000, 0x00000000c5900000|  0%| F|  |TAMS 0x00000000c5800000, 0x00000000c5800000| Untracked 
|  15|0x00000000c5900000, 0x00000000c5900000, 0x00000000c5a00000|  0%| F|  |TAMS 0x00000000c5900000, 0x00000000c5900000| Untracked 
|  16|0x00000000c5a00000, 0x00000000c5a00000, 0x00000000c5b00000|  0%| F|  |TAMS 0x00000000c5a00000, 0x00000000c5a00000| Untracked 
|  17|0x00000000c5b00000, 0x00000000c5b00000, 0x00000000c5c00000|  0%| F|  |TAMS 0x00000000c5b00000, 0x00000000c5b00000| Untracked 
|  18|0x00000000c5c00000, 0x00000000c5c00000, 0x00000000c5d00000|  0%| F|  |TAMS 0x00000000c5c00000, 0x00000000c5c00000| Untracked 
|  19|0x00000000c5d00000, 0x00000000c5d00000, 0x00000000c5e00000|  0%| F|  |TAMS 0x00000000c5d00000, 0x00000000c5d00000| Untracked 
|  20|0x00000000c5e00000, 0x00000000c5e00000, 0x00000000c5f00000|  0%| F|  |TAMS 0x00000000c5e00000, 0x00000000c5e00000| Untracked 
|  21|0x00000000c5f00000, 0x00000000c5f00000, 0x00000000c6000000|  0%| F|  |TAMS 0x00000000c5f00000, 0x00000000c5f00000| Untracked 
|  22|0x00000000c6000000, 0x00000000c6000000, 0x00000000c6100000|  0%| F|  |TAMS 0x00000000c6000000, 0x00000000c6000000| Untracked 
|  23|0x00000000c6100000, 0x00000000c6100000, 0x00000000c6200000|  0%| F|  |TAMS 0x00000000c6100000, 0x00000000c6100000| Untracked 
|  24|0x00000000c6200000, 0x00000000c6200000, 0x00000000c6300000|  0%| F|  |TAMS 0x00000000c6200000, 0x00000000c6200000| Untracked 
|  25|0x00000000c6300000, 0x00000000c6300000, 0x00000000c6400000|  0%| F|  |TAMS 0x00000000c6300000, 0x00000000c6300000| Untracked 
|  26|0x00000000c6400000, 0x00000000c6400000, 0x00000000c6500000|  0%| F|  |TAMS 0x00000000c6400000, 0x00000000c6400000| Untracked 
|  27|0x00000000c6500000, 0x00000000c6500000, 0x00000000c6600000|  0%| F|  |TAMS 0x00000000c6500000, 0x00000000c6500000| Untracked 
|  28|0x00000000c6600000, 0x00000000c6600000, 0x00000000c6700000|  0%| F|  |TAMS 0x00000000c6600000, 0x00000000c6600000| Untracked 
|  29|0x00000000c6700000, 0x00000000c6700000, 0x00000000c6800000|  0%| F|  |TAMS 0x00000000c6700000, 0x00000000c6700000| Untracked 
|  30|0x00000000c6800000, 0x00000000c6800000, 0x00000000c6900000|  0%| F|  |TAMS 0x00000000c6800000, 0x00000000c6800000| Untracked 
|  31|0x00000000c6900000, 0x00000000c6900000, 0x00000000c6a00000|  0%| F|  |TAMS 0x00000000c6900000, 0x00000000c6900000| Untracked 
|  32|0x00000000c6a00000, 0x00000000c6a00000, 0x00000000c6b00000|  0%| F|  |TAMS 0x00000000c6a00000, 0x00000000c6a00000| Untracked 
|  33|0x00000000c6b00000, 0x00000000c6b00000, 0x00000000c6c00000|  0%| F|  |TAMS 0x00000000c6b00000, 0x00000000c6b00000| Untracked 
|  34|0x00000000c6c00000, 0x00000000c6c00000, 0x00000000c6d00000|  0%| F|  |TAMS 0x00000000c6c00000, 0x00000000c6c00000| Untracked 
|  35|0x00000000c6d00000, 0x00000000c6d00000, 0x00000000c6e00000|  0%| F|  |TAMS 0x00000000c6d00000, 0x00000000c6d00000| Untracked 
|  36|0x00000000c6e00000, 0x00000000c6e00000, 0x00000000c6f00000|  0%| F|  |TAMS 0x00000000c6e00000, 0x00000000c6e00000| Untracked 
|  37|0x00000000c6f00000, 0x00000000c6f00000, 0x00000000c7000000|  0%| F|  |TAMS 0x00000000c6f00000, 0x00000000c6f00000| Untracked 
|  38|0x00000000c7000000, 0x00000000c7000000, 0x00000000c7100000|  0%| F|  |TAMS 0x00000000c7000000, 0x00000000c7000000| Untracked 
|  39|0x00000000c7100000, 0x00000000c7100000, 0x00000000c7200000|  0%| F|  |TAMS 0x00000000c7100000, 0x00000000c7100000| Untracked 
|  40|0x00000000c7200000, 0x00000000c7200000, 0x00000000c7300000|  0%| F|  |TAMS 0x00000000c7200000, 0x00000000c7200000| Untracked 
|  41|0x00000000c7300000, 0x00000000c7300000, 0x00000000c7400000|  0%| F|  |TAMS 0x00000000c7300000, 0x00000000c7300000| Untracked 
|  42|0x00000000c7400000, 0x00000000c7400000, 0x00000000c7500000|  0%| F|  |TAMS 0x00000000c7400000, 0x00000000c7400000| Untracked 
|  43|0x00000000c7500000, 0x00000000c7500000, 0x00000000c7600000|  0%| F|  |TAMS 0x00000000c7500000, 0x00000000c7500000| Untracked 
|  44|0x00000000c7600000, 0x00000000c7600000, 0x00000000c7700000|  0%| F|  |TAMS 0x00000000c7600000, 0x00000000c7600000| Untracked 
|  45|0x00000000c7700000, 0x00000000c7700000, 0x00000000c7800000|  0%| F|  |TAMS 0x00000000c7700000, 0x00000000c7700000| Untracked 
|  46|0x00000000c7800000, 0x00000000c7800000, 0x00000000c7900000|  0%| F|  |TAMS 0x00000000c7800000, 0x00000000c7800000| Untracked 
|  47|0x00000000c7900000, 0x00000000c7a00000, 0x00000000c7a00000|100%| S|CS|TAMS 0x00000000c7900000, 0x00000000c7900000| Complete 
|  48|0x00000000c7a00000, 0x00000000c7b00000, 0x00000000c7b00000|100%| S|CS|TAMS 0x00000000c7a00000, 0x00000000c7a00000| Complete 
|  49|0x00000000c7b00000, 0x00000000c7b00000, 0x00000000c7c00000|  0%| F|  |TAMS 0x00000000c7b00000, 0x00000000c7b00000| Untracked 
|  50|0x00000000c7c00000, 0x00000000c7c00000, 0x00000000c7d00000|  0%| F|  |TAMS 0x00000000c7c00000, 0x00000000c7c00000| Untracked 
|  51|0x00000000c7d00000, 0x00000000c7d00000, 0x00000000c7e00000|  0%| F|  |TAMS 0x00000000c7d00000, 0x00000000c7d00000| Untracked 
|  52|0x00000000c7e00000, 0x00000000c7e00000, 0x00000000c7f00000|  0%| F|  |TAMS 0x00000000c7e00000, 0x00000000c7e00000| Untracked 
|  53|0x00000000c7f00000, 0x00000000c7f00000, 0x00000000c8000000|  0%| F|  |TAMS 0x00000000c7f00000, 0x00000000c7f00000| Untracked 
|  54|0x00000000c8000000, 0x00000000c8000000, 0x00000000c8100000|  0%| F|  |TAMS 0x00000000c8000000, 0x00000000c8000000| Untracked 
|  55|0x00000000c8100000, 0x00000000c81c9f88, 0x00000000c8200000| 78%| E|  |TAMS 0x00000000c8100000, 0x00000000c8100000| Complete 
|  56|0x00000000c8200000, 0x00000000c8300000, 0x00000000c8300000|100%| E|CS|TAMS 0x00000000c8200000, 0x00000000c8200000| Complete 
|  57|0x00000000c8300000, 0x00000000c8400000, 0x00000000c8400000|100%| E|CS|TAMS 0x00000000c8300000, 0x00000000c8300000| Complete 
|  58|0x00000000c8400000, 0x00000000c8500000, 0x00000000c8500000|100%| E|CS|TAMS 0x00000000c8400000, 0x00000000c8400000| Complete 
|  59|0x00000000c8500000, 0x00000000c8600000, 0x00000000c8600000|100%| E|CS|TAMS 0x00000000c8500000, 0x00000000c8500000| Complete 

Card table byte_map: [0x000002b4d8b40000,0x000002b4d8d20000] _byte_map_base: 0x000002b4d851b000

Marking Bits (Prev, Next): (CMBitMap*) 0x000002b4c13ce1b8, (CMBitMap*) 0x000002b4c13ce1f8
 Prev Bits: [0x000002b4d8f00000, 0x000002b4d9dd8000)
 Next Bits: [0x000002b4d9de0000, 0x000002b4dacb8000)

Polling page: 0x000002b4bf300000

Metaspace:

Usage:
  Non-class:     11.20 MB capacity,    10.96 MB ( 98%) used,   219.73 KB (  2%) free+waste,    29.44 KB ( <1%) overhead. 
      Class:      1.53 MB capacity,     1.40 MB ( 92%) used,   115.67 KB (  7%) free+waste,    17.19 KB (  1%) overhead. 
       Both:     12.73 MB capacity,    12.36 MB ( 97%) used,   335.40 KB (  3%) free+waste,    46.63 KB ( <1%) overhead. 

Virtual space:
  Non-class space:       12.00 MB reserved,      11.25 MB ( 94%) committed 
      Class space:        1.00 GB reserved,       1.63 MB ( <1%) committed 
             Both:        1.01 GB reserved,      12.88 MB (  1%) committed 

Chunk freelists:
   Non-Class:  51.00 KB
       Class:  2.00 KB
        Both:  53.00 KB

MaxMetaspaceSize: 17179869184.00 GB
CompressedClassSpaceSize: 1.00 GB

CodeHeap 'non-profiled nmethods': size=120000Kb used=501Kb max_used=501Kb free=119498Kb
 bounds [0x000002b4d1610000, 0x000002b4d1880000, 0x000002b4d8b40000]
CodeHeap 'profiled nmethods': size=120000Kb used=2807Kb max_used=2807Kb free=117192Kb
 bounds [0x000002b4ca0e0000, 0x000002b4ca3a0000, 0x000002b4d1610000]
CodeHeap 'non-nmethods': size=5760Kb used=1334Kb max_used=1356Kb free=4425Kb
 bounds [0x000002b4c9b40000, 0x000002b4c9db0000, 0x000002b4ca0e0000]
 total_blobs=2101 nmethods=1462 adapters=552
 compilation: enabled
              stopped_count=0, restarted_count=0
 full_count=0

Compilation events (20 events):
Event: 1.660 Thread 0x000002b4dd26e800 nmethod 1438 0x000002b4d168b410 code [0x000002b4d168b5c0, 0x000002b4d168b998]
Event: 1.682 Thread 0x000002b4dd270800 1440       1       java.nio.DirectByteBuffer::isReadOnly (2 bytes)
Event: 1.682 Thread 0x000002b4dd270800 nmethod 1440 0x000002b4d168bb10 code [0x000002b4d168bca0, 0x000002b4d168bd78]
Event: 1.683 Thread 0x000002b4dd270800 1441       1       javax.swing.text.GapVector::getGapEnd (5 bytes)
Event: 1.683 Thread 0x000002b4dd270800 nmethod 1441 0x000002b4d168be10 code [0x000002b4d168bfa0, 0x000002b4d168c078]
Event: 1.683 Thread 0x000002b4dd270800 1442       1       javax.swing.text.GapVector::getGapStart (5 bytes)
Event: 1.683 Thread 0x000002b4dd270800 nmethod 1442 0x000002b4d168c110 code [0x000002b4d168c2a0, 0x000002b4d168c378]
Event: 1.687 Thread 0x000002b4dd270800 1443       1       java.awt.AWTEvent::getID (5 bytes)
Event: 1.687 Thread 0x000002b4dd270800 nmethod 1443 0x000002b4d168c410 code [0x000002b4d168c5a0, 0x000002b4d168c678]
Event: 1.691 Thread 0x000002b4dd270800 1444       3       sun.util.locale.LanguageTag::parse (205 bytes)
Event: 1.693 Thread 0x000002b4dd270800 nmethod 1444 0x000002b4ca387f90 code [0x000002b4ca388320, 0x000002b4ca3899b8]
Event: 1.693 Thread 0x000002b4dd270800 1453       3       sun.util.locale.LanguageTag::parseVariants (98 bytes)
Event: 1.694 Thread 0x000002b4dd270800 nmethod 1453 0x000002b4ca38a190 code [0x000002b4ca38a3c0, 0x000002b4ca38ab88]
Event: 1.694 Thread 0x000002b4dd270800 1445       3       sun.util.locale.ParseStatus::<init> (9 bytes)
Event: 1.694 Thread 0x000002b4dd270800 nmethod 1445 0x000002b4ca38ae10 code [0x000002b4ca38afc0, 0x000002b4ca38b1d8]
Event: 1.695 Thread 0x000002b4dd270800 1446       3       sun.util.locale.ParseStatus::reset (16 bytes)
Event: 1.695 Thread 0x000002b4dd270800 nmethod 1446 0x000002b4ca38b290 code [0x000002b4ca38b420, 0x000002b4ca38b578]
Event: 1.695 Thread 0x000002b4dd270800 1447       3       sun.util.locale.StringTokenIterator::<init> (41 bytes)
Event: 1.695 Thread 0x000002b4dd270800 nmethod 1447 0x000002b4ca38b610 code [0x000002b4ca38b840, 0x000002b4ca38c028]
Event: 1.695 Thread 0x000002b4dd270800 1448       3       sun.util.locale.StringTokenIterator::setStart (62 bytes)

GC Heap History (4 events):
Event: 0.812 GC heap before
{Heap before GC invocations=0 (full 0):
 garbage-first heap   total 61440K, used 18432K [0x00000000c4a00000, 0x0000000100000000)
  region size 1024K, 13 young (13312K), 0 survivors (0K)
 Metaspace       used 7511K, capacity 7874K, committed 7936K, reserved 1056768K
  class space    used 855K, capacity 996K, committed 1024K, reserved 1048576K
}
Event: 0.818 GC heap after
{Heap after GC invocations=1 (full 0):
 garbage-first heap   total 61440K, used 8545K [0x00000000c4a00000, 0x0000000100000000)
  region size 1024K, 2 young (2048K), 2 survivors (2048K)
 Metaspace       used 7511K, capacity 7874K, committed 7936K, reserved 1056768K
  class space    used 855K, capacity 996K, committed 1024K, reserved 1048576K
}
Event: 1.577 GC heap before
{Heap before GC invocations=1 (full 0):
 garbage-first heap   total 61440K, used 20833K [0x00000000c4a00000, 0x0000000100000000)
  region size 1024K, 13 young (13312K), 2 survivors (2048K)
 Metaspace       used 12255K, capacity 12602K, committed 12800K, reserved 1060864K
  class space    used 1377K, capacity 1528K, committed 1536K, reserved 1048576K
}
Event: 1.585 GC heap after
{Heap after GC invocations=2 (full 0):
 garbage-first heap   total 61440K, used 13312K [0x00000000c4a00000, 0x0000000100000000)
  region size 1024K, 2 young (2048K), 2 survivors (2048K)
 Metaspace       used 12255K, capacity 12602K, committed 12800K, reserved 1060864K
  class space    used 1377K, capacity 1528K, committed 1536K, reserved 1048576K
}

Deoptimization events (20 events):
Event: 0.868 Thread 0x000002b4c139d800 Uncommon trap: trap_request=0xffffff45 fr.pc=0x000002b4d164d454 relative=0x0000000000000a74
Event: 0.868 Thread 0x000002b4c139d800 Uncommon trap: reason=unstable_if action=reinterpret pc=0x000002b4d164d454 method=java.util.Properties$LineReader.readLine()I @ 25 c2
Event: 0.868 Thread 0x000002b4c139d800 DEOPT PACKING pc=0x000002b4d164d454 sp=0x000000c77e0fd110
Event: 0.868 Thread 0x000002b4c139d800 DEOPT UNPACKING pc=0x000002b4c9b8912f sp=0x000000c77e0fd0b0 mode 2
Event: 0.912 Thread 0x000002b4c139d800 Uncommon trap: trap_request=0xffffff45 fr.pc=0x000002b4d163a86c relative=0x000000000000098c
Event: 0.912 Thread 0x000002b4c139d800 Uncommon trap: reason=unstable_if action=reinterpret pc=0x000002b4d163a86c method=java.util.HashMap.putVal(ILjava/lang/Object;Ljava/lang/Object;ZZ)Ljava/lang/Object; @ 181 c2
Event: 0.912 Thread 0x000002b4c139d800 DEOPT PACKING pc=0x000002b4d163a86c sp=0x000000c77e0fe320
Event: 0.912 Thread 0x000002b4c139d800 DEOPT UNPACKING pc=0x000002b4c9b8912f sp=0x000000c77e0fe2c0 mode 2
Event: 1.111 Thread 0x000002b4c139d800 Uncommon trap: trap_request=0xffffff45 fr.pc=0x000002b4d1635b80 relative=0x00000000000002c0
Event: 1.111 Thread 0x000002b4c139d800 Uncommon trap: reason=unstable_if action=reinterpret pc=0x000002b4d1635b80 method=java.lang.StringUTF16.compress([CI[BII)I @ 20 c2
Event: 1.111 Thread 0x000002b4c139d800 DEOPT PACKING pc=0x000002b4d1635b80 sp=0x000000c77e0fd4b0
Event: 1.111 Thread 0x000002b4c139d800 DEOPT UNPACKING pc=0x000002b4c9b8912f sp=0x000000c77e0fd430 mode 2
Event: 1.563 Thread 0x000002b4decc6800 Uncommon trap: trap_request=0xffffff45 fr.pc=0x000002b4d162e478 relative=0x0000000000000238
Event: 1.563 Thread 0x000002b4decc6800 Uncommon trap: reason=unstable_if action=reinterpret pc=0x000002b4d162e478 method=java.lang.String.hashCode()I @ 20 c2
Event: 1.563 Thread 0x000002b4decc6800 DEOPT PACKING pc=0x000002b4d162e478 sp=0x000000c77fdfcc70
Event: 1.563 Thread 0x000002b4decc6800 DEOPT UNPACKING pc=0x000002b4c9b8912f sp=0x000000c77fdfcc00 mode 2
Event: 1.599 Thread 0x000002b4de6d3000 Uncommon trap: trap_request=0xffffff45 fr.pc=0x000002b4d16477a0 relative=0x00000000000006a0
Event: 1.599 Thread 0x000002b4de6d3000 Uncommon trap: reason=unstable_if action=reinterpret pc=0x000002b4d16477a0 method=java.util.Properties$LineReader.readLine()I @ 117 c2
Event: 1.599 Thread 0x000002b4de6d3000 DEOPT PACKING pc=0x000002b4d16477a0 sp=0x000000c77f8fe1b0
Event: 1.599 Thread 0x000002b4de6d3000 DEOPT UNPACKING pc=0x000002b4c9b8912f sp=0x000000c77f8fe150 mode 2

Classes unloaded (0 events):
No events

Classes redefined (0 events):
No events

Internal exceptions (16 events):
Event: 0.253 Thread 0x000002b4c139d800 Exception <a 'java/lang/ClassNotFoundException'{0x00000000c84d9538}: sun/awt/resources/spi/awtProvider> (0x00000000c84d9538) 
thrown [./open/src/hotspot/share/classfile/systemDictionary.cpp, line 226]
Event: 0.291 Thread 0x000002b4c139d800 Exception <a 'java/io/FileNotFoundException'{0x00000000c832dfc8}> (0x00000000c832dfc8) 
thrown [./open/src/hotspot/share/prims/jni.cpp, line 599]
Event: 0.299 Thread 0x000002b4c139d800 Exception <a 'java/io/FileNotFoundException'{0x00000000c8354500}> (0x00000000c8354500) 
thrown [./open/src/hotspot/share/prims/jni.cpp, line 599]
Event: 0.366 Thread 0x000002b4ddf1e000 Exception <a 'java/lang/NoSuchMethodError'{0x00000000c83cd248}: 'void java.lang.invoke.DirectMethodHandle$Holder.invokeSpecial(java.lang.Object, java.lang.Object)'> (0x00000000c83cd248) 
thrown [./open/src/hotspot/share/interpreter/linkResolver.cpp, line 766]
Event: 0.408 Thread 0x000002b4c139d800 Exception <a 'java/lang/NoSuchMethodError'{0x00000000c824caa8}: 'java.lang.Object java.lang.invoke.DirectMethodHandle$Holder.invokeStatic(java.lang.Object, int, java.lang.Object, java.lang.Object, java.lang.Object, java.lang.Object)'> (0x00000000c824caa8) 
thrown [./open/src/hotspot/share/interpreter/linkResolver.cpp, line 766]
Event: 0.410 Thread 0x000002b4c139d800 Exception <a 'java/lang/NoSuchMethodError'{0x00000000c82533c8}: 'java.lang.Object java.lang.invoke.DirectMethodHandle$Holder.invokeStatic(java.lang.Object, int, java.lang.Object, java.lang.Object, java.lang.Object)'> (0x00000000c82533c8) 
thrown [./open/src/hotspot/share/interpreter/linkResolver.cpp, line 766]
Event: 0.410 Thread 0x000002b4c139d800 Exception <a 'java/lang/NoSuchMethodError'{0x00000000c8256c88}: 'java.lang.Object java.lang.invoke.DirectMethodHandle$Holder.invokeSpecial(java.lang.Object, java.lang.Object, int, java.lang.Object, java.lang.Object, java.lang.Object)'> (0x00000000c8256c88) 
thrown [./open/src/hotspot/share/interpreter/linkResolver.cpp, line 766]
Event: 0.416 Thread 0x000002b4c139d800 Exception <a 'java/lang/NoSuchMethodError'{0x00000000c826d030}: 'java.lang.Object java.lang.invoke.DirectMethodHandle$Holder.invokeStatic(java.lang.Object, int, java.lang.Object)'> (0x00000000c826d030) 
thrown [./open/src/hotspot/share/interpreter/linkResolver.cpp, line 766]
Event: 0.447 Thread 0x000002b4c139d800 Exception <a 'java/lang/ClassNotFoundException'{0x00000000c8111148}: com/sun/swing/internal/plaf/metal/resources/spi/metalProvider> (0x00000000c8111148) 
thrown [./open/src/hotspot/share/classfile/systemDictionary.cpp, line 226]
Event: 0.448 Thread 0x000002b4c139d800 Exception <a 'java/lang/ClassNotFoundException'{0x00000000c8115470}: com/sun/swing/internal/plaf/basic/resources/spi/basicProvider> (0x00000000c8115470) 
thrown [./open/src/hotspot/share/classfile/systemDictionary.cpp, line 226]
Event: 0.652 Thread 0x000002b4c139d800 Exception <a 'java/lang/NoSuchMethodError'{0x00000000c7b133e8}: 'int java.lang.invoke.DirectMethodHandle$Holder.invokeSpecialIFC(java.lang.Object, java.lang.Object, int)'> (0x00000000c7b133e8) 
thrown [./open/src/hotspot/share/interpreter/linkResolver.cpp, line 766]
Event: 0.752 Thread 0x000002b4c139d800 Exception <a 'java/lang/NoSuchMethodError'{0x00000000c7a266c0}: 'void java.lang.invoke.DirectMethodHandle$Holder.invokeSpecial(java.lang.Object, java.lang.Object, java.lang.Object, java.lang.Object)'> (0x00000000c7a266c0) 
thrown [./open/src/hotspot/share/interpreter/linkResolver.cpp, line 766]
Event: 0.753 Thread 0x000002b4c139d800 Exception <a 'java/lang/NoSuchMethodError'{0x00000000c7a2cd98}: 'java.lang.Object java.lang.invoke.DirectMethodHandle$Holder.invokeVirtual(java.lang.Object, java.lang.Object, java.lang.Object)'> (0x00000000c7a2cd98) 
thrown [./open/src/hotspot/share/interpreter/linkResolver.cpp, line 766]
Event: 1.093 Thread 0x000002b4c139d800 Exception <a 'java/lang/NoSuchMethodError'{0x00000000c80f7fe8}: 'void java.lang.invoke.DirectMethodHandle$Holder.invokeStaticInit(java.lang.Object)'> (0x00000000c80f7fe8) 
thrown [./open/src/hotspot/share/interpreter/linkResolver.cpp, line 766]
Event: 1.131 Thread 0x000002b4c139d800 Exception <a 'java/lang/NoSuchMethodError'{0x00000000c7f4e5c0}: 'java.lang.Object java.lang.invoke.Invokers$Holder.linkToTargetMethod(java.lang.Object, int, java.lang.Object)'> (0x00000000c7f4e5c0) 
thrown [./open/src/hotspot/share/interpreter/linkResolver.cpp, line 766]
Event: 1.601 Thread 0x000002b4de6d3000 Exception <a 'java/lang/NoSuchMethodError'{0x00000000c854e5e8}: 'void java.lang.invoke.DirectMethodHandle$Holder.invokeStaticInit(java.lang.Object, java.lang.Object)'> (0x00000000c854e5e8) 
thrown [./open/src/hotspot/share/interpreter/linkResolver.cpp, line 766]

Events (20 events):
Event: 1.688 loading class sun/awt/im/InputMethodContext
Event: 1.688 loading class java/awt/im/spi/InputMethodContext
Event: 1.688 loading class java/awt/im/InputMethodRequests
Event: 1.688 loading class java/awt/im/InputMethodRequests done
Event: 1.688 loading class java/awt/im/spi/InputMethodContext done
Event: 1.688 loading class sun/awt/im/InputContext
Event: 1.689 loading class sun/awt/im/InputContext done
Event: 1.689 loading class sun/awt/im/InputMethodContext done
Event: 1.689 loading class sun/awt/windows/WInputMethod
Event: 1.689 loading class sun/awt/im/InputMethodAdapter
Event: 1.689 loading class java/awt/im/spi/InputMethod
Event: 1.689 loading class java/awt/im/spi/InputMethod done
Event: 1.689 loading class sun/awt/im/InputMethodAdapter done
Event: 1.689 loading class sun/awt/windows/WInputMethod done
Event: 1.690 Executing VM operation: HandshakeOneThread
Event: 1.690 Executing VM operation: HandshakeOneThread done
Event: 1.692 loading class javax/swing/text/JTextComponent$InputMethodRequestsHandler
Event: 1.692 loading class javax/swing/text/JTextComponent$InputMethodRequestsHandler done
Event: 1.692 Executing VM operation: HandshakeOneThread
Event: 1.692 Executing VM operation: HandshakeOneThread done


Dynamic libraries:
0x00007ff6ce7f0000 - 0x00007ff6ce7ff000 	C:\Program Files\Java\jdk-14.0.2\bin\java.exe
0x00007ff835c40000 - 0x00007ff835e30000 	C:\Windows\SYSTEM32\ntdll.dll
0x00007ff8342e0000 - 0x00007ff834392000 	C:\Windows\System32\KERNEL32.DLL
0x00007ff832e10000 - 0x00007ff8330b5000 	C:\Windows\System32\KERNELBASE.dll
0x00007ff8333c0000 - 0x00007ff8334ba000 	C:\Windows\System32\ucrtbase.dll
0x00007ff82c030000 - 0x00007ff82c048000 	C:\Program Files\Java\jdk-14.0.2\bin\jli.dll
0x00007ff8352e0000 - 0x00007ff835383000 	C:\Windows\System32\ADVAPI32.dll
0x00007ff834710000 - 0x00007ff8347ae000 	C:\Windows\System32\msvcrt.dll
0x00007ff835120000 - 0x00007ff8351b7000 	C:\Windows\System32\sechost.dll
0x00007ff8345f0000 - 0x00007ff83470f000 	C:\Windows\System32\RPCRT4.dll
0x00007ff834450000 - 0x00007ff8345e4000 	C:\Windows\System32\USER32.dll
0x00007ff81ab30000 - 0x00007ff81ab45000 	C:\Program Files\Java\jdk-14.0.2\bin\VCRUNTIME140.dll
0x00007ff8334c0000 - 0x00007ff8334e1000 	C:\Windows\System32\win32u.dll
0x00007ff833cf0000 - 0x00007ff833d16000 	C:\Windows\System32\GDI32.dll
0x00007ff833220000 - 0x00007ff8333b8000 	C:\Windows\System32\gdi32full.dll
0x00007ff832d40000 - 0x00007ff832dde000 	C:\Windows\System32\msvcp_win.dll
0x00007ff824ab0000 - 0x00007ff824d34000 	C:\Windows\WinSxS\amd64_microsoft.windows.common-controls_6595b64144ccf1df_6.0.18362.1556_none_9e7e372fe45e41d5\COMCTL32.dll
0x00007ff834c20000 - 0x00007ff834f56000 	C:\Windows\System32\combase.dll
0x00007ff832cb0000 - 0x00007ff832d31000 	C:\Windows\System32\bcryptPrimitives.dll
0x00007ff82bd70000 - 0x00007ff82bd7a000 	C:\Windows\SYSTEM32\VERSION.dll
0x00007ff8352a0000 - 0x00007ff8352ce000 	C:\Windows\System32\IMM32.DLL
0x00007fffe0830000 - 0x00007fffe08cb000 	C:\Program Files\Java\jdk-14.0.2\bin\msvcp140.dll
0x00007fffd1960000 - 0x00007fffd247e000 	C:\Program Files\Java\jdk-14.0.2\bin\server\jvm.dll
0x00007ff8353b0000 - 0x00007ff8353b8000 	C:\Windows\System32\PSAPI.DLL
0x00007ff812ec0000 - 0x00007ff812ec9000 	C:\Windows\SYSTEM32\WSOCK32.dll
0x00007ff834270000 - 0x00007ff8342df000 	C:\Windows\System32\WS2_32.dll
0x00007ff830440000 - 0x00007ff830464000 	C:\Windows\SYSTEM32\WINMM.dll
0x00007ff830410000 - 0x00007ff83043d000 	C:\Windows\SYSTEM32\WINMMBASE.dll
0x00007ff832bb0000 - 0x00007ff832bfa000 	C:\Windows\System32\cfgmgr32.dll
0x00007ff832b00000 - 0x00007ff832b11000 	C:\Windows\System32\kernel.appcore.dll
0x00007ff822630000 - 0x00007ff82263a000 	C:\Program Files\Java\jdk-14.0.2\bin\jimage.dll
0x00007ff81fdc0000 - 0x00007ff81ffb4000 	C:\Windows\SYSTEM32\DBGHELP.DLL
0x00007ff81e790000 - 0x00007ff81e7ba000 	C:\Windows\SYSTEM32\dbgcore.DLL
0x00007fffe08d0000 - 0x00007fffe08f5000 	C:\Program Files\Java\jdk-14.0.2\bin\java.dll
0x00007ff817500000 - 0x00007ff817516000 	C:\Program Files\Java\jdk-14.0.2\bin\zip.dll
0x00007ff835440000 - 0x00007ff835b27000 	C:\Windows\System32\SHELL32.dll
0x00007ff8343a0000 - 0x00007ff834448000 	C:\Windows\System32\shcore.dll
0x00007ff833570000 - 0x00007ff833ceb000 	C:\Windows\System32\windows.storage.dll
0x00007ff832b20000 - 0x00007ff832b3e000 	C:\Windows\System32\profapi.dll
0x00007ff832b40000 - 0x00007ff832b8a000 	C:\Windows\System32\powrprof.dll
0x00007ff832af0000 - 0x00007ff832b00000 	C:\Windows\System32\UMPDC.dll
0x00007ff8350c0000 - 0x00007ff835112000 	C:\Windows\System32\shlwapi.dll
0x00007ff8334f0000 - 0x00007ff833507000 	C:\Windows\System32\cryptsp.dll
0x00007ff816cd0000 - 0x00007ff816ce9000 	C:\Program Files\Java\jdk-14.0.2\bin\net.dll
0x00007ff824db0000 - 0x00007ff824eaa000 	C:\Windows\SYSTEM32\WINHTTP.dll
0x00007ff832330000 - 0x00007ff832397000 	C:\Windows\system32\mswsock.dll
0x00007ff816430000 - 0x00007ff816442000 	C:\Program Files\Java\jdk-14.0.2\bin\nio.dll
0x00007fffd9570000 - 0x00007fffd9709000 	C:\Program Files\Java\jdk-14.0.2\bin\awt.dll
0x00007ff8341a0000 - 0x00007ff834265000 	C:\Windows\System32\OLEAUT32.dll
0x00007ff830ca0000 - 0x00007ff830d2f000 	C:\Windows\SYSTEM32\apphelp.dll
0x00007ff830f00000 - 0x00007ff830f2d000 	C:\Windows\system32\DWMAPI.DLL
0x00007ff830e10000 - 0x00007ff830ea9000 	C:\Windows\system32\uxtheme.dll
0x00007ff823600000 - 0x00007ff823756000 	C:\Windows\system32\opengl32.dll
0x00007ff8262d0000 - 0x00007ff8262fc000 	C:\Windows\SYSTEM32\GLU32.dll
0x00007ff831730000 - 0x00007ff831750000 	C:\Windows\SYSTEM32\dxcore.dll
0x00007ff833e00000 - 0x00007ff833f35000 	C:\Windows\System32\MSCTF.dll
0x00007ff834f60000 - 0x00007ff8350b7000 	C:\Windows\System32\ole32.dll
0x00007fffdf6e0000 - 0x00007fffdf70d000 	C:\Program Files\Java\jdk-14.0.2\bin\javajpeg.dll
0x00007ff832080000 - 0x00007ff83214b000 	C:\Windows\SYSTEM32\DNSAPI.dll
0x00007ff833df0000 - 0x00007ff833df8000 	C:\Windows\System32\NSI.dll
0x00007ff832040000 - 0x00007ff83207a000 	C:\Windows\SYSTEM32\IPHLPAPI.DLL
0x00007ff824a30000 - 0x00007ff824a3a000 	C:\Windows\System32\rasadhlp.dll
0x00007ff829410000 - 0x00007ff829487000 	C:\Windows\System32\fwpuclnt.dll
0x00007ff832de0000 - 0x00007ff832e06000 	C:\Windows\System32\bcrypt.dll
0x00007ff82a200000 - 0x00007ff82a225000 	C:\Program Files\Java\jdk-14.0.2\bin\sunec.dll
0x00007ff82a1f0000 - 0x00007ff82a1fe000 	C:\Program Files\Java\jdk-14.0.2\bin\sunmscapi.dll
0x00007ff8330c0000 - 0x00007ff833211000 	C:\Windows\System32\CRYPT32.dll
0x00007ff832b90000 - 0x00007ff832ba2000 	C:\Windows\System32\MSASN1.dll
0x00007ff832610000 - 0x00007ff832636000 	C:\Windows\SYSTEM32\ncrypt.dll
0x00007ff8325d0000 - 0x00007ff83260b000 	C:\Windows\SYSTEM32\NTASN1.dll
0x00007fffdf160000 - 0x00007fffdf1e2000 	C:\Program Files\Java\jdk-14.0.2\bin\freetype.dll
0x00007fffd8a30000 - 0x00007fffd8ad6000 	C:\Program Files\Java\jdk-14.0.2\bin\fontmanager.dll
0x00007ff8340f0000 - 0x00007ff834192000 	C:\Windows\System32\clbcatq.dll
0x00007ff82dc30000 - 0x00007ff82dddf000 	C:\Windows\SYSTEM32\WindowsCodecs.dll
0x00007ff8243b0000 - 0x00007ff8243eb000 	C:\Windows\system32\dataexchange.dll
0x00007ff82fbb0000 - 0x00007ff82fe0b000 	C:\Windows\system32\d3d11.dll
0x00007ff830540000 - 0x00007ff83071d000 	C:\Windows\system32\dcomp.dll
0x00007ff8317c0000 - 0x00007ff8318ab000 	C:\Windows\system32\dxgi.dll
0x00007ff830f30000 - 0x00007ff83118a000 	C:\Windows\system32\twinapi.appcore.dll
0x00007ff831420000 - 0x00007ff831449000 	C:\Windows\system32\RMCLIENT.dll
0x00007ff82c120000 - 0x00007ff82c1bb000 	C:\Windows\System32\TextInputFramework.dll
0x00007ff82eb30000 - 0x00007ff82ee5a000 	C:\Windows\System32\CoreUIComponents.dll
0x00007ff830a90000 - 0x00007ff830b64000 	C:\Windows\System32\CoreMessaging.dll
0x00007ff82e9d0000 - 0x00007ff82eb22000 	C:\Windows\SYSTEM32\wintypes.dll
0x00007ff831b30000 - 0x00007ff831b61000 	C:\Windows\SYSTEM32\ntmarta.dll
0x00007ff822750000 - 0x00007ff8229f7000 	C:\Windows\System32\iertutil.dll

dbghelp: loaded successfully - version: 4.0.5 - missing functions: none
symbol engine: initialized successfully - sym options: 0x614 - pdb path: .;C:\Program Files\Java\jdk-14.0.2\bin;C:\Windows\SYSTEM32;C:\Windows\WinSxS\amd64_microsoft.windows.common-controls_6595b64144ccf1df_6.0.18362.1556_none_9e7e372fe45e41d5;C:\Program Files\Java\jdk-14.0.2\bin\server

VM Arguments:
jvm_args: -Dfile.encoding=UTF-8 
java_command: travel.managment.system.Payment
java_class_path (initial): C:\Users\admin\Documents\NetBeansProjects\Travel Managment System\mysql-connector-java-8.0.23\mysql-connector-java-8.0.23.jar;F:\netbeans\netbeans\ide\modules\ext\jaxb\activation.jar;F:\netbeans\netbeans\enterprise\modules\ext\metro\webservices-api.jar;F:\netbeans\netbeans\enterprise\modules\ext\metro\webservices-extra-api.jar;F:\netbeans\netbeans\enterprise\modules\ext\metro\webservices-extra.jar;F:\netbeans\netbeans\enterprise\modules\ext\metro\webservices-rt.jar;F:\netbeans\netbeans\enterprise\modules\ext\metro\webservices-tools.jar;C:\Users\admin\Documents\NetBeansProjects\Travel Managment System\build\test\classes;C:\Users\admin\Documents\NetBeansProjects\Travel Managment System\src\travel\management\Jar;C:\Users\admin\Documents\NetBeansProjects\Travel Managment System\src\travel\management\Jar\rs2xml.jar;C:\Users\admin\Documents\Hosp\mysql-connector-java-8.0.23\rs2xml.jar;C:\Users\admin\Documents\NetBeansProjects\Travel Managment System\build\classes
Launcher Type: SUN_STANDARD

[Global flags]
     intx CICompilerCount                          = 3                                         {product} {ergonomic}
     uint ConcGCThreads                            = 1                                         {product} {ergonomic}
     uint G1ConcRefinementThreads                  = 4                                         {product} {ergonomic}
   size_t G1HeapRegionSize                         = 1048576                                   {product} {ergonomic}
    uintx GCDrainStackTargetSize                   = 64                                        {product} {ergonomic}
   size_t InitialHeapSize                          = 62914560                                  {product} {ergonomic}
   size_t MarkStackSize                            = 4194304                                   {product} {ergonomic}
   size_t MaxHeapSize                              = 996147200                                 {product} {ergonomic}
   size_t MaxNewSize                               = 597688320                                 {product} {ergonomic}
   size_t MinHeapDeltaBytes                        = 1048576                                   {product} {ergonomic}
   size_t MinHeapSize                              = 8388608                                   {product} {ergonomic}
    uintx NonNMethodCodeHeapSize                   = 5832780                                {pd product} {ergonomic}
    uintx NonProfiledCodeHeapSize                  = 122912730                              {pd product} {ergonomic}
    uintx ProfiledCodeHeapSize                     = 122912730                              {pd product} {ergonomic}
    uintx ReservedCodeCacheSize                    = 251658240                              {pd product} {ergonomic}
     bool SegmentedCodeCache                       = true                                      {product} {ergonomic}
   size_t SoftMaxHeapSize                          = 996147200                              {manageable} {ergonomic}
     bool UseCompressedClassPointers               = true                                 {lp64_product} {ergonomic}
     bool UseCompressedOops                        = true                                 {lp64_product} {ergonomic}
     bool UseG1GC                                  = true                                      {product} {ergonomic}
     bool UseLargePagesIndividualAllocation        = false                                  {pd product} {ergonomic}

Logging:
Log output configuration:
 #0: stdout all=warning uptime,level,tags
 #1: stderr all=off uptime,level,tags

Environment Variables:
JAVA_HOME=C:\Program Files\Java\jdk-14.0.2
PATH=C:\Windows\system32;C:\Windows;C:\Windows\System32\Wbem;C:\Windows\System32\WindowsPowerShell\v1.0\;C:\Windows\System32\OpenSSH\;C:\Program Files\Java\jdk-14.0.2\bin;c:\Program Files (x86)\Microsoft SQL Server\90\Tools\binn\;C:\Program Files\MySQL\MySQL Server 5.5\bin;C:\Program Files\Microsoft VS Code\bin;C:\Program Files\Git\cmd;C:\Program Files\Java\jdk-14.0.2\bin;C:\Program Files (x86)\mingw-w64\i686-8.1.0-posix-dwarf-rt_v6-rev0\mingw32\bin;C:\Program Files\Java\jdk-14.0.2\bin;C:\Program Files\nodejs;C:\Program Files\nodejs\;C:\Program Files\Java\jdk-14.0.2\bin;C:\Program Files\nodejs;C:\Users\admin\AppData\Roaming\npm
USERNAME=admin
OS=Windows_NT
PROCESSOR_IDENTIFIER=Intel64 Family 6 Model 78 Stepping 3, GenuineIntel



---------------  S Y S T E M  ---------------

OS: Windows 10 , 64 bit Build 18362 (10.0.18362.1500)
OS uptime: 21 days 0:22 hours

CPU:total 4 (initial active 4) (2 cores per cpu, 2 threads per core) family 6 model 78 stepping 3, cmov, cx8, fxsr, mmx, sse, sse2, sse3, ssse3, sse4.1, sse4.2, popcnt, avx, avx2, aes, clmul, erms, rtm, 3dnowpref, lzcnt, ht, tsc, tscinvbit, bmi1, bmi2, adx, fma

Memory: 4k page, system-wide physical 3795M (405M free)
TotalPageFile size 15571M (AvailPageFile size 5M)
current process WorkingSet (physical memory assigned to process): 94M, peak: 94M
current process commit charge ("private bytes"): 157M, peak: 157M

vm_info: Java HotSpot(TM) 64-Bit Server VM (14.0.2+12-46) for windows-amd64 JRE (14.0.2+12-46), built on Jul  9 2020 00:35:52 by "mach5one" with MS VC++ 15.9 (VS2017)

END.
