#
# There is insufficient memory for the Java Runtime Environment to continue.
# Native memory allocation (mmap) failed to map 2097152 bytes for Failed to commit area from 0x00000000c5400000 to 0x00000000c5600000 of length 2097152.
# Possible reasons:
#   The system is out of physical RAM or swap space
#   The process is running with CompressedOops enabled, and the Java Heap may be blocking the growth of the native heap
# Possible solutions:
#   Reduce memory load on the system
#   Increase physical memory or swap space
#   Check if swap backing store is full
#   Decrease Java heap size (-Xmx/-Xms)
#   Decrease number of Java threads
#   Decrease Java thread stack sizes (-Xss)
#   Set larger code cache with -XX:ReservedCodeCacheSize=
#   JVM is running with Unscaled Compressed Oops mode in which the Java heap is
#     placed in the first 4GB address space. The Java Heap base address is the
#     maximum limit for the native heap growth. Please use -XX:HeapBaseMinAddress
#     to set the Java Heap base and to place the Java Heap above 4GB virtual address.
# This output file may be truncated or incomplete.
#
#  Out of Memory Error (./open/src/hotspot/os/windows/os_windows.cpp:3315), pid=6680, tid=7296
#
# JRE version: Java(TM) SE Runtime Environment (14.0.2+12) (build 14.0.2+12-46)
# Java VM: Java HotSpot(TM) 64-Bit Server VM (14.0.2+12-46, mixed mode, sharing, tiered, compressed oops, g1 gc, windows-amd64)
# No core dump will be written. Minidumps are not enabled by default on client versions of Windows
#

---------------  S U M M A R Y ------------

Command Line: -Dapplication.home=C:\Program Files\Java\jdk-14.0.2 --add-modules=ALL-DEFAULT -Xms8m -Djdk.module.main=jdk.compiler jdk.compiler/com.sun.tools.javac.Main -d C:\Users\admin\Documents\NetBeansProjects\Travel Managment System\build\classes -classpath C:\Users\admin\Documents\NetBeansProjects\Travel Managment System\build\classes;C:\Users\admin\Documents\NetBeansProjects\Travel Managment System\mysql-connector-java-8.0.23\mysql-connector-java-8.0.23.jar;F:\netbeans\netbeans\ide\modules\ext\jaxb\activation.jar;F:\netbeans\netbeans\enterprise\modules\ext\metro\webservices-api.jar;F:\netbeans\netbeans\enterprise\modules\ext\metro\webservices-extra-api.jar;F:\netbeans\netbeans\enterprise\modules\ext\metro\webservices-extra.jar;F:\netbeans\netbeans\enterprise\modules\ext\metro\webservices-rt.jar;F:\netbeans\netbeans\enterprise\modules\ext\metro\webservices-tools.jar;C:\Users\admin\Documents\NetBeansProjects;C:\Users\admin\Documents\NetBeansProjects\Travel Managment System\src\travel\management\Jar;C:\Users\admin\Documents\NetBeansProjects\Travel Managment System\src\travel\management\Jar\rs2xml.jar;C:\Users\admin\Documents\Hosp\mysql-connector-java-8.0.23\rs2xml.jar;F:\netbeans\netbeans\java\modules\ext\AbsoluteLayout.jar -sourcepath C:\Users\admin\Documents\NetBeansProjects\Travel Managment System\src -target 14 -encoding UTF-8 -g --enable-preview -processorpath C:\Users\admin\Documents\NetBeansProjects\Travel Managment System\mysql-connector-java-8.0.23\mysql-connector-java-8.0.23.jar;F:\netbeans\netbeans\ide\modules\ext\jaxb\activation.jar;F:\netbeans\netbeans\enterprise\modules\ext\metro\webservices-api.jar;F:\netbeans\netbeans\enterprise\modules\ext\metro\webservices-extra-api.jar;F:\netbeans\netbeans\enterprise\modules\ext\metro\webservices-extra.jar;F:\netbeans\netbeans\enterprise\modules\ext\metro\webservices-rt.jar;F:\netbeans\netbeans\enterprise\modules\ext\metro\webservices-tools.jar;C:\Users\admin\Documents\NetBeansProjects;C:\Users\admin\Documents\NetBeansProjects\Travel Managment System\src\travel\management\Jar;C:\Users\admin\Documents\NetBeansProjects\Travel Managment System\src\travel\management\Jar\rs2xml.jar;C:\Users\admin\Documents\Hosp\mysql-connector-java-8.0.23\rs2xml.jar;F:\netbeans\netbeans\java\modules\ext\AbsoluteLayout.jar;C:\Users\admin\Documents\NetBeansProjects\Travel Managment System\build\empty -s C:\Users\admin\Documents\NetBeansProjects\Travel Managment System\build\generated-sources\ap-source-output -source 14 C:\Users\admin\Documents\NetBeansProjects\Travel Managment System\src\travel\managment\system\Dashboard.java

Host: Intel(R) Core(TM) i3-6100U CPU @ 2.30GHz, 4 cores, 3G,  Windows 10 , 64 bit Build 18362 (10.0.18362.1500)
Time: Thu Apr 28 12:41:19 2022 India Standard Time elapsed time: 1 seconds (0d 0h 0m 1s)

---------------  T H R E A D  ---------------

Current thread (0x000001d4901c2000):  VMThread "VM Thread" [stack: 0x0000005528700000,0x0000005528800000] [id=7296]

Stack: [0x0000005528700000,0x0000005528800000]
[error occurred during error reporting (printing stack bounds), id 0xc0000005, EXCEPTION_ACCESS_VIOLATION (0xc0000005) at pc=0x000001d4988a10ad]

Native frames: (J=compiled Java code, j=interpreted, Vv=VM code, C=native code)
V  [jvm.dll+0x5f8a9a]
V  [jvm.dll+0x74247a]
V  [jvm.dll+0x743c2f]
V  [jvm.dll+0x7441d5]
V  [jvm.dll+0x74418b]
V  [jvm.dll+0x5f7f6f]
V  [jvm.dll+0x5f8738]
C  [ntdll.dll+0xa1fff]
C  [ntdll.dll+0x6aad9]
C  [ntdll.dll+0xa0c6e]
C  0x000001d4988a10ad

VM_Operation (0x00000055283ff870): G1Concurrent, mode: safepoint, requested by thread 0x000001d49013e800


---------------  P R O C E S S  ---------------

Threads class SMR info:
_java_thread_list=0x000001d4ac9d16e0, length=11, elements={
0x000001d490107800, 0x000001d4901cb000, 0x000001d4901cc000, 0x000001d4ac791800,
0x000001d4ac794800, 0x000001d4ac796000, 0x000001d4ac79a000, 0x000001d4ac7a1000,
0x000001d4ac7a4800, 0x000001d4ac98e000, 0x000001d4ac98f000
}

Java Threads: ( => current thread )
  0x000001d490107800 JavaThread "main" [_thread_blocked, id=7884, stack(0x0000005528100000,0x0000005528200000)]
  0x000001d4901cb000 JavaThread "Reference Handler" daemon [_thread_blocked, id=21496, stack(0x0000005528800000,0x0000005528900000)]
  0x000001d4901cc000 JavaThread "Finalizer" daemon [_thread_blocked, id=19624, stack(0x0000005528900000,0x0000005528a00000)]
  0x000001d4ac791800 JavaThread "Signal Dispatcher" daemon [_thread_blocked, id=16512, stack(0x0000005528a00000,0x0000005528b00000)]
  0x000001d4ac794800 JavaThread "Attach Listener" daemon [_thread_blocked, id=20760, stack(0x0000005528b00000,0x0000005528c00000)]
  0x000001d4ac796000 JavaThread "Service Thread" daemon [_thread_blocked, id=20256, stack(0x0000005528c00000,0x0000005528d00000)]
  0x000001d4ac79a000 JavaThread "C2 CompilerThread0" daemon [_thread_blocked, id=19272, stack(0x0000005528d00000,0x0000005528e00000)]
  0x000001d4ac7a1000 JavaThread "C1 CompilerThread0" daemon [_thread_blocked, id=6812, stack(0x0000005528e00000,0x0000005528f00000)]
  0x000001d4ac7a4800 JavaThread "Sweeper thread" daemon [_thread_blocked, id=11748, stack(0x0000005528f00000,0x0000005529000000)]
  0x000001d4ac98e000 JavaThread "Common-Cleaner" daemon [_thread_blocked, id=20788, stack(0x0000005529000000,0x0000005529100000)]
  0x000001d4ac98f000 JavaThread "Notification Thread" daemon [_thread_blocked, id=10080, stack(0x0000005529100000,0x0000005529200000)]

Other Threads:
=>0x000001d4901c2000 VMThread "VM Thread" [stack: 0x0000005528700000,0x0000005528800000] [id=7296]
  0x000001d4aca49000 WatcherThread [stack: 0x0000005529200000,0x0000005529300000] [id=14988]
  0x000001d490134800 GCTaskThread "GC Thread#0" [stack: 0x0000005528200000,0x0000005528300000] [id=13052]
  0x000001d4acab1000 GCTaskThread "GC Thread#1" [stack: 0x0000005529300000,0x0000005529400000] [id=2952]
  0x000001d49013e800 ConcurrentGCThread "G1 Main Marker" [stack: 0x0000005528300000,0x0000005528400000] [id=5724]
  0x000001d49013f800 ConcurrentGCThread "G1 Conc#0" [stack: 0x0000005528400000,0x0000005528500000] [id=21180]
  0x000001d490156800 ConcurrentGCThread "G1 Refine#0" [stack: 0x0000005528500000,0x0000005528600000] [id=21160]
  0x000001d490157800 ConcurrentGCThread "G1 Young RemSet Sampling" [stack: 0x0000005528600000,0x0000005528700000] [id=19016]

Threads with active compile tasks:
C2 CompilerThread0     1352  860       4       java.util.HashMap::put (13 bytes)
C1 CompilerThread0     1352  879       3       java.util.LinkedHashMap$LinkedHashIterator::nextNode (54 bytes)

VM state:at safepoint (normal execution)

VM Mutex/Monitor currently owned by a thread:  ([mutex/lock_event])
[0x000001d48df61770] Threads_lock - owner thread: 0x000001d4901c2000
[0x000001d48df61b60] Heap_lock - owner thread: 0x000001d49013e800

Heap address: 0x00000000c4a00000, size: 950 MB, Compressed Oops mode: 32-bit
Narrow klass base: 0x0000000800000000, Narrow klass shift: 3
Compressed class space size: 1073741824 Address: 0x0000000800b30000

Heap:
 garbage-first heap   total 12288K, used 4899K [0x00000000c4a00000, 0x0000000100000000)
  region size 1024K, 2 young (2048K), 1 survivors (1024K)
 Metaspace       used 8248K, capacity 11251K, committed 11392K, reserved 1058816K
  class space    used 985K, capacity 1314K, committed 1408K, reserved 1048576K
Heap Regions: E=young(eden), S=young(survivor), O=old, HS=humongous(starts), HC=humongous(continues), CS=collection set, F=free, OA=open archive, CA=closed archive, TAMS=top-at-mark-start (previous, next)
|   0|0x00000000c4a00000, 0x00000000c4b00000, 0x00000000c4b00000|100%|HS|  |TAMS 0x00000000c4b00000, 0x00000000c4a00000| Complete 
|   1|0x00000000c4b00000, 0x00000000c4c00000, 0x00000000c4c00000|100%| O|  |TAMS 0x00000000c4c00000, 0x00000000c4b00000| Updating 
|   2|0x00000000c4c00000, 0x00000000c4d00000, 0x00000000c4d00000|100%| O|  |TAMS 0x00000000c4d00000, 0x00000000c4c00000| Updating 
|   3|0x00000000c4d00000, 0x00000000c4e00000, 0x00000000c4e00000|100%| O|  |TAMS 0x00000000c4e00000, 0x00000000c4d00000| Updating 
|   4|0x00000000c4e00000, 0x00000000c4e07400, 0x00000000c4f00000|  2%| O|  |TAMS 0x00000000c4e07400, 0x00000000c4e00000| Updating 
|   5|0x00000000c4f00000, 0x00000000c4f00000, 0x00000000c5000000|  0%| F|  |TAMS 0x00000000c4f00000, 0x00000000c4f00000| Untracked 
|   6|0x00000000c5000000, 0x00000000c5000000, 0x00000000c5100000|  0%| F|  |TAMS 0x00000000c5000000, 0x00000000c5000000| Untracked 
|   7|0x00000000c5100000, 0x00000000c51c19d0, 0x00000000c5200000| 75%| S|CS|TAMS 0x00000000c5100000, 0x00000000c5100000| Complete 
|   8|0x00000000c5200000, 0x00000000c5200000, 0x00000000c5300000|  0%| F|  |TAMS 0x00000000c5200000, 0x00000000c5200000| Untracked 
|   9|0x00000000c5300000, 0x00000000c5332578, 0x00000000c5400000| 19%| E|  |TAMS 0x00000000c5300000, 0x00000000c5300000| Complete 

Card table byte_map: [0x000001d4a78a0000,0x000001d4a7a80000] _byte_map_base: 0x000001d4a727b000

Marking Bits (Prev, Next): (CMBitMap*) 0x000001d490136638, (CMBitMap*) 0x000001d4901365f8
 Prev Bits: [0x000001d4a8b40000, 0x000001d4a9a18000)
 Next Bits: [0x000001d4a7c60000, 0x000001d4a8b38000)

Polling page: 0x000001d48df00000

Metaspace:

Usage:
  Non-class:      9.70 MB capacity,     7.09 MB ( 73%) used,     2.59 MB ( 27%) free+waste,    21.63 KB ( <1%) overhead. 
      Class:      1.28 MB capacity,   985.28 KB ( 75%) used,   317.53 KB ( 24%) free+waste,    11.19 KB ( <1%) overhead. 
       Both:     10.99 MB capacity,     8.05 MB ( 73%) used,     2.90 MB ( 26%) free+waste,    32.81 KB ( <1%) overhead. 

Virtual space:
  Non-class space:       10.00 MB reserved,       9.75 MB ( 98%) committed 
      Class space:        1.00 GB reserved,       1.38 MB ( <1%) committed 
             Both:        1.01 GB reserved,      11.13 MB (  1%) committed 

Chunk freelists:
   Non-Class:  0 bytes
       Class:  0 bytes
        Both:  0 bytes

MaxMetaspaceSize: 17179869184.00 GB
CompressedClassSpaceSize: 1.00 GB

CodeHeap 'non-profiled nmethods': size=120000Kb used=287Kb max_used=287Kb free=119713Kb
 bounds [0x000001d4a0370000, 0x000001d4a05e0000, 0x000001d4a78a0000]
CodeHeap 'profiled nmethods': size=120000Kb used=1521Kb max_used=1521Kb free=118478Kb
 bounds [0x000001d498e40000, 0x000001d4990b0000, 0x000001d4a0370000]
CodeHeap 'non-nmethods': size=5760Kb used=1149Kb max_used=1165Kb free=4610Kb
 bounds [0x000001d4988a0000, 0x000001d498b10000, 0x000001d498e40000]
 total_blobs=1274 nmethods=877 adapters=310
 compilation: enabled
              stopped_count=0, restarted_count=0
 full_count=0

Compilation events (20 events):
Event: 1.282 Thread 0x000001d4ac7a1000 nmethod 873 0x000001d498fb9690 code [0x000001d498fb9840, 0x000001d498fb9b68]
Event: 1.282 Thread 0x000001d4ac7a1000  857       3       com.sun.tools.javac.code.Symtab::doEnterPackage (42 bytes)
Event: 1.282 Thread 0x000001d4ac7a1000 nmethod 857 0x000001d498fb9c90 code [0x000001d498fb9ea0, 0x000001d498fba798]
Event: 1.282 Thread 0x000001d4ac7a1000  862       3       com.sun.tools.javac.code.Symtab$$Lambda$78/0x0000000800c3c440::get$Lambda (9 bytes)
Event: 1.283 Thread 0x000001d4ac7a1000 nmethod 862 0x000001d498fbaa90 code [0x000001d498fbac40, 0x000001d498fbae98]
Event: 1.283 Thread 0x000001d4ac7a1000  859       3       com.sun.tools.javac.util.List::iterator (20 bytes)
Event: 1.283 Thread 0x000001d4ac7a1000 nmethod 859 0x000001d498fbaf90 code [0x000001d498fbb140, 0x000001d498fbb4f8]
Event: 1.283 Thread 0x000001d4ac7a1000  861       1       java.util.stream.MatchOps$BooleanTerminalSink::cancellationRequested (5 bytes)
Event: 1.283 Thread 0x000001d4ac7a1000 nmethod 861 0x000001d4a03b6890 code [0x000001d4a03b6a20, 0x000001d4a03b6af8]
Event: 1.283 Thread 0x000001d4ac7a1000  864       1       java.util.stream.AbstractPipeline::getStreamAndOpFlags (5 bytes)
Event: 1.283 Thread 0x000001d4ac7a1000 nmethod 864 0x000001d4a03b6b90 code [0x000001d4a03b6d20, 0x000001d4a03b6df8]
Event: 1.283 Thread 0x000001d4ac7a1000  871       1       jdk.internal.jimage.ImageReader$Node::isDirectory (2 bytes)
Event: 1.283 Thread 0x000001d4ac7a1000 nmethod 871 0x000001d4a03b6e90 code [0x000001d4a03b7020, 0x000001d4a03b70f8]
Event: 1.284 Thread 0x000001d4ac7a1000  874       1       com.sun.tools.javac.util.List$2::hasNext (2 bytes)
Event: 1.284 Thread 0x000001d4ac7a1000 nmethod 874 0x000001d4a03b7190 code [0x000001d4a03b7320, 0x000001d4a03b73f8]
Event: 1.287 Thread 0x000001d4ac7a1000  876       3       java.util.LinkedHashMap$LinkedHashIterator::hasNext (13 bytes)
Event: 1.287 Thread 0x000001d4ac7a1000 nmethod 876 0x000001d498fbb610 code [0x000001d498fbb7a0, 0x000001d498fbb918]
Event: 1.287 Thread 0x000001d4ac7a1000  878       3       java.lang.invoke.MemberName::isMethod (8 bytes)
Event: 1.288 Thread 0x000001d4ac7a1000 nmethod 878 0x000001d498fbb990 code [0x000001d498fbbb40, 0x000001d498fbbd98]
Event: 1.289 Thread 0x000001d4ac7a1000  879       3       java.util.LinkedHashMap$LinkedHashIterator::nextNode (54 bytes)

GC Heap History (16 events):
Event: 0.528 GC heap before
{Heap before GC invocations=0 (full 0):
 garbage-first heap   total 8192K, used 4096K [0x00000000c4a00000, 0x0000000100000000)
  region size 1024K, 3 young (3072K), 0 survivors (0K)
 Metaspace       used 2381K, capacity 5984K, committed 6016K, reserved 1056768K
  class space    used 280K, capacity 638K, committed 640K, reserved 1048576K
}
Event: 0.534 GC heap after
{Heap after GC invocations=1 (full 0):
 garbage-first heap   total 8192K, used 2128K [0x00000000c4a00000, 0x0000000100000000)
  region size 1024K, 1 young (1024K), 1 survivors (1024K)
 Metaspace       used 2381K, capacity 5984K, committed 6016K, reserved 1056768K
  class space    used 280K, capacity 638K, committed 640K, reserved 1048576K
}
Event: 0.606 GC heap before
{Heap before GC invocations=1 (full 0):
 garbage-first heap   total 8192K, used 3152K [0x00000000c4a00000, 0x0000000100000000)
  region size 1024K, 2 young (2048K), 1 survivors (1024K)
 Metaspace       used 2891K, capacity 6247K, committed 6400K, reserved 1056768K
  class space    used 360K, capacity 686K, committed 768K, reserved 1048576K
}
Event: 0.611 GC heap after
{Heap after GC invocations=2 (full 0):
 garbage-first heap   total 8192K, used 1287K [0x00000000c4a00000, 0x0000000100000000)
  region size 1024K, 1 young (1024K), 1 survivors (1024K)
 Metaspace       used 2891K, capacity 6247K, committed 6400K, reserved 1056768K
  class space    used 360K, capacity 686K, committed 768K, reserved 1048576K
}
Event: 0.695 GC heap before
{Heap before GC invocations=2 (full 0):
 garbage-first heap   total 8192K, used 2311K [0x00000000c4a00000, 0x0000000100000000)
  region size 1024K, 2 young (2048K), 1 survivors (1024K)
 Metaspace       used 4580K, capacity 7933K, committed 8064K, reserved 1056768K
  class space    used 570K, capacity 886K, committed 896K, reserved 1048576K
}
Event: 0.697 GC heap after
{Heap after GC invocations=3 (full 0):
 garbage-first heap   total 8192K, used 1744K [0x00000000c4a00000, 0x0000000100000000)
  region size 1024K, 1 young (1024K), 1 survivors (1024K)
 Metaspace       used 4580K, capacity 7933K, committed 8064K, reserved 1056768K
  class space    used 570K, capacity 886K, committed 896K, reserved 1048576K
}
Event: 0.777 GC heap before
{Heap before GC invocations=3 (full 0):
 garbage-first heap   total 8192K, used 1744K [0x00000000c4a00000, 0x0000000100000000)
  region size 1024K, 2 young (2048K), 1 survivors (1024K)
 Metaspace       used 6184K, capacity 9604K, committed 9856K, reserved 1058816K
  class space    used 753K, capacity 1105K, committed 1152K, reserved 1048576K
}
Event: 0.780 GC heap after
{Heap after GC invocations=4 (full 0):
 garbage-first heap   total 8192K, used 2062K [0x00000000c4a00000, 0x0000000100000000)
  region size 1024K, 1 young (1024K), 1 survivors (1024K)
 Metaspace       used 6184K, capacity 9604K, committed 9856K, reserved 1058816K
  class space    used 753K, capacity 1105K, committed 1152K, reserved 1048576K
}
Event: 0.875 GC heap before
{Heap before GC invocations=4 (full 0):
 garbage-first heap   total 8192K, used 2062K [0x00000000c4a00000, 0x0000000100000000)
  region size 1024K, 2 young (2048K), 1 survivors (1024K)
 Metaspace       used 7169K, capacity 10430K, committed 10752K, reserved 1058816K
  class space    used 888K, capacity 1210K, committed 1280K, reserved 1048576K
}
Event: 0.878 GC heap after
{Heap after GC invocations=5 (full 0):
 garbage-first heap   total 8192K, used 2520K [0x00000000c4a00000, 0x0000000100000000)
  region size 1024K, 1 young (1024K), 1 survivors (1024K)
 Metaspace       used 7169K, capacity 10430K, committed 10752K, reserved 1058816K
  class space    used 888K, capacity 1210K, committed 1280K, reserved 1048576K
}
Event: 1.002 GC heap before
{Heap before GC invocations=5 (full 0):
 garbage-first heap   total 8192K, used 3544K [0x00000000c4a00000, 0x0000000100000000)
  region size 1024K, 2 young (2048K), 1 survivors (1024K)
 Metaspace       used 7818K, capacity 10993K, committed 11264K, reserved 1058816K
  class space    used 936K, capacity 1248K, committed 1280K, reserved 1048576K
}
Event: 1.005 GC heap after
{Heap after GC invocations=6 (full 0):
 garbage-first heap   total 10240K, used 4138K [0x00000000c4a00000, 0x0000000100000000)
  region size 1024K, 1 young (1024K), 1 survivors (1024K)
 Metaspace       used 7818K, capacity 10993K, committed 11264K, reserved 1058816K
  class space    used 936K, capacity 1248K, committed 1280K, reserved 1048576K
}
Event: 1.217 GC heap before
{Heap before GC invocations=6 (full 0):
 garbage-first heap   total 10240K, used 5162K [0x00000000c4a00000, 0x0000000100000000)
  region size 1024K, 2 young (2048K), 1 survivors (1024K)
 Metaspace       used 8077K, capacity 11100K, committed 11264K, reserved 1058816K
  class space    used 962K, capacity 1263K, committed 1280K, reserved 1048576K
}
Event: 1.222 GC heap after
{Heap after GC invocations=7 (full 0):
 garbage-first heap   total 10240K, used 4384K [0x00000000c4a00000, 0x0000000100000000)
  region size 1024K, 1 young (1024K), 1 survivors (1024K)
 Metaspace       used 8077K, capacity 11100K, committed 11264K, reserved 1058816K
  class space    used 962K, capacity 1263K, committed 1280K, reserved 1048576K
}
Event: 1.277 GC heap before
{Heap before GC invocations=7 (full 0):
 garbage-first heap   total 10240K, used 5408K [0x00000000c4a00000, 0x0000000100000000)
  region size 1024K, 2 young (2048K), 1 survivors (1024K)
 Metaspace       used 8227K, capacity 11225K, committed 11392K, reserved 1058816K
  class space    used 980K, capacity 1305K, committed 1408K, reserved 1048576K
}
Event: 1.280 GC heap after
{Heap after GC invocations=8 (full 0):
 garbage-first heap   total 10240K, used 4899K [0x00000000c4a00000, 0x0000000100000000)
  region size 1024K, 1 young (1024K), 1 survivors (1024K)
 Metaspace       used 8227K, capacity 11225K, committed 11392K, reserved 1058816K
  class space    used 980K, capacity 1305K, committed 1408K, reserved 1048576K
}

Deoptimization events (20 events):
Event: 0.317 Thread 0x000001d490107800 Uncommon trap: trap_request=0xffffffde fr.pc=0x000001d4a037e468 relative=0x0000000000000888
Event: 0.317 Thread 0x000001d490107800 Uncommon trap: reason=class_check action=maybe_recompile pc=0x000001d4a037e468 method=java.util.HashMap.putVal(ILjava/lang/Object;Ljava/lang/Object;ZZ)Ljava/lang/Object; @ 152 c2
Event: 0.317 Thread 0x000001d490107800 DEOPT PACKING pc=0x000001d4a037e468 sp=0x00000055281fd230
Event: 0.317 Thread 0x000001d490107800 DEOPT UNPACKING pc=0x000001d4988e912f sp=0x00000055281fd1b0 mode 2
Event: 0.444 Thread 0x000001d490107800 Uncommon trap: trap_request=0xffffff45 fr.pc=0x000001d4a0389394 relative=0x0000000000000934
Event: 0.444 Thread 0x000001d490107800 Uncommon trap: reason=unstable_if action=reinterpret pc=0x000001d4a0389394 method=java.util.HashMap.putVal(ILjava/lang/Object;Ljava/lang/Object;ZZ)Ljava/lang/Object; @ 181 c2
Event: 0.444 Thread 0x000001d490107800 DEOPT PACKING pc=0x000001d4a0389394 sp=0x00000055281fe740
Event: 0.444 Thread 0x000001d490107800 DEOPT UNPACKING pc=0x000001d4988e912f sp=0x00000055281fe6e0 mode 2
Event: 0.480 Thread 0x000001d490107800 Uncommon trap: trap_request=0xffffff45 fr.pc=0x000001d4a0380290 relative=0x0000000000000070
Event: 0.480 Thread 0x000001d490107800 Uncommon trap: reason=unstable_if action=reinterpret pc=0x000001d4a0380290 method=java.nio.Buffer.hasRemaining()Z @ 8 c2
Event: 0.480 Thread 0x000001d490107800 DEOPT PACKING pc=0x000001d4a0380290 sp=0x00000055281fe040
Event: 0.480 Thread 0x000001d490107800 DEOPT UNPACKING pc=0x000001d4988e912f sp=0x00000055281fdfd8 mode 2
Event: 0.552 Thread 0x000001d490107800 Uncommon trap: trap_request=0xffffff45 fr.pc=0x000001d4a0391164 relative=0x00000000000001c4
Event: 0.552 Thread 0x000001d490107800 Uncommon trap: reason=unstable_if action=reinterpret pc=0x000001d4a0391164 method=java.util.zip.ZipFile$Source.isMetaName([BII)Z @ 43 c2
Event: 0.552 Thread 0x000001d490107800 DEOPT PACKING pc=0x000001d4a0391164 sp=0x00000055281fe350
Event: 0.552 Thread 0x000001d490107800 DEOPT UNPACKING pc=0x000001d4988e912f sp=0x00000055281fe2f8 mode 2
Event: 0.865 Thread 0x000001d490107800 Uncommon trap: trap_request=0xffffff45 fr.pc=0x000001d4a039e434 relative=0x00000000000002f4
Event: 0.865 Thread 0x000001d490107800 Uncommon trap: reason=unstable_if action=reinterpret pc=0x000001d4a039e434 method=java.lang.String.regionMatches(ILjava/lang/String;II)Z @ 32 c2
Event: 0.865 Thread 0x000001d490107800 DEOPT PACKING pc=0x000001d4a039e434 sp=0x00000055281fe3c0
Event: 0.866 Thread 0x000001d490107800 DEOPT UNPACKING pc=0x000001d4988e912f sp=0x00000055281fe340 mode 2

Classes unloaded (0 events):
No events

Classes redefined (0 events):
No events

Internal exceptions (20 events):
Event: 0.569 Thread 0x000001d490107800 Exception <a 'sun/nio/fs/WindowsException'{0x00000000c5189370}> (0x00000000c5189370) 
thrown [./open/src/hotspot/share/prims/jni.cpp, line 599]
Event: 0.569 Thread 0x000001d490107800 Exception <a 'sun/nio/fs/WindowsException'{0x00000000c5189b98}> (0x00000000c5189b98) 
thrown [./open/src/hotspot/share/prims/jni.cpp, line 599]
Event: 0.570 Thread 0x000001d490107800 Exception <a 'sun/nio/fs/WindowsException'{0x00000000c518a868}> (0x00000000c518a868) 
thrown [./open/src/hotspot/share/prims/jni.cpp, line 599]
Event: 0.570 Thread 0x000001d490107800 Exception <a 'sun/nio/fs/WindowsException'{0x00000000c518abb8}> (0x00000000c518abb8) 
thrown [./open/src/hotspot/share/prims/jni.cpp, line 599]
Event: 0.571 Thread 0x000001d490107800 Exception <a 'java/lang/NoSuchMethodError'{0x00000000c518bdd8}: 'void java.lang.invoke.DirectMethodHandle$Holder.invokeSpecial(java.lang.Object, java.lang.Object, java.lang.Object, java.lang.Object)'> (0x00000000c518bdd8) 
thrown [./open/src/hotspot/share/interpreter/linkResolver.cpp, line 766]
Event: 0.572 Thread 0x000001d490107800 Exception <a 'java/lang/NoSuchMethodError'{0x00000000c51923f0}: 'int java.lang.invoke.DirectMethodHandle$Holder.invokeVirtual(java.lang.Object, java.lang.Object, java.lang.Object)'> (0x00000000c51923f0) 
thrown [./open/src/hotspot/share/interpreter/linkResolver.cpp, line 766]
Event: 0.596 Thread 0x000001d490107800 Exception <a 'java/lang/NoSuchMethodError'{0x00000000c51d4010}: 'int java.lang.invoke.DirectMethodHandle$Holder.invokeSpecialIFC(java.lang.Object, java.lang.Object, int)'> (0x00000000c51d4010) 
thrown [./open/src/hotspot/share/interpreter/linkResolver.cpp, line 766]
Event: 0.682 Thread 0x000001d490107800 Exception <a 'java/lang/NoSuchMethodError'{0x00000000c51f0860}: 'int java.lang.invoke.DirectMethodHandle$Holder.invokeStaticInit(java.lang.Object, java.lang.Object)'> (0x00000000c51f0860) 
thrown [./open/src/hotspot/share/interpreter/linkResolver.cpp, line 766]
Event: 0.758 Thread 0x000001d490107800 Exception <a 'java/lang/NoSuchMethodError'{0x00000000c51b8310}: 'int java.lang.invoke.DirectMethodHandle$Holder.invokeVirtual(java.lang.Object, java.lang.Object)'> (0x00000000c51b8310) 
thrown [./open/src/hotspot/share/interpreter/linkResolver.cpp, line 766]
Event: 0.771 Thread 0x000001d490107800 Exception <a 'java/lang/NoSuchMethodError'{0x00000000c51e7208}: 'java.lang.Object java.lang.invoke.Invokers$Holder.linkToTargetMethod(java.lang.Object, java.lang.Object, java.lang.Object, java.lang.Object, java.lang.Object, java.lang.Object)'> (0x00000000c51e7208) 
thrown [./open/src/hotspot/share/interpreter/linkResolver.cpp, line 766]
Event: 0.805 Thread 0x000001d490107800 Exception <a 'sun/nio/fs/WindowsException'{0x00000000c513e790}> (0x00000000c513e790) 
thrown [./open/src/hotspot/share/prims/jni.cpp, line 599]
Event: 0.805 Thread 0x000001d490107800 Exception <a 'sun/nio/fs/WindowsException'{0x00000000c513e9d0}> (0x00000000c513e9d0) 
thrown [./open/src/hotspot/share/prims/jni.cpp, line 599]
Event: 1.052 Thread 0x000001d490107800 Exception <a 'sun/nio/fs/WindowsException'{0x00000000c530eb00}> (0x00000000c530eb00) 
thrown [./open/src/hotspot/share/prims/jni.cpp, line 599]
Event: 1.053 Thread 0x000001d490107800 Exception <a 'sun/nio/fs/WindowsException'{0x00000000c530ee30}> (0x00000000c530ee30) 
thrown [./open/src/hotspot/share/prims/jni.cpp, line 599]
Event: 1.053 Thread 0x000001d490107800 Exception <a 'sun/nio/fs/WindowsException'{0x00000000c530fd68}> (0x00000000c530fd68) 
thrown [./open/src/hotspot/share/prims/jni.cpp, line 599]
Event: 1.053 Thread 0x000001d490107800 Exception <a 'sun/nio/fs/WindowsException'{0x00000000c53100e8}> (0x00000000c53100e8) 
thrown [./open/src/hotspot/share/prims/jni.cpp, line 599]
Event: 1.209 Thread 0x000001d490107800 Exception <a 'java/lang/NoSuchMethodError'{0x00000000c53e6e48}: 'int java.lang.invoke.DirectMethodHandle$Holder.invokeSpecial(java.lang.Object, java.lang.Object, java.lang.Object, java.lang.Object)'> (0x00000000c53e6e48) 
thrown [./open/src/hotspot/share/interpreter/linkResolver.cpp, line 766]
Event: 1.215 Thread 0x000001d490107800 Exception <a 'java/lang/NoSuchMethodError'{0x00000000c53f8918}: 'java.lang.Object java.lang.invoke.DirectMethodHandle$Holder.invokeVirtual(java.lang.Object, java.lang.Object, java.lang.Object, int, int)'> (0x00000000c53f8918) 
thrown [./open/src/hotspot/share/interpreter/linkResolver.cpp, line 766]
Event: 1.217 Thread 0x000001d490107800 Exception <a 'java/lang/NoSuchMethodError'{0x00000000c53fed98}: 'java.lang.Object java.lang.invoke.DirectMethodHandle$Holder.invokeVirtual(java.lang.Object, java.lang.Object, int)'> (0x00000000c53fed98) 
thrown [./open/src/hotspot/share/interpreter/linkResolver.cpp, line 766]
Event: 1.225 Thread 0x000001d490107800 Exception <a 'java/lang/NoSuchMethodError'{0x00000000c53084d0}: 'java.lang.Object java.lang.invoke.DirectMethodHandle$Holder.invokeSpecial(java.lang.Object, java.lang.Object, java.lang.Object, int, int)'> (0x00000000c53084d0) 
thrown [./open/src/hotspot/share/interpreter/linkResolver.cpp, line 766]

Events (20 events):
Event: 1.179 loading class java/util/LinkedHashMap$LinkedValueIterator done
Event: 1.180 loading class java/util/regex/Pattern$Bound
Event: 1.180 loading class java/util/regex/Pattern$Bound done
Event: 1.217 loading class java/util/function/IntFunction
Event: 1.217 loading class java/util/function/IntFunction done
Event: 1.217 Executing VM operation: G1CollectForAllocation
Event: 1.222 Executing VM operation: G1CollectForAllocation done
Event: 1.228 loading class java/util/stream/MatchOps$MatchKind
Event: 1.228 loading class java/util/stream/MatchOps$MatchKind done
Event: 1.229 loading class java/util/stream/MatchOps
Event: 1.229 loading class java/util/stream/MatchOps done
Event: 1.229 loading class java/util/stream/MatchOps$MatchOp
Event: 1.229 loading class java/util/stream/MatchOps$MatchOp done
Event: 1.229 loading class java/util/stream/MatchOps$BooleanTerminalSink
Event: 1.229 loading class java/util/stream/MatchOps$BooleanTerminalSink done
Event: 1.230 loading class java/util/stream/MatchOps$1MatchSink
Event: 1.230 loading class java/util/stream/MatchOps$1MatchSink done
Event: 1.277 Executing VM operation: G1CollectForAllocation
Event: 1.280 Executing VM operation: G1CollectForAllocation done
Event: 1.289 Executing VM operation: G1Concurrent


Dynamic libraries:
0x00007ff673420000 - 0x00007ff673427000 	C:\Program Files\Java\jdk-14.0.2\bin\javac.exe
0x00007ffc4a880000 - 0x00007ffc4aa70000 	C:\Windows\SYSTEM32\ntdll.dll
0x00007ffc49e60000 - 0x00007ffc49f12000 	C:\Windows\System32\KERNEL32.DLL
0x00007ffc48680000 - 0x00007ffc48925000 	C:\Windows\System32\KERNELBASE.dll
0x00007ffc47ca0000 - 0x00007ffc47d9a000 	C:\Windows\System32\ucrtbase.dll
0x00007ffc27b70000 - 0x00007ffc27b88000 	C:\Program Files\Java\jdk-14.0.2\bin\jli.dll
0x00007ffc4a250000 - 0x00007ffc4a2f3000 	C:\Windows\System32\ADVAPI32.dll
0x00007ffc36c30000 - 0x00007ffc36c45000 	C:\Program Files\Java\jdk-14.0.2\bin\VCRUNTIME140.dll
0x00007ffc494a0000 - 0x00007ffc4953e000 	C:\Windows\System32\msvcrt.dll
0x00007ffc49880000 - 0x00007ffc49917000 	C:\Windows\System32\sechost.dll
0x00007ffc4a3e0000 - 0x00007ffc4a4ff000 	C:\Windows\System32\RPCRT4.dll
0x00007ffc49f20000 - 0x00007ffc4a0b4000 	C:\Windows\System32\USER32.dll
0x00007ffc47da0000 - 0x00007ffc47dc1000 	C:\Windows\System32\win32u.dll
0x00007ffc4a220000 - 0x00007ffc4a246000 	C:\Windows\System32\GDI32.dll
0x00007ffc47950000 - 0x00007ffc47ae8000 	C:\Windows\System32\gdi32full.dll
0x00007ffc47af0000 - 0x00007ffc47b8e000 	C:\Windows\System32\msvcp_win.dll
0x00007ffc39560000 - 0x00007ffc397e4000 	C:\Windows\WinSxS\amd64_microsoft.windows.common-controls_6595b64144ccf1df_6.0.18362.1556_none_9e7e372fe45e41d5\COMCTL32.dll
0x00007ffc4a500000 - 0x00007ffc4a836000 	C:\Windows\System32\combase.dll
0x00007ffc47e70000 - 0x00007ffc47ef1000 	C:\Windows\System32\bcryptPrimitives.dll
0x00007ffc3af60000 - 0x00007ffc3af6a000 	C:\Windows\SYSTEM32\VERSION.dll
0x00007ffc4a0c0000 - 0x00007ffc4a0ee000 	C:\Windows\System32\IMM32.DLL
0x00007ffc1b180000 - 0x00007ffc1b21b000 	C:\Program Files\Java\jdk-14.0.2\bin\msvcp140.dll
0x00007ffc03490000 - 0x00007ffc03fae000 	C:\Program Files\Java\jdk-14.0.2\bin\server\jvm.dll
0x00007ffc48bc0000 - 0x00007ffc48bc8000 	C:\Windows\System32\PSAPI.DLL
0x00007ffc31570000 - 0x00007ffc31579000 	C:\Windows\SYSTEM32\WSOCK32.dll
0x00007ffc49df0000 - 0x00007ffc49e5f000 	C:\Windows\System32\WS2_32.dll
0x00007ffc44250000 - 0x00007ffc44274000 	C:\Windows\SYSTEM32\WINMM.dll
0x00007ffc44220000 - 0x00007ffc4424d000 	C:\Windows\SYSTEM32\WINMMBASE.dll
0x00007ffc47e20000 - 0x00007ffc47e6a000 	C:\Windows\System32\cfgmgr32.dll
0x00007ffc477b0000 - 0x00007ffc477c1000 	C:\Windows\System32\kernel.appcore.dll
0x00007ffc40da0000 - 0x00007ffc40daa000 	C:\Program Files\Java\jdk-14.0.2\bin\jimage.dll
0x00007ffc33d60000 - 0x00007ffc33f54000 	C:\Windows\SYSTEM32\DBGHELP.DLL
0x00007ffc2e170000 - 0x00007ffc2e19a000 	C:\Windows\SYSTEM32\dbgcore.DLL
0x00007ffc2e530000 - 0x00007ffc2e555000 	C:\Program Files\Java\jdk-14.0.2\bin\java.dll
0x00007ffc35b20000 - 0x00007ffc35b36000 	C:\Program Files\Java\jdk-14.0.2\bin\zip.dll
0x00007ffc48be0000 - 0x00007ffc492c7000 	C:\Windows\System32\SHELL32.dll
0x00007ffc49680000 - 0x00007ffc49728000 	C:\Windows\System32\shcore.dll
0x00007ffc47f00000 - 0x00007ffc4867b000 	C:\Windows\System32\windows.storage.dll
0x00007ffc477d0000 - 0x00007ffc477ee000 	C:\Windows\System32\profapi.dll
0x00007ffc47760000 - 0x00007ffc477aa000 	C:\Windows\System32\powrprof.dll
0x00007ffc47730000 - 0x00007ffc47740000 	C:\Windows\System32\UMPDC.dll
0x00007ffc49d90000 - 0x00007ffc49de2000 	C:\Windows\System32\shlwapi.dll
0x00007ffc47e00000 - 0x00007ffc47e17000 	C:\Windows\System32\cryptsp.dll
0x00007ffc358a0000 - 0x00007ffc358b9000 	C:\Program Files\Java\jdk-14.0.2\bin\net.dll
0x00007ffc3b160000 - 0x00007ffc3b25a000 	C:\Windows\SYSTEM32\WINHTTP.dll
0x00007ffc46f70000 - 0x00007ffc46fd7000 	C:\Windows\system32\mswsock.dll
0x00007ffc35470000 - 0x00007ffc35482000 	C:\Program Files\Java\jdk-14.0.2\bin\nio.dll

dbghelp: loaded successfully - version: 4.0.5 - missing functions: none
symbol engine: initialized successfully - sym options: 0x614 - pdb path: .;C:\Program Files\Java\jdk-14.0.2\bin;C:\Windows\SYSTEM32;C:\Windows\WinSxS\amd64_microsoft.windows.common-controls_6595b64144ccf1df_6.0.18362.1556_none_9e7e372fe45e41d5;C:\Program Files\Java\jdk-14.0.2\bin\server

VM Arguments:
jvm_args: -Dapplication.home=C:\Program Files\Java\jdk-14.0.2 --add-modules=ALL-DEFAULT -Xms8m -Djdk.module.main=jdk.compiler 
java_command: jdk.compiler/com.sun.tools.javac.Main -d C:\Users\admin\Documents\NetBeansProjects\Travel Managment System\build\classes -classpath C:\Users\admin\Documents\NetBeansProjects\Travel Managment System\build\classes;C:\Users\admin\Documents\NetBeansProjects\Travel Managment System\mysql-connector-java-8.0.23\mysql-connector-java-8.0.23.jar;F:\netbeans\netbeans\ide\modules\ext\jaxb\activation.jar;F:\netbeans\netbeans\enterprise\modules\ext\metro\webservices-api.jar;F:\netbeans\netbeans\enterprise\modules\ext\metro\webservices-extra-api.jar;F:\netbeans\netbeans\enterprise\modules\ext\metro\webservices-extra.jar;F:\netbeans\netbeans\enterprise\modules\ext\metro\webservices-rt.jar;F:\netbeans\netbeans\enterprise\modules\ext\metro\webservices-tools.jar;C:\Users\admin\Documents\NetBeansProjects;C:\Users\admin\Documents\NetBeansProjects\Travel Managment System\src\travel\management\Jar;C:\Users\admin\Documents\NetBeansProjects\Travel Managment System\src\travel\management\Jar\rs2xml.jar;C:\Users\admin\Documents\Hosp\mysql-connector-java-8.0.23\rs2xml.jar;F:\netbeans\netbeans\java\modules\ext\AbsoluteLayout.jar -sourcepath C:\Users\admin\Documents\NetBeansProjects\Travel Managment System\src -target 14 -encoding UTF-8 -g --enable-preview -processorpath C:\Users\admin\Documents\NetBeansProjects\Travel Managment System\mysql-connector-java-8.0.23\mysql-connector-java-8.0.23.jar;F:\netbeans\netbeans\ide\modules\ext\jaxb\activation.jar;F:\netbeans\netbeans\enterprise\modules\ext\metro\webservices-api.jar;F:\netbeans\netbeans\enterprise\modules\ext\metro\webservices-extra-api.jar;F:\netbeans\netbeans\enterprise\modules\ext\metro\webservices-extra.jar;F:\netbeans\netbeans\enterprise\modules\ext\metro\webservices-rt.jar;F:\netbeans\netbeans\enterprise\modules\ext\metro\webservices-tools.jar;C:\Users\admin\Documents\NetBeansProjects;C:\Users\admin\Documents\NetBeansProjects\Travel Managment System\src\travel\management\Jar;C:\Users\admin\Documents\NetBeansProjects\Trave
java_class_path (initial): <not set>
Launcher Type: SUN_STANDARD

[Global flags]
     intx CICompilerCount                          = 3                                         {product} {ergonomic}
     uint ConcGCThreads                            = 1                                         {product} {ergonomic}
     uint G1ConcRefinementThreads                  = 4                                         {product} {ergonomic}
   size_t G1HeapRegionSize                         = 1048576                                   {product} {ergonomic}
    uintx GCDrainStackTargetSize                   = 64                                        {product} {ergonomic}
   size_t InitialHeapSize                          = 8388608                                   {product} {command line}
   size_t MarkStackSize                            = 4194304                                   {product} {ergonomic}
   size_t MaxHeapSize                              = 996147200                                 {product} {ergonomic}
   size_t MaxNewSize                               = 597688320                                 {product} {ergonomic}
   size_t MinHeapDeltaBytes                        = 1048576                                   {product} {ergonomic}
   size_t MinHeapSize                              = 8388608                                   {product} {command line}
    uintx NonNMethodCodeHeapSize                   = 5832780                                {pd product} {ergonomic}
    uintx NonProfiledCodeHeapSize                  = 122912730                              {pd product} {ergonomic}
    uintx ProfiledCodeHeapSize                     = 122912730                              {pd product} {ergonomic}
    uintx ReservedCodeCacheSize                    = 251658240                              {pd product} {ergonomic}
     bool SegmentedCodeCache                       = true                                      {product} {ergonomic}
   size_t SoftMaxHeapSize                          = 996147200                              {manageable} {ergonomic}
     bool UseCompressedClassPointers               = true                                 {lp64_product} {ergonomic}
     bool UseCompressedOops                        = true                                 {lp64_product} {ergonomic}
     bool UseG1GC                                  = true                                      {product} {ergonomic}
     bool UseLargePagesIndividualAllocation        = false                                  {pd product} {ergonomic}

Logging:
Log output configuration:
 #0: stdout all=warning uptime,level,tags
 #1: stderr all=off uptime,level,tags

Environment Variables:
JAVA_HOME=C:\Program Files\Java\jdk-14.0.2
PATH=C:\Windows\system32;C:\Windows;C:\Windows\System32\Wbem;C:\Windows\System32\WindowsPowerShell\v1.0\;C:\Windows\System32\OpenSSH\;C:\Program Files\Java\jdk-14.0.2\bin;c:\Program Files (x86)\Microsoft SQL Server\90\Tools\binn\;C:\Program Files\MySQL\MySQL Server 5.5\bin;C:\Program Files\Microsoft VS Code\bin;C:\Program Files\Git\cmd;C:\Program Files\Java\jdk-14.0.2\bin;C:\Program Files (x86)\mingw-w64\i686-8.1.0-posix-dwarf-rt_v6-rev0\mingw32\bin;C:\Program Files\Java\jdk-14.0.2\bin;C:\Program Files\nodejs;C:\Program Files\nodejs\;C:\Program Files\Java\jdk-14.0.2\bin;C:\Program Files\nodejs;C:\Users\admin\AppData\Roaming\npm
USERNAME=admin
OS=Windows_NT
PROCESSOR_IDENTIFIER=Intel64 Family 6 Model 78 Stepping 3, GenuineIntel



---------------  S Y S T E M  ---------------

OS: Windows 10 , 64 bit Build 18362 (10.0.18362.1500)
OS uptime: 14 days 22:38 hours

CPU:total 4 (initial active 4) (2 cores per cpu, 2 threads per core) family 6 model 78 stepping 3, cmov, cx8, fxsr, mmx, sse, sse2, sse3, ssse3, sse4.1, sse4.2, popcnt, avx, avx2, aes, clmul, erms, rtm, 3dnowpref, lzcnt, ht, tsc, tscinvbit, bmi1, bmi2, adx, fma

Memory: 4k page, system-wide physical 3795M (362M free)
TotalPageFile size 15571M (AvailPageFile size 8M)
current process WorkingSet (physical memory assigned to process): 61M, peak: 61M
current process commit charge ("private bytes"): 95M, peak: 97M

vm_info: Java HotSpot(TM) 64-Bit Server VM (14.0.2+12-46) for windows-amd64 JRE (14.0.2+12-46), built on Jul  9 2020 00:35:52 by "mach5one" with MS VC++ 15.9 (VS2017)

END.
