#
# There is insufficient memory for the Java Runtime Environment to continue.
# Native memory allocation (mmap) failed to map 2097152 bytes for Failed to commit area from 0x00000000c5400000 to 0x00000000c5600000 of length 2097152.
# Possible reasons:
#   The system is out of physical RAM or swap space
#   The process is running with CompressedOops enabled, and the Java Heap may be blocking the growth of the native heap
# Possible solutions:
#   Reduce memory load on the system
#   Increase physical memory or swap space
#   Check if swap backing store is full
#   Decrease Java heap size (-Xmx/-Xms)
#   Decrease number of Java threads
#   Decrease Java thread stack sizes (-Xss)
#   Set larger code cache with -XX:ReservedCodeCacheSize=
#   JVM is running with Unscaled Compressed Oops mode in which the Java heap is
#     placed in the first 4GB address space. The Java Heap base address is the
#     maximum limit for the native heap growth. Please use -XX:HeapBaseMinAddress
#     to set the Java Heap base and to place the Java Heap above 4GB virtual address.
# This output file may be truncated or incomplete.
#
#  Out of Memory Error (./open/src/hotspot/os/windows/os_windows.cpp:3315), pid=21432, tid=19016
#
# JRE version: Java(TM) SE Runtime Environment (14.0.2+12) (build 14.0.2+12-46)
# Java VM: Java HotSpot(TM) 64-Bit Server VM (14.0.2+12-46, mixed mode, sharing, tiered, compressed oops, g1 gc, windows-amd64)
# No core dump will be written. Minidumps are not enabled by default on client versions of Windows
#

---------------  S U M M A R Y ------------

Command Line: -Dapplication.home=C:\Program Files\Java\jdk-14.0.2 --add-modules=ALL-DEFAULT -Xms8m -Djdk.module.main=jdk.compiler jdk.compiler/com.sun.tools.javac.Main -d C:\Users\admin\Documents\NetBeansProjects\Travel Managment System\build\classes -classpath C:\Users\admin\Documents\NetBeansProjects\Travel Managment System\build\classes;C:\Users\admin\Documents\NetBeansProjects\Travel Managment System\mysql-connector-java-8.0.23\mysql-connector-java-8.0.23.jar;F:\netbeans\netbeans\ide\modules\ext\jaxb\activation.jar;F:\netbeans\netbeans\enterprise\modules\ext\metro\webservices-api.jar;F:\netbeans\netbeans\enterprise\modules\ext\metro\webservices-extra-api.jar;F:\netbeans\netbeans\enterprise\modules\ext\metro\webservices-extra.jar;F:\netbeans\netbeans\enterprise\modules\ext\metro\webservices-rt.jar;F:\netbeans\netbeans\enterprise\modules\ext\metro\webservices-tools.jar;C:\Users\admin\Documents\NetBeansProjects;C:\Users\admin\Documents\NetBeansProjects\Travel Managment System\src\travel\management\Jar;C:\Users\admin\Documents\NetBeansProjects\Travel Managment System\src\travel\management\Jar\rs2xml.jar;C:\Users\admin\Documents\Hosp\mysql-connector-java-8.0.23\rs2xml.jar;F:\netbeans\netbeans\java\modules\ext\AbsoluteLayout.jar -sourcepath C:\Users\admin\Documents\NetBeansProjects\Travel Managment System\src -target 14 -encoding UTF-8 -g --enable-preview -processorpath C:\Users\admin\Documents\NetBeansProjects\Travel Managment System\mysql-connector-java-8.0.23\mysql-connector-java-8.0.23.jar;F:\netbeans\netbeans\ide\modules\ext\jaxb\activation.jar;F:\netbeans\netbeans\enterprise\modules\ext\metro\webservices-api.jar;F:\netbeans\netbeans\enterprise\modules\ext\metro\webservices-extra-api.jar;F:\netbeans\netbeans\enterprise\modules\ext\metro\webservices-extra.jar;F:\netbeans\netbeans\enterprise\modules\ext\metro\webservices-rt.jar;F:\netbeans\netbeans\enterprise\modules\ext\metro\webservices-tools.jar;C:\Users\admin\Documents\NetBeansProjects;C:\Users\admin\Documents\NetBeansProjects\Travel Managment System\src\travel\management\Jar;C:\Users\admin\Documents\NetBeansProjects\Travel Managment System\src\travel\management\Jar\rs2xml.jar;C:\Users\admin\Documents\Hosp\mysql-connector-java-8.0.23\rs2xml.jar;F:\netbeans\netbeans\java\modules\ext\AbsoluteLayout.jar;C:\Users\admin\Documents\NetBeansProjects\Travel Managment System\build\empty -s C:\Users\admin\Documents\NetBeansProjects\Travel Managment System\build\generated-sources\ap-source-output -source 14 C:\Users\admin\Documents\NetBeansProjects\Travel Managment System\src\travel\managment\system\Dashboard.java

Host: Intel(R) Core(TM) i3-6100U CPU @ 2.30GHz, 4 cores, 3G,  Windows 10 , 64 bit Build 18362 (10.0.18362.1500)
Time: Thu Apr 28 12:36:26 2022 India Standard Time elapsed time: 1 seconds (0d 0h 0m 1s)

---------------  T H R E A D  ---------------

Current thread (0x000002aa910a2000):  VMThread "VM Thread" [stack: 0x000000f8c7e00000,0x000000f8c7f00000] [id=19016]

Stack: [0x000000f8c7e00000,0x000000f8c7f00000]
[error occurred during error reporting (printing stack bounds), id 0xc0000005, EXCEPTION_ACCESS_VIOLATION (0xc0000005) at pc=0x000002aa997810ad]

Native frames: (J=compiled Java code, j=interpreted, Vv=VM code, C=native code)
V  [jvm.dll+0x5f8a9a]
V  [jvm.dll+0x74247a]
V  [jvm.dll+0x743c2f]
V  [jvm.dll+0x7441d5]
V  [jvm.dll+0x74418b]
V  [jvm.dll+0x5f7f6f]
V  [jvm.dll+0x5f8738]
C  [ntdll.dll+0xa1fff]
C  [ntdll.dll+0x6aad9]
C  [ntdll.dll+0xa0c6e]
C  0x000002aa997810ad

VM_Operation (0x000000f8c7aff890): G1Concurrent, mode: safepoint, requested by thread 0x000002aa9101e000


---------------  P R O C E S S  ---------------

Threads class SMR info:
_java_thread_list=0x000002aaad9987c0, length=11, elements={
0x000002aa90fe4000, 0x000002aa910aa800, 0x000002aa910ac000, 0x000002aaad75f000,
0x000002aaad764800, 0x000002aaad766000, 0x000002aaad76a800, 0x000002aaad770800,
0x000002aaad772800, 0x000002aaad992800, 0x000002aaada0d800
}

Java Threads: ( => current thread )
  0x000002aa90fe4000 JavaThread "main" [_thread_blocked, id=21256, stack(0x000000f8c7800000,0x000000f8c7900000)]
  0x000002aa910aa800 JavaThread "Reference Handler" daemon [_thread_blocked, id=17036, stack(0x000000f8c7f00000,0x000000f8c8000000)]
  0x000002aa910ac000 JavaThread "Finalizer" daemon [_thread_blocked, id=5384, stack(0x000000f8c8000000,0x000000f8c8100000)]
  0x000002aaad75f000 JavaThread "Signal Dispatcher" daemon [_thread_blocked, id=7180, stack(0x000000f8c8100000,0x000000f8c8200000)]
  0x000002aaad764800 JavaThread "Attach Listener" daemon [_thread_blocked, id=7376, stack(0x000000f8c8200000,0x000000f8c8300000)]
  0x000002aaad766000 JavaThread "Service Thread" daemon [_thread_blocked, id=19884, stack(0x000000f8c8300000,0x000000f8c8400000)]
  0x000002aaad76a800 JavaThread "C2 CompilerThread0" daemon [_thread_blocked, id=17008, stack(0x000000f8c8400000,0x000000f8c8500000)]
  0x000002aaad770800 JavaThread "C1 CompilerThread0" daemon [_thread_blocked, id=21400, stack(0x000000f8c8500000,0x000000f8c8600000)]
  0x000002aaad772800 JavaThread "Sweeper thread" daemon [_thread_blocked, id=20280, stack(0x000000f8c8600000,0x000000f8c8700000)]
  0x000002aaad992800 JavaThread "Common-Cleaner" daemon [_thread_blocked, id=2824, stack(0x000000f8c8700000,0x000000f8c8800000)]
  0x000002aaada0d800 JavaThread "Notification Thread" daemon [_thread_blocked, id=15768, stack(0x000000f8c8800000,0x000000f8c8900000)]

Other Threads:
=>0x000002aa910a2000 VMThread "VM Thread" [stack: 0x000000f8c7e00000,0x000000f8c7f00000] [id=19016]
  0x000002aaada20800 WatcherThread [stack: 0x000000f8c8900000,0x000000f8c8a00000] [id=14156]
  0x000002aa91014000 GCTaskThread "GC Thread#0" [stack: 0x000000f8c7900000,0x000000f8c7a00000] [id=20484]
  0x000002aaadbc3000 GCTaskThread "GC Thread#1" [stack: 0x000000f8c8a00000,0x000000f8c8b00000] [id=20272]
  0x000002aa9101e000 ConcurrentGCThread "G1 Main Marker" [stack: 0x000000f8c7a00000,0x000000f8c7b00000] [id=9580]
  0x000002aa9101f000 ConcurrentGCThread "G1 Conc#0" [stack: 0x000000f8c7b00000,0x000000f8c7c00000] [id=21340]
  0x000002aa91036000 ConcurrentGCThread "G1 Refine#0" [stack: 0x000000f8c7c00000,0x000000f8c7d00000] [id=13348]
  0x000002aa91037800 ConcurrentGCThread "G1 Young RemSet Sampling" [stack: 0x000000f8c7d00000,0x000000f8c7e00000] [id=18940]

Threads with active compile tasks:
C1 CompilerThread0     1238  954       3       java.io.DataInputStream::readUnsignedShort (39 bytes)

VM state:at safepoint (normal execution)

VM Mutex/Monitor currently owned by a thread:  ([mutex/lock_event])
[0x000002aa90fdfe70] Threads_lock - owner thread: 0x000002aa910a2000
[0x000002aa90fe0da0] Heap_lock - owner thread: 0x000002aa9101e000

Heap address: 0x00000000c4a00000, size: 950 MB, Compressed Oops mode: 32-bit
Narrow klass base: 0x0000000800000000, Narrow klass shift: 3
Compressed class space size: 1073741824 Address: 0x0000000800b30000

Heap:
 garbage-first heap   total 12288K, used 5492K [0x00000000c4a00000, 0x0000000100000000)
  region size 1024K, 2 young (2048K), 1 survivors (1024K)
 Metaspace       used 8638K, capacity 11496K, committed 11648K, reserved 1058816K
  class space    used 1037K, capacity 1353K, committed 1408K, reserved 1048576K
Heap Regions: E=young(eden), S=young(survivor), O=old, HS=humongous(starts), HC=humongous(continues), CS=collection set, F=free, OA=open archive, CA=closed archive, TAMS=top-at-mark-start (previous, next)
|   0|0x00000000c4a00000, 0x00000000c4b00000, 0x00000000c4b00000|100%|HS|  |TAMS 0x00000000c4b00000, 0x00000000c4a00000| Complete 
|   1|0x00000000c4b00000, 0x00000000c4c00000, 0x00000000c4c00000|100%| O|  |TAMS 0x00000000c4c00000, 0x00000000c4b00000| Updating 
|   2|0x00000000c4c00000, 0x00000000c4d00000, 0x00000000c4d00000|100%| O|  |TAMS 0x00000000c4d00000, 0x00000000c4c00000| Updating 
|   3|0x00000000c4d00000, 0x00000000c4e00000, 0x00000000c4e00000|100%| O|  |TAMS 0x00000000c4e00000, 0x00000000c4d00000| Updating 
|   4|0x00000000c4e00000, 0x00000000c4ed8c00, 0x00000000c4f00000| 84%| O|  |TAMS 0x00000000c4e43808, 0x00000000c4e00000| Updating 
|   5|0x00000000c4f00000, 0x00000000c4f00000, 0x00000000c5000000|  0%| F|  |TAMS 0x00000000c4f00000, 0x00000000c4f00000| Untracked 
|   6|0x00000000c5000000, 0x00000000c5000000, 0x00000000c5100000|  0%| F|  |TAMS 0x00000000c5000000, 0x00000000c5000000| Untracked 
|   7|0x00000000c5100000, 0x00000000c5184660, 0x00000000c5200000| 51%| S|CS|TAMS 0x00000000c5100000, 0x00000000c5100000| Complete 
|   8|0x00000000c5200000, 0x00000000c5200000, 0x00000000c5300000|  0%| F|  |TAMS 0x00000000c5200000, 0x00000000c5200000| Untracked 
|   9|0x00000000c5300000, 0x00000000c532c1f0, 0x00000000c5400000| 17%| E|  |TAMS 0x00000000c5300000, 0x00000000c5300000| Complete 

Card table byte_map: [0x000002aaa8960000,0x000002aaa8b40000] _byte_map_base: 0x000002aaa833b000

Marking Bits (Prev, Next): (CMBitMap*) 0x000002aa91015d78, (CMBitMap*) 0x000002aa91015d38
 Prev Bits: [0x000002aaa9c00000, 0x000002aaaaad8000)
 Next Bits: [0x000002aaa8d20000, 0x000002aaa9bf8000)

Polling page: 0x000002aa8f170000

Metaspace:

Usage:
  Non-class:      9.91 MB capacity,     7.42 MB ( 75%) used,     2.46 MB ( 25%) free+waste,    22.69 KB ( <1%) overhead. 
      Class:      1.32 MB capacity,     1.01 MB ( 77%) used,   304.29 KB ( 22%) free+waste,    11.69 KB ( <1%) overhead. 
       Both:     11.23 MB capacity,     8.44 MB ( 75%) used,     2.76 MB ( 25%) free+waste,    34.38 KB ( <1%) overhead. 

Virtual space:
  Non-class space:       10.00 MB reserved,      10.00 MB (100%) committed 
      Class space:        1.00 GB reserved,       1.38 MB ( <1%) committed 
             Both:        1.01 GB reserved,      11.38 MB (  1%) committed 

Chunk freelists:
   Non-Class:  33.00 KB
       Class:  23.00 KB
        Both:  56.00 KB

MaxMetaspaceSize: 17179869184.00 GB
CompressedClassSpaceSize: 1.00 GB

CodeHeap 'non-profiled nmethods': size=120000Kb used=316Kb max_used=316Kb free=119683Kb
 bounds [0x000002aaa1250000, 0x000002aaa14c0000, 0x000002aaa8780000]
CodeHeap 'profiled nmethods': size=120000Kb used=1675Kb max_used=1675Kb free=118324Kb
 bounds [0x000002aa99d20000, 0x000002aa99f90000, 0x000002aaa1250000]
CodeHeap 'non-nmethods': size=5760Kb used=1160Kb max_used=1174Kb free=4599Kb
 bounds [0x000002aa99780000, 0x000002aa999f0000, 0x000002aa99d20000]
 total_blobs=1367 nmethods=955 adapters=325
 compilation: enabled
              stopped_count=0, restarted_count=0
 full_count=0

Compilation events (20 events):
Event: 1.161 Thread 0x000002aaad770800  946       3       java.lang.ref.ReferenceQueue::reallyPoll (65 bytes)
Event: 1.161 Thread 0x000002aaad770800 nmethod 946 0x000002aa99ebad10 code [0x000002aa99ebaee0, 0x000002aa99ebb418]
Event: 1.164 Thread 0x000002aaad76a800 nmethod 929 0x000002aaa129e910 code [0x000002aaa129eac0, 0x000002aaa129ecf8]
Event: 1.164 Thread 0x000002aaad76a800  928       4       java.util.Arrays::hashCode (44 bytes)
Event: 1.165 Thread 0x000002aaad770800  948       3       java.io.BufferedInputStream::getBufIfOpen (21 bytes)
Event: 1.165 Thread 0x000002aaad770800 nmethod 948 0x000002aa99ebb510 code [0x000002aa99ebb6c0, 0x000002aa99ebb8e8]
Event: 1.166 Thread 0x000002aaad770800  949  s    3       java.io.BufferedInputStream::read (49 bytes)
Event: 1.166 Thread 0x000002aaad770800 nmethod 949 0x000002aa99ebb990 code [0x000002aa99ebbb60, 0x000002aa99ebc0d8]
Event: 1.166 Thread 0x000002aaad770800  950       3       java.io.DataInputStream::readUTF (501 bytes)
Event: 1.169 Thread 0x000002aaad770800 nmethod 950 0x000002aa99ebc290 code [0x000002aa99ebc760, 0x000002aa99ebef78]
Event: 1.169 Thread 0x000002aaad76a800 nmethod 928 0x000002aaa129ee10 code [0x000002aaa129efa0, 0x000002aaa129f1d8]
Event: 1.170 Thread 0x000002aaad770800  951  s    3       java.io.BufferedInputStream::read (113 bytes)
Event: 1.170 Thread 0x000002aaad770800 nmethod 951 0x000002aa99ebfd90 code [0x000002aa99ebffa0, 0x000002aa99ec0978]
Event: 1.170 Thread 0x000002aaad770800  955       3       java.io.DataInputStream::readFully (63 bytes)
Event: 1.171 Thread 0x000002aaad770800 nmethod 955 0x000002aa99ec0c10 code [0x000002aa99ec0e00, 0x000002aa99ec12a8]
Event: 1.171 Thread 0x000002aaad770800  952       3       java.io.BufferedInputStream::read1 (108 bytes)
Event: 1.172 Thread 0x000002aaad770800 nmethod 952 0x000002aa99ec1490 code [0x000002aa99ec16c0, 0x000002aa99ec1fd8]
Event: 1.172 Thread 0x000002aaad770800  953       3       java.io.DataInputStream::readUTF (5 bytes)
Event: 1.172 Thread 0x000002aaad770800 nmethod 953 0x000002aa99ec2290 code [0x000002aa99ec2440, 0x000002aa99ec2588]
Event: 1.172 Thread 0x000002aaad770800  954       3       java.io.DataInputStream::readUnsignedShort (39 bytes)

GC Heap History (16 events):
Event: 0.373 GC heap before
{Heap before GC invocations=0 (full 0):
 garbage-first heap   total 8192K, used 4096K [0x00000000c4a00000, 0x0000000100000000)
  region size 1024K, 3 young (3072K), 0 survivors (0K)
 Metaspace       used 2377K, capacity 5984K, committed 6016K, reserved 1056768K
  class space    used 280K, capacity 638K, committed 640K, reserved 1048576K
}
Event: 0.378 GC heap after
{Heap after GC invocations=1 (full 0):
 garbage-first heap   total 8192K, used 2126K [0x00000000c4a00000, 0x0000000100000000)
  region size 1024K, 1 young (1024K), 1 survivors (1024K)
 Metaspace       used 2377K, capacity 5984K, committed 6016K, reserved 1056768K
  class space    used 280K, capacity 638K, committed 640K, reserved 1048576K
}
Event: 0.471 GC heap before
{Heap before GC invocations=1 (full 0):
 garbage-first heap   total 8192K, used 3150K [0x00000000c4a00000, 0x0000000100000000)
  region size 1024K, 2 young (2048K), 1 survivors (1024K)
 Metaspace       used 2883K, capacity 6247K, committed 6400K, reserved 1056768K
  class space    used 359K, capacity 686K, committed 768K, reserved 1048576K
}
Event: 0.476 GC heap after
{Heap after GC invocations=2 (full 0):
 garbage-first heap   total 8192K, used 1286K [0x00000000c4a00000, 0x0000000100000000)
  region size 1024K, 1 young (1024K), 1 survivors (1024K)
 Metaspace       used 2883K, capacity 6247K, committed 6400K, reserved 1056768K
  class space    used 359K, capacity 686K, committed 768K, reserved 1048576K
}
Event: 0.614 GC heap before
{Heap before GC invocations=2 (full 0):
 garbage-first heap   total 8192K, used 2310K [0x00000000c4a00000, 0x0000000100000000)
  region size 1024K, 2 young (2048K), 1 survivors (1024K)
 Metaspace       used 4571K, capacity 7933K, committed 8064K, reserved 1056768K
  class space    used 570K, capacity 886K, committed 896K, reserved 1048576K
}
Event: 0.616 GC heap after
{Heap after GC invocations=3 (full 0):
 garbage-first heap   total 8192K, used 1743K [0x00000000c4a00000, 0x0000000100000000)
  region size 1024K, 1 young (1024K), 1 survivors (1024K)
 Metaspace       used 4571K, capacity 7933K, committed 8064K, reserved 1056768K
  class space    used 570K, capacity 886K, committed 896K, reserved 1048576K
}
Event: 0.737 GC heap before
{Heap before GC invocations=3 (full 0):
 garbage-first heap   total 8192K, used 1743K [0x00000000c4a00000, 0x0000000100000000)
  region size 1024K, 2 young (2048K), 1 survivors (1024K)
 Metaspace       used 6177K, capacity 9604K, committed 9856K, reserved 1058816K
  class space    used 753K, capacity 1105K, committed 1152K, reserved 1048576K
}
Event: 0.739 GC heap after
{Heap after GC invocations=4 (full 0):
 garbage-first heap   total 8192K, used 2068K [0x00000000c4a00000, 0x0000000100000000)
  region size 1024K, 1 young (1024K), 1 survivors (1024K)
 Metaspace       used 6177K, capacity 9604K, committed 9856K, reserved 1058816K
  class space    used 753K, capacity 1105K, committed 1152K, reserved 1048576K
}
Event: 0.836 GC heap before
{Heap before GC invocations=4 (full 0):
 garbage-first heap   total 8192K, used 2068K [0x00000000c4a00000, 0x0000000100000000)
  region size 1024K, 2 young (2048K), 1 survivors (1024K)
 Metaspace       used 7168K, capacity 10430K, committed 10752K, reserved 1058816K
  class space    used 888K, capacity 1210K, committed 1280K, reserved 1048576K
}
Event: 0.839 GC heap after
{Heap after GC invocations=5 (full 0):
 garbage-first heap   total 10240K, used 2516K [0x00000000c4a00000, 0x0000000100000000)
  region size 1024K, 1 young (1024K), 1 survivors (1024K)
 Metaspace       used 7168K, capacity 10430K, committed 10752K, reserved 1058816K
  class space    used 888K, capacity 1210K, committed 1280K, reserved 1048576K
}
Event: 1.024 GC heap before
{Heap before GC invocations=5 (full 0):
 garbage-first heap   total 10240K, used 5588K [0x00000000c4a00000, 0x0000000100000000)
  region size 1024K, 3 young (3072K), 1 survivors (1024K)
 Metaspace       used 8110K, capacity 11142K, committed 11392K, reserved 1058816K
  class space    used 966K, capacity 1299K, committed 1408K, reserved 1048576K
}
Event: 1.029 GC heap after
{Heap after GC invocations=6 (full 0):
 garbage-first heap   total 10240K, used 4299K [0x00000000c4a00000, 0x0000000100000000)
  region size 1024K, 1 young (1024K), 1 survivors (1024K)
 Metaspace       used 8110K, capacity 11142K, committed 11392K, reserved 1058816K
  class space    used 966K, capacity 1299K, committed 1408K, reserved 1048576K
}
Event: 1.074 GC heap before
{Heap before GC invocations=6 (full 0):
 garbage-first heap   total 10240K, used 5323K [0x00000000c4a00000, 0x0000000100000000)
  region size 1024K, 2 young (2048K), 1 survivors (1024K)
 Metaspace       used 8230K, capacity 11228K, committed 11392K, reserved 1058816K
  class space    used 980K, capacity 1306K, committed 1408K, reserved 1048576K
}
Event: 1.080 GC heap after
{Heap after GC invocations=7 (full 0):
 garbage-first heap   total 10240K, used 4969K [0x00000000c4a00000, 0x0000000100000000)
  region size 1024K, 1 young (1024K), 1 survivors (1024K)
 Metaspace       used 8230K, capacity 11228K, committed 11392K, reserved 1058816K
  class space    used 980K, capacity 1306K, committed 1408K, reserved 1048576K
}
Event: 1.155 GC heap before
{Heap before GC invocations=7 (full 0):
 garbage-first heap   total 10240K, used 5993K [0x00000000c4a00000, 0x0000000100000000)
  region size 1024K, 2 young (2048K), 1 survivors (1024K)
 Metaspace       used 8619K, capacity 11496K, committed 11648K, reserved 1058816K
  class space    used 1031K, capacity 1353K, committed 1408K, reserved 1048576K
}
Event: 1.159 GC heap after
{Heap after GC invocations=8 (full 0):
 garbage-first heap   total 10240K, used 5492K [0x00000000c4a00000, 0x0000000100000000)
  region size 1024K, 1 young (1024K), 1 survivors (1024K)
 Metaspace       used 8619K, capacity 11496K, committed 11648K, reserved 1058816K
  class space    used 1031K, capacity 1353K, committed 1408K, reserved 1048576K
}

Deoptimization events (20 events):
Event: 0.219 Thread 0x000002aa90fe4000 Uncommon trap: trap_request=0xffffffde fr.pc=0x000002aaa125da4c relative=0x000000000000086c
Event: 0.219 Thread 0x000002aa90fe4000 Uncommon trap: reason=class_check action=maybe_recompile pc=0x000002aaa125da4c method=java.util.HashMap.putVal(ILjava/lang/Object;Ljava/lang/Object;ZZ)Ljava/lang/Object; @ 152 c2
Event: 0.219 Thread 0x000002aa90fe4000 DEOPT PACKING pc=0x000002aaa125da4c sp=0x000000f8c78fd750
Event: 0.219 Thread 0x000002aa90fe4000 DEOPT UNPACKING pc=0x000002aa997c912f sp=0x000000f8c78fd6d0 mode 2
Event: 0.324 Thread 0x000002aa90fe4000 Uncommon trap: trap_request=0xffffff45 fr.pc=0x000002aaa1268224 relative=0x00000000000009c4
Event: 0.324 Thread 0x000002aa90fe4000 Uncommon trap: reason=unstable_if action=reinterpret pc=0x000002aaa1268224 method=java.util.HashMap.putVal(ILjava/lang/Object;Ljava/lang/Object;ZZ)Ljava/lang/Object; @ 181 c2
Event: 0.324 Thread 0x000002aa90fe4000 DEOPT PACKING pc=0x000002aaa1268224 sp=0x000000f8c78fec60
Event: 0.324 Thread 0x000002aa90fe4000 DEOPT UNPACKING pc=0x000002aa997c912f sp=0x000000f8c78fec00 mode 2
Event: 0.347 Thread 0x000002aa90fe4000 Uncommon trap: trap_request=0xffffff45 fr.pc=0x000002aaa1260010 relative=0x0000000000000070
Event: 0.347 Thread 0x000002aa90fe4000 Uncommon trap: reason=unstable_if action=reinterpret pc=0x000002aaa1260010 method=java.nio.Buffer.hasRemaining()Z @ 8 c2
Event: 0.347 Thread 0x000002aa90fe4000 DEOPT PACKING pc=0x000002aaa1260010 sp=0x000000f8c78fe560
Event: 0.347 Thread 0x000002aa90fe4000 DEOPT UNPACKING pc=0x000002aa997c912f sp=0x000000f8c78fe4f8 mode 2
Event: 0.401 Thread 0x000002aa90fe4000 Uncommon trap: trap_request=0xffffff45 fr.pc=0x000002aaa1270868 relative=0x00000000000001c8
Event: 0.401 Thread 0x000002aa90fe4000 Uncommon trap: reason=unstable_if action=reinterpret pc=0x000002aaa1270868 method=java.util.zip.ZipFile$Source.isMetaName([BII)Z @ 43 c2
Event: 0.401 Thread 0x000002aa90fe4000 DEOPT PACKING pc=0x000002aaa1270868 sp=0x000000f8c78fe870
Event: 0.401 Thread 0x000002aa90fe4000 DEOPT UNPACKING pc=0x000002aa997c912f sp=0x000000f8c78fe818 mode 2
Event: 0.827 Thread 0x000002aa90fe4000 Uncommon trap: trap_request=0xffffff45 fr.pc=0x000002aaa127e92c relative=0x00000000000002ec
Event: 0.827 Thread 0x000002aa90fe4000 Uncommon trap: reason=unstable_if action=reinterpret pc=0x000002aaa127e92c method=java.lang.String.regionMatches(ILjava/lang/String;II)Z @ 32 c2
Event: 0.827 Thread 0x000002aa90fe4000 DEOPT PACKING pc=0x000002aaa127e92c sp=0x000000f8c78fe8e0
Event: 0.827 Thread 0x000002aa90fe4000 DEOPT UNPACKING pc=0x000002aa997c912f sp=0x000000f8c78fe860 mode 2

Classes unloaded (0 events):
No events

Classes redefined (0 events):
No events

Internal exceptions (20 events):
Event: 0.422 Thread 0x000002aa90fe4000 Exception <a 'sun/nio/fs/WindowsException'{0x00000000c5189370}> (0x00000000c5189370) 
thrown [./open/src/hotspot/share/prims/jni.cpp, line 599]
Event: 0.423 Thread 0x000002aa90fe4000 Exception <a 'sun/nio/fs/WindowsException'{0x00000000c5189b98}> (0x00000000c5189b98) 
thrown [./open/src/hotspot/share/prims/jni.cpp, line 599]
Event: 0.424 Thread 0x000002aa90fe4000 Exception <a 'sun/nio/fs/WindowsException'{0x00000000c518a868}> (0x00000000c518a868) 
thrown [./open/src/hotspot/share/prims/jni.cpp, line 599]
Event: 0.424 Thread 0x000002aa90fe4000 Exception <a 'sun/nio/fs/WindowsException'{0x00000000c518abb8}> (0x00000000c518abb8) 
thrown [./open/src/hotspot/share/prims/jni.cpp, line 599]
Event: 0.425 Thread 0x000002aa90fe4000 Exception <a 'java/lang/NoSuchMethodError'{0x00000000c518bdd8}: 'void java.lang.invoke.DirectMethodHandle$Holder.invokeSpecial(java.lang.Object, java.lang.Object, java.lang.Object, java.lang.Object)'> (0x00000000c518bdd8) 
thrown [./open/src/hotspot/share/interpreter/linkResolver.cpp, line 766]
Event: 0.426 Thread 0x000002aa90fe4000 Exception <a 'java/lang/NoSuchMethodError'{0x00000000c51923f0}: 'int java.lang.invoke.DirectMethodHandle$Holder.invokeVirtual(java.lang.Object, java.lang.Object, java.lang.Object)'> (0x00000000c51923f0) 
thrown [./open/src/hotspot/share/interpreter/linkResolver.cpp, line 766]
Event: 0.455 Thread 0x000002aa90fe4000 Exception <a 'java/lang/NoSuchMethodError'{0x00000000c51d4080}: 'int java.lang.invoke.DirectMethodHandle$Holder.invokeSpecialIFC(java.lang.Object, java.lang.Object, int)'> (0x00000000c51d4080) 
thrown [./open/src/hotspot/share/interpreter/linkResolver.cpp, line 766]
Event: 0.593 Thread 0x000002aa90fe4000 Exception <a 'java/lang/NoSuchMethodError'{0x00000000c51f0800}: 'int java.lang.invoke.DirectMethodHandle$Holder.invokeStaticInit(java.lang.Object, java.lang.Object)'> (0x00000000c51f0800) 
thrown [./open/src/hotspot/share/interpreter/linkResolver.cpp, line 766]
Event: 0.716 Thread 0x000002aa90fe4000 Exception <a 'java/lang/NoSuchMethodError'{0x00000000c51b6e18}: 'int java.lang.invoke.DirectMethodHandle$Holder.invokeVirtual(java.lang.Object, java.lang.Object)'> (0x00000000c51b6e18) 
thrown [./open/src/hotspot/share/interpreter/linkResolver.cpp, line 766]
Event: 0.729 Thread 0x000002aa90fe4000 Exception <a 'java/lang/NoSuchMethodError'{0x00000000c51e6f00}: 'java.lang.Object java.lang.invoke.Invokers$Holder.linkToTargetMethod(java.lang.Object, java.lang.Object, java.lang.Object, java.lang.Object, java.lang.Object, java.lang.Object)'> (0x00000000c51e6f00) 
thrown [./open/src/hotspot/share/interpreter/linkResolver.cpp, line 766]
Event: 0.771 Thread 0x000002aa90fe4000 Exception <a 'sun/nio/fs/WindowsException'{0x00000000c513e750}> (0x00000000c513e750) 
thrown [./open/src/hotspot/share/prims/jni.cpp, line 599]
Event: 0.771 Thread 0x000002aa90fe4000 Exception <a 'sun/nio/fs/WindowsException'{0x00000000c513e990}> (0x00000000c513e990) 
thrown [./open/src/hotspot/share/prims/jni.cpp, line 599]
Event: 0.978 Thread 0x000002aa90fe4000 Exception <a 'sun/nio/fs/WindowsException'{0x00000000c53fb758}> (0x00000000c53fb758) 
thrown [./open/src/hotspot/share/prims/jni.cpp, line 599]
Event: 0.978 Thread 0x000002aa90fe4000 Exception <a 'sun/nio/fs/WindowsException'{0x00000000c53fba88}> (0x00000000c53fba88) 
thrown [./open/src/hotspot/share/prims/jni.cpp, line 599]
Event: 0.979 Thread 0x000002aa90fe4000 Exception <a 'sun/nio/fs/WindowsException'{0x00000000c53fc728}> (0x00000000c53fc728) 
thrown [./open/src/hotspot/share/prims/jni.cpp, line 599]
Event: 0.979 Thread 0x000002aa90fe4000 Exception <a 'sun/nio/fs/WindowsException'{0x00000000c53fcaa8}> (0x00000000c53fcaa8) 
thrown [./open/src/hotspot/share/prims/jni.cpp, line 599]
Event: 1.014 Thread 0x000002aa90fe4000 Exception <a 'java/lang/NoSuchMethodError'{0x00000000c52d9988}: 'int java.lang.invoke.DirectMethodHandle$Holder.invokeSpecial(java.lang.Object, java.lang.Object, java.lang.Object, java.lang.Object)'> (0x00000000c52d9988) 
thrown [./open/src/hotspot/share/interpreter/linkResolver.cpp, line 766]
Event: 1.019 Thread 0x000002aa90fe4000 Exception <a 'java/lang/NoSuchMethodError'{0x00000000c52eaf10}: 'java.lang.Object java.lang.invoke.DirectMethodHandle$Holder.invokeVirtual(java.lang.Object, java.lang.Object, java.lang.Object, int, int)'> (0x00000000c52eaf10) 
thrown [./open/src/hotspot/share/interpreter/linkResolver.cpp, line 766]
Event: 1.020 Thread 0x000002aa90fe4000 Exception <a 'java/lang/NoSuchMethodError'{0x00000000c52f13f8}: 'java.lang.Object java.lang.invoke.DirectMethodHandle$Holder.invokeVirtual(java.lang.Object, java.lang.Object, int)'> (0x00000000c52f13f8) 
thrown [./open/src/hotspot/share/interpreter/linkResolver.cpp, line 766]
Event: 1.023 Thread 0x000002aa90fe4000 Exception <a 'java/lang/NoSuchMethodError'{0x00000000c52fa4d0}: 'java.lang.Object java.lang.invoke.DirectMethodHandle$Holder.invokeSpecial(java.lang.Object, java.lang.Object, java.lang.Object, int, int)'> (0x00000000c52fa4d0) 
thrown [./open/src/hotspot/share/interpreter/linkResolver.cpp, line 766]

Events (20 events):
Event: 1.117 loading class sun/nio/fs/WindowsFileSystemProvider$1 done
Event: 1.118 loading class sun/nio/fs/WindowsSecurity
Event: 1.118 loading class sun/nio/fs/WindowsSecurity done
Event: 1.119 loading class sun/nio/fs/WindowsFileStore
Event: 1.119 loading class sun/nio/fs/WindowsFileStore done
Event: 1.128 loading class java/nio/file/AccessDeniedException
Event: 1.128 loading class java/nio/file/AccessDeniedException done
Event: 1.130 loading class sun/nio/fs/WindowsChannelFactory$2
Event: 1.130 loading class sun/nio/fs/WindowsChannelFactory$2 done
Event: 1.130 loading class java/nio/channels/spi/AbstractInterruptibleChannel$1
Event: 1.130 loading class sun/nio/ch/Interruptible
Event: 1.130 loading class sun/nio/ch/Interruptible done
Event: 1.130 loading class java/nio/channels/spi/AbstractInterruptibleChannel$1 done
Event: 1.152 loading class java/time/DateTimeException
Event: 1.152 loading class java/time/DateTimeException done
Event: 1.152 loading class java/util/regex/PatternSyntaxException
Event: 1.152 loading class java/util/regex/PatternSyntaxException done
Event: 1.154 Executing VM operation: G1CollectForAllocation
Event: 1.160 Executing VM operation: G1CollectForAllocation done
Event: 1.172 Executing VM operation: G1Concurrent


Dynamic libraries:
0x00007ff673420000 - 0x00007ff673427000 	C:\Program Files\Java\jdk-14.0.2\bin\javac.exe
0x00007ffc4a880000 - 0x00007ffc4aa70000 	C:\Windows\SYSTEM32\ntdll.dll
0x00007ffc49e60000 - 0x00007ffc49f12000 	C:\Windows\System32\KERNEL32.DLL
0x00007ffc48680000 - 0x00007ffc48925000 	C:\Windows\System32\KERNELBASE.dll
0x00007ffc47ca0000 - 0x00007ffc47d9a000 	C:\Windows\System32\ucrtbase.dll
0x00007ffc27b70000 - 0x00007ffc27b88000 	C:\Program Files\Java\jdk-14.0.2\bin\jli.dll
0x00007ffc4a250000 - 0x00007ffc4a2f3000 	C:\Windows\System32\ADVAPI32.dll
0x00007ffc494a0000 - 0x00007ffc4953e000 	C:\Windows\System32\msvcrt.dll
0x00007ffc49880000 - 0x00007ffc49917000 	C:\Windows\System32\sechost.dll
0x00007ffc36c30000 - 0x00007ffc36c45000 	C:\Program Files\Java\jdk-14.0.2\bin\VCRUNTIME140.dll
0x00007ffc4a3e0000 - 0x00007ffc4a4ff000 	C:\Windows\System32\RPCRT4.dll
0x00007ffc49f20000 - 0x00007ffc4a0b4000 	C:\Windows\System32\USER32.dll
0x00007ffc47da0000 - 0x00007ffc47dc1000 	C:\Windows\System32\win32u.dll
0x00007ffc4a220000 - 0x00007ffc4a246000 	C:\Windows\System32\GDI32.dll
0x00007ffc47950000 - 0x00007ffc47ae8000 	C:\Windows\System32\gdi32full.dll
0x00007ffc47af0000 - 0x00007ffc47b8e000 	C:\Windows\System32\msvcp_win.dll
0x00007ffc39560000 - 0x00007ffc397e4000 	C:\Windows\WinSxS\amd64_microsoft.windows.common-controls_6595b64144ccf1df_6.0.18362.1556_none_9e7e372fe45e41d5\COMCTL32.dll
0x00007ffc4a500000 - 0x00007ffc4a836000 	C:\Windows\System32\combase.dll
0x00007ffc47e70000 - 0x00007ffc47ef1000 	C:\Windows\System32\bcryptPrimitives.dll
0x00007ffc3af60000 - 0x00007ffc3af6a000 	C:\Windows\SYSTEM32\VERSION.dll
0x00007ffc4a0c0000 - 0x00007ffc4a0ee000 	C:\Windows\System32\IMM32.DLL
0x00007ffc1b180000 - 0x00007ffc1b21b000 	C:\Program Files\Java\jdk-14.0.2\bin\msvcp140.dll
0x00007ffc03490000 - 0x00007ffc03fae000 	C:\Program Files\Java\jdk-14.0.2\bin\server\jvm.dll
0x00007ffc48bc0000 - 0x00007ffc48bc8000 	C:\Windows\System32\PSAPI.DLL
0x00007ffc31570000 - 0x00007ffc31579000 	C:\Windows\SYSTEM32\WSOCK32.dll
0x00007ffc49df0000 - 0x00007ffc49e5f000 	C:\Windows\System32\WS2_32.dll
0x00007ffc44250000 - 0x00007ffc44274000 	C:\Windows\SYSTEM32\WINMM.dll
0x00007ffc44220000 - 0x00007ffc4424d000 	C:\Windows\SYSTEM32\WINMMBASE.dll
0x00007ffc47e20000 - 0x00007ffc47e6a000 	C:\Windows\System32\cfgmgr32.dll
0x00007ffc477b0000 - 0x00007ffc477c1000 	C:\Windows\System32\kernel.appcore.dll
0x00007ffc40da0000 - 0x00007ffc40daa000 	C:\Program Files\Java\jdk-14.0.2\bin\jimage.dll
0x00007ffc33d60000 - 0x00007ffc33f54000 	C:\Windows\SYSTEM32\DBGHELP.DLL
0x00007ffc2e170000 - 0x00007ffc2e19a000 	C:\Windows\SYSTEM32\dbgcore.DLL
0x00007ffc2e530000 - 0x00007ffc2e555000 	C:\Program Files\Java\jdk-14.0.2\bin\java.dll
0x00007ffc35b20000 - 0x00007ffc35b36000 	C:\Program Files\Java\jdk-14.0.2\bin\zip.dll
0x00007ffc48be0000 - 0x00007ffc492c7000 	C:\Windows\System32\SHELL32.dll
0x00007ffc49680000 - 0x00007ffc49728000 	C:\Windows\System32\shcore.dll
0x00007ffc47f00000 - 0x00007ffc4867b000 	C:\Windows\System32\windows.storage.dll
0x00007ffc477d0000 - 0x00007ffc477ee000 	C:\Windows\System32\profapi.dll
0x00007ffc47760000 - 0x00007ffc477aa000 	C:\Windows\System32\powrprof.dll
0x00007ffc47730000 - 0x00007ffc47740000 	C:\Windows\System32\UMPDC.dll
0x00007ffc49d90000 - 0x00007ffc49de2000 	C:\Windows\System32\shlwapi.dll
0x00007ffc47e00000 - 0x00007ffc47e17000 	C:\Windows\System32\cryptsp.dll
0x00007ffc358a0000 - 0x00007ffc358b9000 	C:\Program Files\Java\jdk-14.0.2\bin\net.dll
0x00007ffc3b160000 - 0x00007ffc3b25a000 	C:\Windows\SYSTEM32\WINHTTP.dll
0x00007ffc46f70000 - 0x00007ffc46fd7000 	C:\Windows\system32\mswsock.dll
0x00007ffc35470000 - 0x00007ffc35482000 	C:\Program Files\Java\jdk-14.0.2\bin\nio.dll

dbghelp: loaded successfully - version: 4.0.5 - missing functions: none
symbol engine: initialized successfully - sym options: 0x614 - pdb path: .;C:\Program Files\Java\jdk-14.0.2\bin;C:\Windows\SYSTEM32;C:\Windows\WinSxS\amd64_microsoft.windows.common-controls_6595b64144ccf1df_6.0.18362.1556_none_9e7e372fe45e41d5;C:\Program Files\Java\jdk-14.0.2\bin\server

VM Arguments:
jvm_args: -Dapplication.home=C:\Program Files\Java\jdk-14.0.2 --add-modules=ALL-DEFAULT -Xms8m -Djdk.module.main=jdk.compiler 
java_command: jdk.compiler/com.sun.tools.javac.Main -d C:\Users\admin\Documents\NetBeansProjects\Travel Managment System\build\classes -classpath C:\Users\admin\Documents\NetBeansProjects\Travel Managment System\build\classes;C:\Users\admin\Documents\NetBeansProjects\Travel Managment System\mysql-connector-java-8.0.23\mysql-connector-java-8.0.23.jar;F:\netbeans\netbeans\ide\modules\ext\jaxb\activation.jar;F:\netbeans\netbeans\enterprise\modules\ext\metro\webservices-api.jar;F:\netbeans\netbeans\enterprise\modules\ext\metro\webservices-extra-api.jar;F:\netbeans\netbeans\enterprise\modules\ext\metro\webservices-extra.jar;F:\netbeans\netbeans\enterprise\modules\ext\metro\webservices-rt.jar;F:\netbeans\netbeans\enterprise\modules\ext\metro\webservices-tools.jar;C:\Users\admin\Documents\NetBeansProjects;C:\Users\admin\Documents\NetBeansProjects\Travel Managment System\src\travel\management\Jar;C:\Users\admin\Documents\NetBeansProjects\Travel Managment System\src\travel\management\Jar\rs2xml.jar;C:\Users\admin\Documents\Hosp\mysql-connector-java-8.0.23\rs2xml.jar;F:\netbeans\netbeans\java\modules\ext\AbsoluteLayout.jar -sourcepath C:\Users\admin\Documents\NetBeansProjects\Travel Managment System\src -target 14 -encoding UTF-8 -g --enable-preview -processorpath C:\Users\admin\Documents\NetBeansProjects\Travel Managment System\mysql-connector-java-8.0.23\mysql-connector-java-8.0.23.jar;F:\netbeans\netbeans\ide\modules\ext\jaxb\activation.jar;F:\netbeans\netbeans\enterprise\modules\ext\metro\webservices-api.jar;F:\netbeans\netbeans\enterprise\modules\ext\metro\webservices-extra-api.jar;F:\netbeans\netbeans\enterprise\modules\ext\metro\webservices-extra.jar;F:\netbeans\netbeans\enterprise\modules\ext\metro\webservices-rt.jar;F:\netbeans\netbeans\enterprise\modules\ext\metro\webservices-tools.jar;C:\Users\admin\Documents\NetBeansProjects;C:\Users\admin\Documents\NetBeansProjects\Travel Managment System\src\travel\management\Jar;C:\Users\admin\Documents\NetBeansProjects\Trave
java_class_path (initial): <not set>
Launcher Type: SUN_STANDARD

[Global flags]
     intx CICompilerCount                          = 3                                         {product} {ergonomic}
     uint ConcGCThreads                            = 1                                         {product} {ergonomic}
     uint G1ConcRefinementThreads                  = 4                                         {product} {ergonomic}
   size_t G1HeapRegionSize                         = 1048576                                   {product} {ergonomic}
    uintx GCDrainStackTargetSize                   = 64                                        {product} {ergonomic}
   size_t InitialHeapSize                          = 8388608                                   {product} {command line}
   size_t MarkStackSize                            = 4194304                                   {product} {ergonomic}
   size_t MaxHeapSize                              = 996147200                                 {product} {ergonomic}
   size_t MaxNewSize                               = 597688320                                 {product} {ergonomic}
   size_t MinHeapDeltaBytes                        = 1048576                                   {product} {ergonomic}
   size_t MinHeapSize                              = 8388608                                   {product} {command line}
    uintx NonNMethodCodeHeapSize                   = 5832780                                {pd product} {ergonomic}
    uintx NonProfiledCodeHeapSize                  = 122912730                              {pd product} {ergonomic}
    uintx ProfiledCodeHeapSize                     = 122912730                              {pd product} {ergonomic}
    uintx ReservedCodeCacheSize                    = 251658240                              {pd product} {ergonomic}
     bool SegmentedCodeCache                       = true                                      {product} {ergonomic}
   size_t SoftMaxHeapSize                          = 996147200                              {manageable} {ergonomic}
     bool UseCompressedClassPointers               = true                                 {lp64_product} {ergonomic}
     bool UseCompressedOops                        = true                                 {lp64_product} {ergonomic}
     bool UseG1GC                                  = true                                      {product} {ergonomic}
     bool UseLargePagesIndividualAllocation        = false                                  {pd product} {ergonomic}

Logging:
Log output configuration:
 #0: stdout all=warning uptime,level,tags
 #1: stderr all=off uptime,level,tags

Environment Variables:
JAVA_HOME=C:\Program Files\Java\jdk-14.0.2
PATH=C:\Windows\system32;C:\Windows;C:\Windows\System32\Wbem;C:\Windows\System32\WindowsPowerShell\v1.0\;C:\Windows\System32\OpenSSH\;C:\Program Files\Java\jdk-14.0.2\bin;c:\Program Files (x86)\Microsoft SQL Server\90\Tools\binn\;C:\Program Files\MySQL\MySQL Server 5.5\bin;C:\Program Files\Microsoft VS Code\bin;C:\Program Files\Git\cmd;C:\Program Files\Java\jdk-14.0.2\bin;C:\Program Files (x86)\mingw-w64\i686-8.1.0-posix-dwarf-rt_v6-rev0\mingw32\bin;C:\Program Files\Java\jdk-14.0.2\bin;C:\Program Files\nodejs;C:\Program Files\nodejs\;C:\Program Files\Java\jdk-14.0.2\bin;C:\Program Files\nodejs;C:\Users\admin\AppData\Roaming\npm
USERNAME=admin
OS=Windows_NT
PROCESSOR_IDENTIFIER=Intel64 Family 6 Model 78 Stepping 3, GenuineIntel



---------------  S Y S T E M  ---------------

OS: Windows 10 , 64 bit Build 18362 (10.0.18362.1500)
OS uptime: 14 days 22:33 hours

CPU:total 4 (initial active 4) (2 cores per cpu, 2 threads per core) family 6 model 78 stepping 3, cmov, cx8, fxsr, mmx, sse, sse2, sse3, ssse3, sse4.1, sse4.2, popcnt, avx, avx2, aes, clmul, erms, rtm, 3dnowpref, lzcnt, ht, tsc, tscinvbit, bmi1, bmi2, adx, fma

Memory: 4k page, system-wide physical 3795M (343M free)
TotalPageFile size 15571M (AvailPageFile size 3M)
current process WorkingSet (physical memory assigned to process): 63M, peak: 63M
current process commit charge ("private bytes"): 96M, peak: 98M

vm_info: Java HotSpot(TM) 64-Bit Server VM (14.0.2+12-46) for windows-amd64 JRE (14.0.2+12-46), built on Jul  9 2020 00:35:52 by "mach5one" with MS VC++ 15.9 (VS2017)

END.
