#
# There is insufficient memory for the Java Runtime Environment to continue.
# Native memory allocation (malloc) failed to allocate 120176 bytes for Chunk::new
# Possible reasons:
#   The system is out of physical RAM or swap space
#   The process is running with CompressedOops enabled, and the Java Heap may be blocking the growth of the native heap
# Possible solutions:
#   Reduce memory load on the system
#   Increase physical memory or swap space
#   Check if swap backing store is full
#   Decrease Java heap size (-Xmx/-Xms)
#   Decrease number of Java threads
#   Decrease Java thread stack sizes (-Xss)
#   Set larger code cache with -XX:ReservedCodeCacheSize=
#   JVM is running with Unscaled Compressed Oops mode in which the Java heap is
#     placed in the first 4GB address space. The Java Heap base address is the
#     maximum limit for the native heap growth. Please use -XX:HeapBaseMinAddress
#     to set the Java Heap base and to place the Java Heap above 4GB virtual address.
# This output file may be truncated or incomplete.
#
#  Out of Memory Error (./open/src/hotspot/share/memory/arena.cpp:195), pid=20992, tid=21124
#
# JRE version: Java(TM) SE Runtime Environment (14.0.2+12) (build 14.0.2+12-46)
# Java VM: Java HotSpot(TM) 64-Bit Server VM (14.0.2+12-46, mixed mode, sharing, tiered, compressed oops, g1 gc, windows-amd64)
# No core dump will be written. Minidumps are not enabled by default on client versions of Windows
#

---------------  S U M M A R Y ------------

Command Line: -Dapplication.home=C:\Program Files\Java\jdk-14.0.2 --add-modules=ALL-DEFAULT -Xms8m -Djdk.module.main=jdk.compiler jdk.compiler/com.sun.tools.javac.Main -d C:\Users\admin\Documents\NetBeansProjects\Travel Managment System\build\classes -classpath C:\Users\admin\Documents\NetBeansProjects\Travel Managment System\build\classes;C:\Users\admin\Documents\NetBeansProjects\Travel Managment System\mysql-connector-java-8.0.23\mysql-connector-java-8.0.23.jar;F:\netbeans\netbeans\ide\modules\ext\jaxb\activation.jar;F:\netbeans\netbeans\enterprise\modules\ext\metro\webservices-api.jar;F:\netbeans\netbeans\enterprise\modules\ext\metro\webservices-extra-api.jar;F:\netbeans\netbeans\enterprise\modules\ext\metro\webservices-extra.jar;F:\netbeans\netbeans\enterprise\modules\ext\metro\webservices-rt.jar;F:\netbeans\netbeans\enterprise\modules\ext\metro\webservices-tools.jar;C:\Users\admin\Documents\NetBeansProjects;C:\Users\admin\Documents\NetBeansProjects\Travel Managment System\src\travel\management\Jar;C:\Users\admin\Documents\NetBeansProjects\Travel Managment System\src\travel\management\Jar\rs2xml.jar;C:\Users\admin\Documents\Hosp\mysql-connector-java-8.0.23\rs2xml.jar;F:\netbeans\netbeans\java\modules\ext\AbsoluteLayout.jar -sourcepath C:\Users\admin\Documents\NetBeansProjects\Travel Managment System\src -target 14 -encoding UTF-8 -g --enable-preview -processorpath C:\Users\admin\Documents\NetBeansProjects\Travel Managment System\mysql-connector-java-8.0.23\mysql-connector-java-8.0.23.jar;F:\netbeans\netbeans\ide\modules\ext\jaxb\activation.jar;F:\netbeans\netbeans\enterprise\modules\ext\metro\webservices-api.jar;F:\netbeans\netbeans\enterprise\modules\ext\metro\webservices-extra-api.jar;F:\netbeans\netbeans\enterprise\modules\ext\metro\webservices-extra.jar;F:\netbeans\netbeans\enterprise\modules\ext\metro\webservices-rt.jar;F:\netbeans\netbeans\enterprise\modules\ext\metro\webservices-tools.jar;C:\Users\admin\Documents\NetBeansProjects;C:\Users\admin\Documents\NetBeansProjects\Travel Managment System\src\travel\management\Jar;C:\Users\admin\Documents\NetBeansProjects\Travel Managment System\src\travel\management\Jar\rs2xml.jar;C:\Users\admin\Documents\Hosp\mysql-connector-java-8.0.23\rs2xml.jar;F:\netbeans\netbeans\java\modules\ext\AbsoluteLayout.jar;C:\Users\admin\Documents\NetBeansProjects\Travel Managment System\build\empty -s C:\Users\admin\Documents\NetBeansProjects\Travel Managment System\build\generated-sources\ap-source-output -source 14 C:\Users\admin\Documents\NetBeansProjects\Travel Managment System\src\travel\managment\system\Dashboard.java

Host: Intel(R) Core(TM) i3-6100U CPU @ 2.30GHz, 4 cores, 3G,  Windows 10 , 64 bit Build 18362 (10.0.18362.1500)
Time: Thu Apr 28 12:22:32 2022 India Standard Time elapsed time: 1 seconds (0d 0h 0m 1s)

---------------  T H R E A D  ---------------

Current thread (0x000002ddb6333800):  JavaThread "C2 CompilerThread0" daemon [_thread_in_native, id=21124, stack(0x000000fb2c700000,0x000000fb2c800000)]


Current CompileTask:
C2:   1481 1147       4       jdk.nio.zipfs.ZipFileSystem::makeParentDirs (141 bytes)

Stack: [0x000000fb2c700000,0x000000fb2c800000]
Native frames: (J=compiled Java code, j=interpreted, Vv=VM code, C=native code)
V  [jvm.dll+0x5f8a9a]
V  [jvm.dll+0x74247a]
V  [jvm.dll+0x743c2f]
V  [jvm.dll+0x744273]
V  [jvm.dll+0x20d288]
V  [jvm.dll+0xabb07]
V  [jvm.dll+0xac1fc]
V  [jvm.dll+0x31c438]
V  [jvm.dll+0x18c8c0]
V  [jvm.dll+0x1e5efa]
V  [jvm.dll+0x1e50b8]
V  [jvm.dll+0x1779cc]
V  [jvm.dll+0x1f4105]
V  [jvm.dll+0x1f22eb]
V  [jvm.dll+0x7070cd]
V  [jvm.dll+0x6ffeda]
V  [jvm.dll+0x5f78f6]
C  [ucrtbase.dll+0x210b2]
C  [KERNEL32.DLL+0x17c24]
C  [ntdll.dll+0x6d721]


---------------  P R O C E S S  ---------------

Threads class SMR info:
_java_thread_list=0x000002ddb6582af0, length=11, elements={
0x000002dd99bc2000, 0x000002dd99c89800, 0x000002dd99c8a800, 0x000002ddb6320000,
0x000002ddb6325800, 0x000002ddb6326800, 0x000002ddb6333800, 0x000002ddb6341800,
0x000002ddb6362800, 0x000002ddb6525800, 0x000002ddb65af000
}

Java Threads: ( => current thread )
  0x000002dd99bc2000 JavaThread "main" [_thread_blocked, id=21048, stack(0x000000fb2bb00000,0x000000fb2bc00000)]
  0x000002dd99c89800 JavaThread "Reference Handler" daemon [_thread_blocked, id=20848, stack(0x000000fb2c200000,0x000000fb2c300000)]
  0x000002dd99c8a800 JavaThread "Finalizer" daemon [_thread_blocked, id=21108, stack(0x000000fb2c300000,0x000000fb2c400000)]
  0x000002ddb6320000 JavaThread "Signal Dispatcher" daemon [_thread_blocked, id=21112, stack(0x000000fb2c400000,0x000000fb2c500000)]
  0x000002ddb6325800 JavaThread "Attach Listener" daemon [_thread_blocked, id=21116, stack(0x000000fb2c500000,0x000000fb2c600000)]
  0x000002ddb6326800 JavaThread "Service Thread" daemon [_thread_blocked, id=21120, stack(0x000000fb2c600000,0x000000fb2c700000)]
=>0x000002ddb6333800 JavaThread "C2 CompilerThread0" daemon [_thread_in_native, id=21124, stack(0x000000fb2c700000,0x000000fb2c800000)]
  0x000002ddb6341800 JavaThread "C1 CompilerThread0" daemon [_thread_blocked, id=21128, stack(0x000000fb2c800000,0x000000fb2c900000)]
  0x000002ddb6362800 JavaThread "Sweeper thread" daemon [_thread_blocked, id=11360, stack(0x000000fb2c900000,0x000000fb2ca00000)]
  0x000002ddb6525800 JavaThread "Common-Cleaner" daemon [_thread_blocked, id=20212, stack(0x000000fb2ca00000,0x000000fb2cb00000)]
  0x000002ddb65af000 JavaThread "Notification Thread" daemon [_thread_blocked, id=17548, stack(0x000000fb2cb00000,0x000000fb2cc00000)]

Other Threads:
  0x000002dd99c82800 VMThread "VM Thread" [stack: 0x000000fb2c100000,0x000000fb2c200000] [id=20224]
  0x000002ddb65d0800 WatcherThread [stack: 0x000000fb2cc00000,0x000000fb2cd00000] [id=21144]
  0x000002dd99bf3800 GCTaskThread "GC Thread#0" [stack: 0x000000fb2bc00000,0x000000fb2bd00000] [id=21056]
  0x000002ddb6785800 GCTaskThread "GC Thread#1" [stack: 0x000000fb2cd00000,0x000000fb2ce00000] [id=21148]
  0x000002dd99bfd000 ConcurrentGCThread "G1 Main Marker" [stack: 0x000000fb2bd00000,0x000000fb2be00000] [id=21060]
  0x000002dd99bff000 ConcurrentGCThread "G1 Conc#0" [stack: 0x000000fb2be00000,0x000000fb2bf00000] [id=21068]
  0x000002dd99c1a800 ConcurrentGCThread "G1 Refine#0" [stack: 0x000000fb2bf00000,0x000000fb2c000000] [id=21072]
  0x000002dd99c1b800 ConcurrentGCThread "G1 Young RemSet Sampling" [stack: 0x000000fb2c000000,0x000000fb2c100000] [id=21076]

Threads with active compile tasks:
C2 CompilerThread0     1751 1147       4       jdk.nio.zipfs.ZipFileSystem::makeParentDirs (141 bytes)

VM state:at safepoint (normal execution)

VM Mutex/Monitor currently owned by a thread:  ([mutex/lock_event])
[0x000002dd99bbd2b0] Threads_lock - owner thread: 0x000002dd99c82800
[0x000002dd99bbd970] Heap_lock - owner thread: 0x000002dd99bfd000

Heap address: 0x00000000c4a00000, size: 950 MB, Compressed Oops mode: 32-bit
Narrow klass base: 0x0000000800000000, Narrow klass shift: 3
Compressed class space size: 1073741824 Address: 0x0000000800b30000

Heap:
 garbage-first heap   total 19456K, used 8973K [0x00000000c4a00000, 0x0000000100000000)
  region size 1024K, 2 young (2048K), 1 survivors (1024K)
 Metaspace       used 8887K, capacity 11496K, committed 11648K, reserved 1058816K
  class space    used 1054K, capacity 1353K, committed 1408K, reserved 1048576K
Heap Regions: E=young(eden), S=young(survivor), O=old, HS=humongous(starts), HC=humongous(continues), CS=collection set, F=free, OA=open archive, CA=closed archive, TAMS=top-at-mark-start (previous, next)
|   0|0x00000000c4a00000, 0x00000000c4b00000, 0x00000000c4b00000|100%|HS|  |TAMS 0x00000000c4b00000, 0x00000000c4a00000| Complete 
|   1|0x00000000c4b00000, 0x00000000c4c00000, 0x00000000c4c00000|100%| O|  |TAMS 0x00000000c4c00000, 0x00000000c4b00000| Updating 
|   2|0x00000000c4c00000, 0x00000000c4d00000, 0x00000000c4d00000|100%| O|  |TAMS 0x00000000c4d00000, 0x00000000c4c00000| Updating 
|   3|0x00000000c4d00000, 0x00000000c4e00000, 0x00000000c4e00000|100%| O|  |TAMS 0x00000000c4e00000, 0x00000000c4d00000| Updating 
|   4|0x00000000c4e00000, 0x00000000c4f00000, 0x00000000c4f00000|100%| O|  |TAMS 0x00000000c4f00000, 0x00000000c4e00000| Updating 
|   5|0x00000000c4f00000, 0x00000000c5000000, 0x00000000c5000000|100%| O|  |TAMS 0x00000000c5000000, 0x00000000c4f00000| Updating 
|   6|0x00000000c5000000, 0x00000000c5100000, 0x00000000c5100000|100%|HS|  |TAMS 0x00000000c5100000, 0x00000000c5000000| Complete 
|   7|0x00000000c5100000, 0x00000000c5200000, 0x00000000c5200000|100%| O|  |TAMS 0x00000000c518a200, 0x00000000c5100000| Updating 
|   8|0x00000000c5200000, 0x00000000c5299000, 0x00000000c5300000| 59%| O|  |TAMS 0x00000000c5200000, 0x00000000c5200000| Updating 
|   9|0x00000000c5300000, 0x00000000c5300000, 0x00000000c5400000|  0%| F|  |TAMS 0x00000000c5300000, 0x00000000c5300000| Untracked 
|  10|0x00000000c5400000, 0x00000000c5400000, 0x00000000c5500000|  0%| F|  |TAMS 0x00000000c5400000, 0x00000000c5400000| Untracked 
|  11|0x00000000c5500000, 0x00000000c5500000, 0x00000000c5600000|  0%| F|  |TAMS 0x00000000c5500000, 0x00000000c5500000| Untracked 
|  12|0x00000000c5600000, 0x00000000c5600000, 0x00000000c5700000|  0%| F|  |TAMS 0x00000000c5600000, 0x00000000c5600000| Untracked 
|  13|0x00000000c5700000, 0x00000000c5700000, 0x00000000c5800000|  0%| F|  |TAMS 0x00000000c5700000, 0x00000000c5700000| Untracked 
|  14|0x00000000c5800000, 0x00000000c582a7f0, 0x00000000c5900000| 16%| S|CS|TAMS 0x00000000c5800000, 0x00000000c5800000| Complete 
|  15|0x00000000c5900000, 0x00000000c5900000, 0x00000000c5a00000|  0%| F|  |TAMS 0x00000000c5900000, 0x00000000c5900000| Untracked 
|  16|0x00000000c5a00000, 0x00000000c5aa10e8, 0x00000000c5b00000| 62%| E|  |TAMS 0x00000000c5a00000, 0x00000000c5a00000| Complete 

Card table byte_map: [0x000002ddb1540000,0x000002ddb1720000] _byte_map_base: 0x000002ddb0f1b000

Marking Bits (Prev, Next): (CMBitMap*) 0x000002dd99bf50c8, (CMBitMap*) 0x000002dd99bf5088
 Prev Bits: [0x000002ddb27e0000, 0x000002ddb36b8000)
 Next Bits: [0x000002ddb1900000, 0x000002ddb27d8000)

Polling page: 0x000002dd99390000

Metaspace:

Usage:
  Non-class:      9.91 MB capacity,     7.65 MB ( 77%) used,     2.23 MB ( 23%) free+waste,    22.69 KB ( <1%) overhead. 
      Class:      1.32 MB capacity,     1.03 MB ( 78%) used,   286.83 KB ( 21%) free+waste,    11.69 KB ( <1%) overhead. 
       Both:     11.23 MB capacity,     8.68 MB ( 77%) used,     2.51 MB ( 22%) free+waste,    34.38 KB ( <1%) overhead. 

Virtual space:
  Non-class space:       10.00 MB reserved,      10.00 MB (100%) committed 
      Class space:        1.00 GB reserved,       1.38 MB ( <1%) committed 
             Both:        1.01 GB reserved,      11.38 MB (  1%) committed 

Chunk freelists:
   Non-Class:  33.00 KB
       Class:  23.00 KB
        Both:  56.00 KB

MaxMetaspaceSize: 17179869184.00 GB
CompressedClassSpaceSize: 1.00 GB

CodeHeap 'non-profiled nmethods': size=120000Kb used=381Kb max_used=381Kb free=119618Kb
 bounds [0x000002dda9e30000, 0x000002ddaa0a0000, 0x000002ddb1360000]
CodeHeap 'profiled nmethods': size=120000Kb used=2063Kb max_used=2063Kb free=117936Kb
 bounds [0x000002dda2900000, 0x000002dda2b70000, 0x000002dda9e30000]
CodeHeap 'non-nmethods': size=5760Kb used=1166Kb max_used=1186Kb free=4593Kb
 bounds [0x000002dda2360000, 0x000002dda25d0000, 0x000002dda2900000]
 total_blobs=1581 nmethods=1162 adapters=332
 compilation: enabled
              stopped_count=0, restarted_count=0
 full_count=0

Compilation events (20 events):
Event: 1.385 Thread 0x000002ddb6341800 1158   !   3       jdk.nio.zipfs.ZipFileSystem::iteratorOf (150 bytes)
Event: 1.386 Thread 0x000002ddb6333800 nmethod 1144 0x000002dda9e8e010 code [0x000002dda9e8e240, 0x000002dda9e8e638]
Event: 1.386 Thread 0x000002ddb6333800 1145       4       java.util.Arrays::equals (56 bytes)
Event: 1.388 Thread 0x000002ddb6341800 nmethod 1158 0x000002dda2afc490 code [0x000002dda2afc880, 0x000002dda2afe478]
Event: 1.389 Thread 0x000002ddb6341800 1159       3       javax.lang.model.SourceVersion::isIdentifier (71 bytes)
Event: 1.392 Thread 0x000002ddb6333800 nmethod 1145 0x000002dda9e8e990 code [0x000002dda9e8ebe0, 0x000002dda9e8f178]
Event: 1.392 Thread 0x000002ddb6333800 1147       4       jdk.nio.zipfs.ZipFileSystem::makeParentDirs (141 bytes)
Event: 1.392 Thread 0x000002ddb6341800 nmethod 1159 0x000002dda2aff390 code [0x000002dda2aff600, 0x000002dda2afffe8]
Event: 1.404 Thread 0x000002ddb6341800 1160       3       java.util.concurrent.locks.ReentrantReadWriteLock$Sync::isHeldExclusively (16 bytes)
Event: 1.404 Thread 0x000002ddb6341800 nmethod 1160 0x000002dda2b00390 code [0x000002dda2b00520, 0x000002dda2b006d8]
Event: 1.436 Thread 0x000002ddb6341800 1161       3       java.lang.CharacterDataLatin1::isJavaIdentifierStart (23 bytes)
Event: 1.436 Thread 0x000002ddb6341800 nmethod 1161 0x000002dda2b00790 code [0x000002dda2b00940, 0x000002dda2b00b78]
Event: 1.446 Thread 0x000002ddb6341800 1162       3       jdk.nio.zipfs.ZipFileSystemProvider::newDirectoryStream (9 bytes)
Event: 1.447 Thread 0x000002ddb6341800 nmethod 1162 0x000002dda2b00c90 code [0x000002dda2b00e80, 0x000002dda2b01548]
Event: 1.447 Thread 0x000002ddb6341800 1163       3       jdk.nio.zipfs.ZipPath::newDirectoryStream (10 bytes)
Event: 1.447 Thread 0x000002ddb6341800 nmethod 1163 0x000002dda2b01790 code [0x000002dda2b01940, 0x000002dda2b01b08]
Event: 1.447 Thread 0x000002ddb6341800 1164       3       jdk.nio.zipfs.ZipDirectoryStream::<init> (49 bytes)
Event: 1.448 Thread 0x000002ddb6341800 nmethod 1164 0x000002dda2b01c10 code [0x000002dda2b01e20, 0x000002dda2b02418]
Event: 1.448 Thread 0x000002ddb6341800 1166       3       java.nio.file.SimpleFileVisitor::postVisitDirectory (15 bytes)
Event: 1.448 Thread 0x000002ddb6341800 nmethod 1166 0x000002dda2b02690 code [0x000002dda2b02840, 0x000002dda2b02b08]

GC Heap History (20 events):
Event: 0.437 GC heap after
{Heap after GC invocations=2 (full 0):
 garbage-first heap   total 8192K, used 1292K [0x00000000c4a00000, 0x0000000100000000)
  region size 1024K, 1 young (1024K), 1 survivors (1024K)
 Metaspace       used 2895K, capacity 6247K, committed 6400K, reserved 1056768K
  class space    used 360K, capacity 686K, committed 768K, reserved 1048576K
}
Event: 0.616 GC heap before
{Heap before GC invocations=2 (full 0):
 garbage-first heap   total 8192K, used 2316K [0x00000000c4a00000, 0x0000000100000000)
  region size 1024K, 2 young (2048K), 1 survivors (1024K)
 Metaspace       used 4584K, capacity 7933K, committed 8064K, reserved 1056768K
  class space    used 570K, capacity 886K, committed 896K, reserved 1048576K
}
Event: 0.618 GC heap after
{Heap after GC invocations=3 (full 0):
 garbage-first heap   total 8192K, used 1751K [0x00000000c4a00000, 0x0000000100000000)
  region size 1024K, 1 young (1024K), 1 survivors (1024K)
 Metaspace       used 4584K, capacity 7933K, committed 8064K, reserved 1056768K
  class space    used 570K, capacity 886K, committed 896K, reserved 1048576K
}
Event: 0.768 GC heap before
{Heap before GC invocations=3 (full 0):
 garbage-first heap   total 8192K, used 1751K [0x00000000c4a00000, 0x0000000100000000)
  region size 1024K, 2 young (2048K), 1 survivors (1024K)
 Metaspace       used 6195K, capacity 9604K, committed 9856K, reserved 1058816K
  class space    used 753K, capacity 1105K, committed 1152K, reserved 1048576K
}
Event: 0.771 GC heap after
{Heap after GC invocations=4 (full 0):
 garbage-first heap   total 8192K, used 2093K [0x00000000c4a00000, 0x0000000100000000)
  region size 1024K, 1 young (1024K), 1 survivors (1024K)
 Metaspace       used 6195K, capacity 9604K, committed 9856K, reserved 1058816K
  class space    used 753K, capacity 1105K, committed 1152K, reserved 1048576K
}
Event: 0.867 GC heap before
{Heap before GC invocations=4 (full 0):
 garbage-first heap   total 8192K, used 2093K [0x00000000c4a00000, 0x0000000100000000)
  region size 1024K, 2 young (2048K), 1 survivors (1024K)
 Metaspace       used 7178K, capacity 10430K, committed 10752K, reserved 1058816K
  class space    used 888K, capacity 1210K, committed 1280K, reserved 1048576K
}
Event: 0.870 GC heap after
{Heap after GC invocations=5 (full 0):
 garbage-first heap   total 10240K, used 2505K [0x00000000c4a00000, 0x0000000100000000)
  region size 1024K, 1 young (1024K), 1 survivors (1024K)
 Metaspace       used 7178K, capacity 10430K, committed 10752K, reserved 1058816K
  class space    used 888K, capacity 1210K, committed 1280K, reserved 1048576K
}
Event: 1.032 GC heap before
{Heap before GC invocations=5 (full 0):
 garbage-first heap   total 10240K, used 5577K [0x00000000c4a00000, 0x0000000100000000)
  region size 1024K, 3 young (3072K), 1 survivors (1024K)
 Metaspace       used 8117K, capacity 11139K, committed 11392K, reserved 1058816K
  class space    used 966K, capacity 1298K, committed 1408K, reserved 1048576K
}
Event: 1.036 GC heap after
{Heap after GC invocations=6 (full 0):
 garbage-first heap   total 10240K, used 4437K [0x00000000c4a00000, 0x0000000100000000)
  region size 1024K, 1 young (1024K), 1 survivors (1024K)
 Metaspace       used 8117K, capacity 11139K, committed 11392K, reserved 1058816K
  class space    used 966K, capacity 1298K, committed 1408K, reserved 1048576K
}
Event: 1.080 GC heap before
{Heap before GC invocations=6 (full 0):
 garbage-first heap   total 10240K, used 5461K [0x00000000c4a00000, 0x0000000100000000)
  region size 1024K, 2 young (2048K), 1 survivors (1024K)
 Metaspace       used 8248K, capacity 11225K, committed 11392K, reserved 1058816K
  class space    used 980K, capacity 1305K, committed 1408K, reserved 1048576K
}
Event: 1.084 GC heap after
{Heap after GC invocations=7 (full 0):
 garbage-first heap   total 10240K, used 5070K [0x00000000c4a00000, 0x0000000100000000)
  region size 1024K, 1 young (1024K), 1 survivors (1024K)
 Metaspace       used 8248K, capacity 11225K, committed 11392K, reserved 1058816K
  class space    used 980K, capacity 1305K, committed 1408K, reserved 1048576K
}
Event: 1.138 GC heap before
{Heap before GC invocations=7 (full 0):
 garbage-first heap   total 10240K, used 6094K [0x00000000c4a00000, 0x0000000100000000)
  region size 1024K, 2 young (2048K), 1 survivors (1024K)
 Metaspace       used 8637K, capacity 11432K, committed 11648K, reserved 1058816K
  class space    used 1030K, capacity 1353K, committed 1408K, reserved 1048576K
}
Event: 1.143 GC heap after
{Heap after GC invocations=8 (full 0):
 garbage-first heap   total 10240K, used 5617K [0x00000000c4a00000, 0x0000000100000000)
  region size 1024K, 1 young (1024K), 1 survivors (1024K)
 Metaspace       used 8637K, capacity 11432K, committed 11648K, reserved 1058816K
  class space    used 1030K, capacity 1353K, committed 1408K, reserved 1048576K
}
Event: 1.270 GC heap before
{Heap before GC invocations=9 (full 0):
 garbage-first heap   total 12288K, used 6641K [0x00000000c4a00000, 0x0000000100000000)
  region size 1024K, 2 young (2048K), 1 survivors (1024K)
 Metaspace       used 8848K, capacity 11496K, committed 11648K, reserved 1058816K
  class space    used 1054K, capacity 1353K, committed 1408K, reserved 1048576K
}
Event: 1.273 GC heap after
{Heap after GC invocations=10 (full 0):
 garbage-first heap   total 15360K, used 6044K [0x00000000c4a00000, 0x0000000100000000)
  region size 1024K, 1 young (1024K), 1 survivors (1024K)
 Metaspace       used 8848K, capacity 11496K, committed 11648K, reserved 1058816K
  class space    used 1054K, capacity 1353K, committed 1408K, reserved 1048576K
}
Event: 1.329 GC heap before
{Heap before GC invocations=10 (full 0):
 garbage-first heap   total 15360K, used 6044K [0x00000000c4a00000, 0x0000000100000000)
  region size 1024K, 2 young (2048K), 1 survivors (1024K)
 Metaspace       used 8874K, capacity 11496K, committed 11648K, reserved 1058816K
  class space    used 1054K, capacity 1353K, committed 1408K, reserved 1048576K
}
Event: 1.331 GC heap after
{Heap after GC invocations=11 (full 0):
 garbage-first heap   total 15360K, used 6267K [0x00000000c4a00000, 0x0000000100000000)
  region size 1024K, 1 young (1024K), 1 survivors (1024K)
 Metaspace       used 8874K, capacity 11496K, committed 11648K, reserved 1058816K
  class space    used 1054K, capacity 1353K, committed 1408K, reserved 1048576K
}
Event: 1.355 GC heap before
{Heap before GC invocations=12 (full 0):
 garbage-first heap   total 17408K, used 9339K [0x00000000c4a00000, 0x0000000100000000)
  region size 1024K, 3 young (3072K), 1 survivors (1024K)
 Metaspace       used 8874K, capacity 11496K, committed 11648K, reserved 1058816K
  class space    used 1054K, capacity 1353K, committed 1408K, reserved 1048576K
}
Event: 1.361 GC heap after
{Heap after GC invocations=13 (full 0):
 garbage-first heap   total 17408K, used 8744K [0x00000000c4a00000, 0x0000000100000000)
  region size 1024K, 1 young (1024K), 1 survivors (1024K)
 Metaspace       used 8874K, capacity 11496K, committed 11648K, reserved 1058816K
  class space    used 1054K, capacity 1353K, committed 1408K, reserved 1048576K
}
Event: 1.451 GC heap before
{Heap before GC invocations=13 (full 0):
 garbage-first heap   total 17408K, used 9768K [0x00000000c4a00000, 0x0000000100000000)
  region size 1024K, 2 young (2048K), 1 survivors (1024K)
 Metaspace       used 8886K, capacity 11496K, committed 11648K, reserved 1058816K
  class space    used 1054K, capacity 1353K, committed 1408K, reserved 1048576K
}

Deoptimization events (20 events):
Event: 0.860 Thread 0x000002dd99bc2000 Uncommon trap: trap_request=0xffffff45 fr.pc=0x000002dda9e5e9b4 relative=0x00000000000002f4
Event: 0.860 Thread 0x000002dd99bc2000 Uncommon trap: reason=unstable_if action=reinterpret pc=0x000002dda9e5e9b4 method=java.lang.String.regionMatches(ILjava/lang/String;II)Z @ 32 c2
Event: 0.860 Thread 0x000002dd99bc2000 DEOPT PACKING pc=0x000002dda9e5e9b4 sp=0x000000fb2bbfe920
Event: 0.860 Thread 0x000002dd99bc2000 DEOPT UNPACKING pc=0x000002dda23a912f sp=0x000000fb2bbfe8a0 mode 2
Event: 1.276 Thread 0x000002dd99bc2000 Uncommon trap: trap_request=0xffffffde fr.pc=0x000002dda9e7adec relative=0x000000000000080c
Event: 1.276 Thread 0x000002dd99bc2000 Uncommon trap: reason=class_check action=maybe_recompile pc=0x000002dda9e7adec method=java.util.HashMap.putVal(ILjava/lang/Object;Ljava/lang/Object;ZZ)Ljava/lang/Object; @ 203 c2
Event: 1.276 Thread 0x000002dd99bc2000 DEOPT PACKING pc=0x000002dda9e7adec sp=0x000000fb2bbfe650
Event: 1.277 Thread 0x000002dd99bc2000 DEOPT UNPACKING pc=0x000002dda23a912f sp=0x000000fb2bbfe5d0 mode 2
Event: 1.277 Thread 0x000002dd99bc2000 Uncommon trap: trap_request=0xffffff45 fr.pc=0x000002dda9e7cf88 relative=0x00000000000001e8
Event: 1.277 Thread 0x000002dd99bc2000 Uncommon trap: reason=unstable_if action=reinterpret pc=0x000002dda9e7cf88 method=java.util.Arrays.hashCode([B)I @ 1 c2
Event: 1.277 Thread 0x000002dd99bc2000 DEOPT PACKING pc=0x000002dda9e7cf88 sp=0x000000fb2bbfe410
Event: 1.277 Thread 0x000002dd99bc2000 DEOPT UNPACKING pc=0x000002dda23a912f sp=0x000000fb2bbfe380 mode 2
Event: 1.283 Thread 0x000002dd99bc2000 Uncommon trap: trap_request=0xffffffde fr.pc=0x000002dda9e7adec relative=0x000000000000080c
Event: 1.283 Thread 0x000002dd99bc2000 Uncommon trap: reason=class_check action=maybe_recompile pc=0x000002dda9e7adec method=java.util.HashMap.putVal(ILjava/lang/Object;Ljava/lang/Object;ZZ)Ljava/lang/Object; @ 203 c2
Event: 1.283 Thread 0x000002dd99bc2000 DEOPT PACKING pc=0x000002dda9e7adec sp=0x000000fb2bbfe650
Event: 1.283 Thread 0x000002dd99bc2000 DEOPT UNPACKING pc=0x000002dda23a912f sp=0x000000fb2bbfe5d0 mode 2
Event: 1.295 Thread 0x000002dd99bc2000 Uncommon trap: trap_request=0xffffff45 fr.pc=0x000002dda9e85e2c relative=0x000000000000068c
Event: 1.295 Thread 0x000002dd99bc2000 Uncommon trap: reason=unstable_if action=reinterpret pc=0x000002dda9e85e2c method=jdk.nio.zipfs.ZipPath.getFileName()Ljdk/nio/zipfs/ZipPath; @ 12 c2
Event: 1.295 Thread 0x000002dd99bc2000 DEOPT PACKING pc=0x000002dda9e85e2c sp=0x000000fb2bbfe460
Event: 1.295 Thread 0x000002dd99bc2000 DEOPT UNPACKING pc=0x000002dda23a912f sp=0x000000fb2bbfe418 mode 2

Classes unloaded (0 events):
No events

Classes redefined (0 events):
No events

Internal exceptions (20 events):
Event: 0.357 Thread 0x000002dd99bc2000 Exception <a 'sun/nio/fs/WindowsException'{0x00000000c5189b98}> (0x00000000c5189b98) 
thrown [./open/src/hotspot/share/prims/jni.cpp, line 599]
Event: 0.358 Thread 0x000002dd99bc2000 Exception <a 'sun/nio/fs/WindowsException'{0x00000000c518a868}> (0x00000000c518a868) 
thrown [./open/src/hotspot/share/prims/jni.cpp, line 599]
Event: 0.358 Thread 0x000002dd99bc2000 Exception <a 'sun/nio/fs/WindowsException'{0x00000000c518abb8}> (0x00000000c518abb8) 
thrown [./open/src/hotspot/share/prims/jni.cpp, line 599]
Event: 0.364 Thread 0x000002dd99bc2000 Exception <a 'java/lang/NoSuchMethodError'{0x00000000c518bdd8}: 'void java.lang.invoke.DirectMethodHandle$Holder.invokeSpecial(java.lang.Object, java.lang.Object, java.lang.Object, java.lang.Object)'> (0x00000000c518bdd8) 
thrown [./open/src/hotspot/share/interpreter/linkResolver.cpp, line 766]
Event: 0.368 Thread 0x000002dd99bc2000 Exception <a 'java/lang/NoSuchMethodError'{0x00000000c51923f0}: 'int java.lang.invoke.DirectMethodHandle$Holder.invokeVirtual(java.lang.Object, java.lang.Object, java.lang.Object)'> (0x00000000c51923f0) 
thrown [./open/src/hotspot/share/interpreter/linkResolver.cpp, line 766]
Event: 0.416 Thread 0x000002dd99bc2000 Exception <a 'java/lang/NoSuchMethodError'{0x00000000c51d4038}: 'int java.lang.invoke.DirectMethodHandle$Holder.invokeSpecialIFC(java.lang.Object, java.lang.Object, int)'> (0x00000000c51d4038) 
thrown [./open/src/hotspot/share/interpreter/linkResolver.cpp, line 766]
Event: 0.599 Thread 0x000002dd99bc2000 Exception <a 'java/lang/NoSuchMethodError'{0x00000000c51f0918}: 'int java.lang.invoke.DirectMethodHandle$Holder.invokeStaticInit(java.lang.Object, java.lang.Object)'> (0x00000000c51f0918) 
thrown [./open/src/hotspot/share/interpreter/linkResolver.cpp, line 766]
Event: 0.742 Thread 0x000002dd99bc2000 Exception <a 'java/lang/NoSuchMethodError'{0x00000000c51b8278}: 'int java.lang.invoke.DirectMethodHandle$Holder.invokeVirtual(java.lang.Object, java.lang.Object)'> (0x00000000c51b8278) 
thrown [./open/src/hotspot/share/interpreter/linkResolver.cpp, line 766]
Event: 0.758 Thread 0x000002dd99bc2000 Exception <a 'java/lang/NoSuchMethodError'{0x00000000c51e73b0}: 'java.lang.Object java.lang.invoke.Invokers$Holder.linkToTargetMethod(java.lang.Object, java.lang.Object, java.lang.Object, java.lang.Object, java.lang.Object, java.lang.Object)'> (0x00000000c51e73b0) 
thrown [./open/src/hotspot/share/interpreter/linkResolver.cpp, line 766]
Event: 0.803 Thread 0x000002dd99bc2000 Exception <a 'sun/nio/fs/WindowsException'{0x00000000c513e780}> (0x00000000c513e780) 
thrown [./open/src/hotspot/share/prims/jni.cpp, line 599]
Event: 0.803 Thread 0x000002dd99bc2000 Exception <a 'sun/nio/fs/WindowsException'{0x00000000c513e9c0}> (0x00000000c513e9c0) 
thrown [./open/src/hotspot/share/prims/jni.cpp, line 599]
Event: 0.973 Thread 0x000002dd99bc2000 Exception <a 'sun/nio/fs/WindowsException'{0x00000000c53fc5a8}> (0x00000000c53fc5a8) 
thrown [./open/src/hotspot/share/prims/jni.cpp, line 599]
Event: 0.973 Thread 0x000002dd99bc2000 Exception <a 'sun/nio/fs/WindowsException'{0x00000000c53fc8d8}> (0x00000000c53fc8d8) 
thrown [./open/src/hotspot/share/prims/jni.cpp, line 599]
Event: 0.974 Thread 0x000002dd99bc2000 Exception <a 'sun/nio/fs/WindowsException'{0x00000000c53fd578}> (0x00000000c53fd578) 
thrown [./open/src/hotspot/share/prims/jni.cpp, line 599]
Event: 0.974 Thread 0x000002dd99bc2000 Exception <a 'sun/nio/fs/WindowsException'{0x00000000c53fd8f8}> (0x00000000c53fd8f8) 
thrown [./open/src/hotspot/share/prims/jni.cpp, line 599]
Event: 1.023 Thread 0x000002dd99bc2000 Exception <a 'java/lang/NoSuchMethodError'{0x00000000c52da618}: 'int java.lang.invoke.DirectMethodHandle$Holder.invokeSpecial(java.lang.Object, java.lang.Object, java.lang.Object, java.lang.Object)'> (0x00000000c52da618) 
thrown [./open/src/hotspot/share/interpreter/linkResolver.cpp, line 766]
Event: 1.027 Thread 0x000002dd99bc2000 Exception <a 'java/lang/NoSuchMethodError'{0x00000000c52ebe00}: 'java.lang.Object java.lang.invoke.DirectMethodHandle$Holder.invokeVirtual(java.lang.Object, java.lang.Object, java.lang.Object, int, int)'> (0x00000000c52ebe00) 
thrown [./open/src/hotspot/share/interpreter/linkResolver.cpp, line 766]
Event: 1.029 Thread 0x000002dd99bc2000 Exception <a 'java/lang/NoSuchMethodError'{0x00000000c52f2038}: 'java.lang.Object java.lang.invoke.DirectMethodHandle$Holder.invokeVirtual(java.lang.Object, java.lang.Object, int)'> (0x00000000c52f2038) 
thrown [./open/src/hotspot/share/interpreter/linkResolver.cpp, line 766]
Event: 1.032 Thread 0x000002dd99bc2000 Exception <a 'java/lang/NoSuchMethodError'{0x00000000c52fb328}: 'java.lang.Object java.lang.invoke.DirectMethodHandle$Holder.invokeSpecial(java.lang.Object, java.lang.Object, java.lang.Object, int, int)'> (0x00000000c52fb328) 
thrown [./open/src/hotspot/share/interpreter/linkResolver.cpp, line 766]
Event: 1.277 Thread 0x000002dd99bc2000 Implicit null exception at 0x000002dda9e7cdac to 0x000002dda9e7cf7a

Events (20 events):
Event: 1.196 loading class java/nio/file/FileTreeWalker$Event done
Event: 1.196 loading class java/nio/file/FileTreeWalker$EventType
Event: 1.196 loading class java/nio/file/FileTreeWalker$EventType done
Event: 1.196 loading class java/nio/file/Files$3
Event: 1.196 loading class java/nio/file/Files$3 done
Event: 1.196 loading class java/nio/file/FileVisitResult
Event: 1.196 loading class java/nio/file/FileVisitResult done
Event: 1.197 loading class sun/nio/fs/BasicFileAttributesHolder
Event: 1.197 loading class sun/nio/fs/BasicFileAttributesHolder done
Event: 1.270 Executing VM operation: G1CollectForAllocation
Event: 1.273 Executing VM operation: G1CollectForAllocation done
Event: 1.329 Executing VM operation: G1TryInitiateConcMark
Event: 1.331 Executing VM operation: G1TryInitiateConcMark done
Event: 1.346 Executing VM operation: G1Concurrent
Event: 1.348 Executing VM operation: G1Concurrent done
Event: 1.355 Executing VM operation: G1Concurrent
Event: 1.355 Executing VM operation: G1Concurrent done
Event: 1.355 Executing VM operation: G1CollectForAllocation
Event: 1.361 Executing VM operation: G1CollectForAllocation done
Event: 1.451 Executing VM operation: G1CollectForAllocation


Dynamic libraries:
0x00007ff7dccb0000 - 0x00007ff7dccb7000 	C:\Program Files\Java\jdk-14.0.2\bin\javac.exe
0x00007ffc4a880000 - 0x00007ffc4aa70000 	C:\Windows\SYSTEM32\ntdll.dll
0x00007ffc49e60000 - 0x00007ffc49f12000 	C:\Windows\System32\KERNEL32.DLL
0x00007ffc48680000 - 0x00007ffc48925000 	C:\Windows\System32\KERNELBASE.dll
0x00007ffc47ca0000 - 0x00007ffc47d9a000 	C:\Windows\System32\ucrtbase.dll
0x00007ffc27b70000 - 0x00007ffc27b88000 	C:\Program Files\Java\jdk-14.0.2\bin\jli.dll
0x00007ffc36c30000 - 0x00007ffc36c45000 	C:\Program Files\Java\jdk-14.0.2\bin\VCRUNTIME140.dll
0x00007ffc4a250000 - 0x00007ffc4a2f3000 	C:\Windows\System32\ADVAPI32.dll
0x00007ffc494a0000 - 0x00007ffc4953e000 	C:\Windows\System32\msvcrt.dll
0x00007ffc49880000 - 0x00007ffc49917000 	C:\Windows\System32\sechost.dll
0x00007ffc4a3e0000 - 0x00007ffc4a4ff000 	C:\Windows\System32\RPCRT4.dll
0x00007ffc49f20000 - 0x00007ffc4a0b4000 	C:\Windows\System32\USER32.dll
0x00007ffc47da0000 - 0x00007ffc47dc1000 	C:\Windows\System32\win32u.dll
0x00007ffc4a220000 - 0x00007ffc4a246000 	C:\Windows\System32\GDI32.dll
0x00007ffc39560000 - 0x00007ffc397e4000 	C:\Windows\WinSxS\amd64_microsoft.windows.common-controls_6595b64144ccf1df_6.0.18362.1556_none_9e7e372fe45e41d5\COMCTL32.dll
0x00007ffc47950000 - 0x00007ffc47ae8000 	C:\Windows\System32\gdi32full.dll
0x00007ffc4a500000 - 0x00007ffc4a836000 	C:\Windows\System32\combase.dll
0x00007ffc47af0000 - 0x00007ffc47b8e000 	C:\Windows\System32\msvcp_win.dll
0x00007ffc47e70000 - 0x00007ffc47ef1000 	C:\Windows\System32\bcryptPrimitives.dll
0x00007ffc3af60000 - 0x00007ffc3af6a000 	C:\Windows\SYSTEM32\VERSION.dll
0x00007ffc4a0c0000 - 0x00007ffc4a0ee000 	C:\Windows\System32\IMM32.DLL
0x00007ffc1b180000 - 0x00007ffc1b21b000 	C:\Program Files\Java\jdk-14.0.2\bin\msvcp140.dll
0x00007ffc03490000 - 0x00007ffc03fae000 	C:\Program Files\Java\jdk-14.0.2\bin\server\jvm.dll
0x00007ffc48bc0000 - 0x00007ffc48bc8000 	C:\Windows\System32\PSAPI.DLL
0x00007ffc31570000 - 0x00007ffc31579000 	C:\Windows\SYSTEM32\WSOCK32.dll
0x00007ffc44250000 - 0x00007ffc44274000 	C:\Windows\SYSTEM32\WINMM.dll
0x00007ffc49df0000 - 0x00007ffc49e5f000 	C:\Windows\System32\WS2_32.dll
0x00007ffc44220000 - 0x00007ffc4424d000 	C:\Windows\SYSTEM32\winmmbase.dll
0x00007ffc47e20000 - 0x00007ffc47e6a000 	C:\Windows\System32\cfgmgr32.dll
0x00007ffc477b0000 - 0x00007ffc477c1000 	C:\Windows\System32\kernel.appcore.dll
0x00007ffc40da0000 - 0x00007ffc40daa000 	C:\Program Files\Java\jdk-14.0.2\bin\jimage.dll
0x00007ffc33d60000 - 0x00007ffc33f54000 	C:\Windows\SYSTEM32\DBGHELP.DLL
0x00007ffc2e170000 - 0x00007ffc2e19a000 	C:\Windows\SYSTEM32\dbgcore.DLL
0x00007ffc2e530000 - 0x00007ffc2e555000 	C:\Program Files\Java\jdk-14.0.2\bin\java.dll
0x00007ffc35b20000 - 0x00007ffc35b36000 	C:\Program Files\Java\jdk-14.0.2\bin\zip.dll
0x00007ffc48be0000 - 0x00007ffc492c7000 	C:\Windows\System32\SHELL32.dll
0x00007ffc49680000 - 0x00007ffc49728000 	C:\Windows\System32\shcore.dll
0x00007ffc47f00000 - 0x00007ffc4867b000 	C:\Windows\System32\windows.storage.dll
0x00007ffc477d0000 - 0x00007ffc477ee000 	C:\Windows\System32\profapi.dll
0x00007ffc47760000 - 0x00007ffc477aa000 	C:\Windows\System32\powrprof.dll
0x00007ffc47730000 - 0x00007ffc47740000 	C:\Windows\System32\UMPDC.dll
0x00007ffc49d90000 - 0x00007ffc49de2000 	C:\Windows\System32\shlwapi.dll
0x00007ffc47e00000 - 0x00007ffc47e17000 	C:\Windows\System32\cryptsp.dll
0x00007ffc358a0000 - 0x00007ffc358b9000 	C:\Program Files\Java\jdk-14.0.2\bin\net.dll
0x00007ffc3b160000 - 0x00007ffc3b25a000 	C:\Windows\SYSTEM32\WINHTTP.dll
0x00007ffc46f70000 - 0x00007ffc46fd7000 	C:\Windows\system32\mswsock.dll
0x00007ffc35470000 - 0x00007ffc35482000 	C:\Program Files\Java\jdk-14.0.2\bin\nio.dll

dbghelp: loaded successfully - version: 4.0.5 - missing functions: none
symbol engine: initialized successfully - sym options: 0x614 - pdb path: .;C:\Program Files\Java\jdk-14.0.2\bin;C:\Windows\SYSTEM32;C:\Windows\WinSxS\amd64_microsoft.windows.common-controls_6595b64144ccf1df_6.0.18362.1556_none_9e7e372fe45e41d5;C:\Program Files\Java\jdk-14.0.2\bin\server

VM Arguments:
jvm_args: -Dapplication.home=C:\Program Files\Java\jdk-14.0.2 --add-modules=ALL-DEFAULT -Xms8m -Djdk.module.main=jdk.compiler 
java_command: jdk.compiler/com.sun.tools.javac.Main -d C:\Users\admin\Documents\NetBeansProjects\Travel Managment System\build\classes -classpath C:\Users\admin\Documents\NetBeansProjects\Travel Managment System\build\classes;C:\Users\admin\Documents\NetBeansProjects\Travel Managment System\mysql-connector-java-8.0.23\mysql-connector-java-8.0.23.jar;F:\netbeans\netbeans\ide\modules\ext\jaxb\activation.jar;F:\netbeans\netbeans\enterprise\modules\ext\metro\webservices-api.jar;F:\netbeans\netbeans\enterprise\modules\ext\metro\webservices-extra-api.jar;F:\netbeans\netbeans\enterprise\modules\ext\metro\webservices-extra.jar;F:\netbeans\netbeans\enterprise\modules\ext\metro\webservices-rt.jar;F:\netbeans\netbeans\enterprise\modules\ext\metro\webservices-tools.jar;C:\Users\admin\Documents\NetBeansProjects;C:\Users\admin\Documents\NetBeansProjects\Travel Managment System\src\travel\management\Jar;C:\Users\admin\Documents\NetBeansProjects\Travel Managment System\src\travel\management\Jar\rs2xml.jar;C:\Users\admin\Documents\Hosp\mysql-connector-java-8.0.23\rs2xml.jar;F:\netbeans\netbeans\java\modules\ext\AbsoluteLayout.jar -sourcepath C:\Users\admin\Documents\NetBeansProjects\Travel Managment System\src -target 14 -encoding UTF-8 -g --enable-preview -processorpath C:\Users\admin\Documents\NetBeansProjects\Travel Managment System\mysql-connector-java-8.0.23\mysql-connector-java-8.0.23.jar;F:\netbeans\netbeans\ide\modules\ext\jaxb\activation.jar;F:\netbeans\netbeans\enterprise\modules\ext\metro\webservices-api.jar;F:\netbeans\netbeans\enterprise\modules\ext\metro\webservices-extra-api.jar;F:\netbeans\netbeans\enterprise\modules\ext\metro\webservices-extra.jar;F:\netbeans\netbeans\enterprise\modules\ext\metro\webservices-rt.jar;F:\netbeans\netbeans\enterprise\modules\ext\metro\webservices-tools.jar;C:\Users\admin\Documents\NetBeansProjects;C:\Users\admin\Documents\NetBeansProjects\Travel Managment System\src\travel\management\Jar;C:\Users\admin\Documents\NetBeansProjects\Trave
java_class_path (initial): <not set>
Launcher Type: SUN_STANDARD

[Global flags]
     intx CICompilerCount                          = 3                                         {product} {ergonomic}
     uint ConcGCThreads                            = 1                                         {product} {ergonomic}
     uint G1ConcRefinementThreads                  = 4                                         {product} {ergonomic}
   size_t G1HeapRegionSize                         = 1048576                                   {product} {ergonomic}
    uintx GCDrainStackTargetSize                   = 64                                        {product} {ergonomic}
   size_t InitialHeapSize                          = 8388608                                   {product} {command line}
   size_t MarkStackSize                            = 4194304                                   {product} {ergonomic}
   size_t MaxHeapSize                              = 996147200                                 {product} {ergonomic}
   size_t MaxNewSize                               = 597688320                                 {product} {ergonomic}
   size_t MinHeapDeltaBytes                        = 1048576                                   {product} {ergonomic}
   size_t MinHeapSize                              = 8388608                                   {product} {command line}
    uintx NonNMethodCodeHeapSize                   = 5832780                                {pd product} {ergonomic}
    uintx NonProfiledCodeHeapSize                  = 122912730                              {pd product} {ergonomic}
    uintx ProfiledCodeHeapSize                     = 122912730                              {pd product} {ergonomic}
    uintx ReservedCodeCacheSize                    = 251658240                              {pd product} {ergonomic}
     bool SegmentedCodeCache                       = true                                      {product} {ergonomic}
   size_t SoftMaxHeapSize                          = 996147200                              {manageable} {ergonomic}
     bool UseCompressedClassPointers               = true                                 {lp64_product} {ergonomic}
     bool UseCompressedOops                        = true                                 {lp64_product} {ergonomic}
     bool UseG1GC                                  = true                                      {product} {ergonomic}
     bool UseLargePagesIndividualAllocation        = false                                  {pd product} {ergonomic}

Logging:
Log output configuration:
 #0: stdout all=warning uptime,level,tags
 #1: stderr all=off uptime,level,tags

Environment Variables:
JAVA_HOME=C:\Program Files\Java\jdk-14.0.2
PATH=C:\Windows\system32;C:\Windows;C:\Windows\System32\Wbem;C:\Windows\System32\WindowsPowerShell\v1.0\;C:\Windows\System32\OpenSSH\;C:\Program Files\Java\jdk-14.0.2\bin;c:\Program Files (x86)\Microsoft SQL Server\90\Tools\binn\;C:\Program Files\MySQL\MySQL Server 5.5\bin;C:\Program Files\Microsoft VS Code\bin;C:\Program Files\Git\cmd;C:\Program Files\Java\jdk-14.0.2\bin;C:\Program Files (x86)\mingw-w64\i686-8.1.0-posix-dwarf-rt_v6-rev0\mingw32\bin;C:\Program Files\Java\jdk-14.0.2\bin;C:\Program Files\nodejs;C:\Program Files\nodejs\;C:\Program Files\Java\jdk-14.0.2\bin;C:\Program Files\nodejs;C:\Users\admin\AppData\Roaming\npm
USERNAME=admin
OS=Windows_NT
PROCESSOR_IDENTIFIER=Intel64 Family 6 Model 78 Stepping 3, GenuineIntel



---------------  S Y S T E M  ---------------

OS: Windows 10 , 64 bit Build 18362 (10.0.18362.1500)
OS uptime: 14 days 22:19 hours

CPU:total 4 (initial active 4) (2 cores per cpu, 2 threads per core) family 6 model 78 stepping 3, cmov, cx8, fxsr, mmx, sse, sse2, sse3, ssse3, sse4.1, sse4.2, popcnt, avx, avx2, aes, clmul, erms, rtm, 3dnowpref, lzcnt, ht, tsc, tscinvbit, bmi1, bmi2, adx, fma

Memory: 4k page, system-wide physical 3795M (251M free)
TotalPageFile size 15571M (AvailPageFile size 9M)
current process WorkingSet (physical memory assigned to process): 71M, peak: 71M
current process commit charge ("private bytes"): 104M, peak: 106M

vm_info: Java HotSpot(TM) 64-Bit Server VM (14.0.2+12-46) for windows-amd64 JRE (14.0.2+12-46), built on Jul  9 2020 00:35:52 by "mach5one" with MS VC++ 15.9 (VS2017)

END.
