#
# There is insufficient memory for the Java Runtime Environment to continue.
# Native memory allocation (malloc) failed to allocate 32744 bytes for ChunkPool::allocate
# Possible reasons:
#   The system is out of physical RAM or swap space
#   The process is running with CompressedOops enabled, and the Java Heap may be blocking the growth of the native heap
# Possible solutions:
#   Reduce memory load on the system
#   Increase physical memory or swap space
#   Check if swap backing store is full
#   Decrease Java heap size (-Xmx/-Xms)
#   Decrease number of Java threads
#   Decrease Java thread stack sizes (-Xss)
#   Set larger code cache with -XX:ReservedCodeCacheSize=
#   JVM is running with Unscaled Compressed Oops mode in which the Java heap is
#     placed in the first 4GB address space. The Java Heap base address is the
#     maximum limit for the native heap growth. Please use -XX:HeapBaseMinAddress
#     to set the Java Heap base and to place the Java Heap above 4GB virtual address.
# This output file may be truncated or incomplete.
#
#  Out of Memory Error (./open/src/hotspot/share/memory/arena.cpp:79), pid=34064, tid=34408
#
# JRE version: Java(TM) SE Runtime Environment (14.0.2+12) (build 14.0.2+12-46)
# Java VM: Java HotSpot(TM) 64-Bit Server VM (14.0.2+12-46, mixed mode, sharing, tiered, compressed oops, g1 gc, windows-amd64)
# No core dump will be written. Minidumps are not enabled by default on client versions of Windows
#

---------------  S U M M A R Y ------------

Command Line: -Dfile.encoding=UTF-8 travel.managment.system.Payment

Host: Intel(R) Core(TM) i3-6100U CPU @ 2.30GHz, 4 cores, 3G,  Windows 10 , 64 bit Build 18362 (10.0.18362.1500)
Time: Tue Mar 29 10:30:39 2022 India Standard Time elapsed time: 733 seconds (0d 0h 12m 13s)

---------------  T H R E A D  ---------------

Current thread (0x0000021c7ac2b800):  JavaThread "C1 CompilerThread0" daemon [_thread_in_native, id=34408, stack(0x000000b63cb00000,0x000000b63cc00000)]


Current CompileTask:
C1: 733418 1575       3       java.net.URLStreamHandler::parseURL (1201 bytes)

Stack: [0x000000b63cb00000,0x000000b63cc00000]
Native frames: (J=compiled Java code, j=interpreted, Vv=VM code, C=native code)
V  [jvm.dll+0x5f8a9a]
V  [jvm.dll+0x74247a]
V  [jvm.dll+0x743c2f]
V  [jvm.dll+0x744273]
V  [jvm.dll+0x20d288]
V  [jvm.dll+0xabea6]
V  [jvm.dll+0xac1fc]
V  [jvm.dll+0xba2a5]
V  [jvm.dll+0x15a4e5]
V  [jvm.dll+0x159f07]
V  [jvm.dll+0x15ca5f]
V  [jvm.dll+0x15e511]
V  [jvm.dll+0x117b55]
V  [jvm.dll+0x1173cf]
V  [jvm.dll+0x1175ff]
V  [jvm.dll+0x116884]
V  [jvm.dll+0x1187d7]
V  [jvm.dll+0x1f4105]
V  [jvm.dll+0x1f22eb]
V  [jvm.dll+0x7070cd]
V  [jvm.dll+0x6ffeda]
V  [jvm.dll+0x5f78f6]
C  [ucrtbase.dll+0x210b2]
C  [KERNEL32.DLL+0x17c24]
C  [ntdll.dll+0x6d721]


---------------  P R O C E S S  ---------------

Threads class SMR info:
_java_thread_list=0x0000021c7c525730, length=17, elements={
0x0000021c7ac03000, 0x0000021c7ac05000, 0x0000021c7ac18000, 0x0000021c7ac1b000,
0x0000021c7ac1c000, 0x0000021c7ac1f800, 0x0000021c7ac2b800, 0x0000021c7ac32000,
0x0000021c7b671000, 0x0000021c7b67e000, 0x0000021c7b8fa000, 0x0000021c7b8fd800,
0x0000021c7b90f800, 0x0000021c7c035800, 0x0000021c7c091000, 0x0000021c6dd4c800,
0x0000021c7c62f800
}

Java Threads: ( => current thread )
  0x0000021c7ac03000 JavaThread "Reference Handler" daemon [_thread_blocked, id=33012, stack(0x000000b63c500000,0x000000b63c600000)]
  0x0000021c7ac05000 JavaThread "Finalizer" daemon [_thread_blocked, id=34072, stack(0x000000b63c600000,0x000000b63c700000)]
  0x0000021c7ac18000 JavaThread "Signal Dispatcher" daemon [_thread_blocked, id=34108, stack(0x000000b63c700000,0x000000b63c800000)]
  0x0000021c7ac1b000 JavaThread "Attach Listener" daemon [_thread_blocked, id=32788, stack(0x000000b63c800000,0x000000b63c900000)]
  0x0000021c7ac1c000 JavaThread "Service Thread" daemon [_thread_blocked, id=34016, stack(0x000000b63c900000,0x000000b63ca00000)]
  0x0000021c7ac1f800 JavaThread "C2 CompilerThread0" daemon [_thread_blocked, id=34136, stack(0x000000b63ca00000,0x000000b63cb00000)]
=>0x0000021c7ac2b800 JavaThread "C1 CompilerThread0" daemon [_thread_in_native, id=34408, stack(0x000000b63cb00000,0x000000b63cc00000)]
  0x0000021c7ac32000 JavaThread "Sweeper thread" daemon [_thread_blocked, id=34380, stack(0x000000b63cc00000,0x000000b63cd00000)]
  0x0000021c7b671000 JavaThread "Notification Thread" daemon [_thread_blocked, id=32480, stack(0x000000b63cd00000,0x000000b63ce00000)]
  0x0000021c7b67e000 JavaThread "Common-Cleaner" daemon [_thread_blocked, id=34808, stack(0x000000b63cf00000,0x000000b63d000000)]
  0x0000021c7b8fa000 JavaThread "Java2D Disposer" daemon [_thread_blocked, id=34208, stack(0x000000b63d000000,0x000000b63d100000)]
  0x0000021c7b8fd800 JavaThread "AWT-Shutdown" [_thread_blocked, id=34124, stack(0x000000b63d100000,0x000000b63d200000)]
  0x0000021c7b90f800 JavaThread "AWT-Windows" daemon [_thread_in_native, id=34552, stack(0x000000b63d200000,0x000000b63d300000)]
  0x0000021c7c035800 JavaThread "mysql-cj-abandoned-connection-cleanup" daemon [_thread_blocked, id=8752, stack(0x000000b63d300000,0x000000b63d400000)]
  0x0000021c7c091000 JavaThread "AWT-EventQueue-0" [_thread_blocked, id=34528, stack(0x000000b63d800000,0x000000b63d900000)]
  0x0000021c6dd4c800 JavaThread "DestroyJavaVM" [_thread_blocked, id=22404, stack(0x000000b63be00000,0x000000b63bf00000)]
  0x0000021c7c62f800 JavaThread "TimerQueue" daemon [_thread_blocked, id=34376, stack(0x000000b63dc00000,0x000000b63dd00000)]

Other Threads:
  0x0000021c7abf7000 VMThread "VM Thread" [stack: 0x000000b63c400000,0x000000b63c500000] [id=33776]
  0x0000021c7b672800 WatcherThread [stack: 0x000000b63ce00000,0x000000b63cf00000] [id=29168]
  0x0000021c6dd7d000 GCTaskThread "GC Thread#0" [stack: 0x000000b63bf00000,0x000000b63c000000] [id=31392]
  0x0000021c7c235000 GCTaskThread "GC Thread#1" [stack: 0x000000b63d400000,0x000000b63d500000] [id=10948]
  0x0000021c7c2d0000 GCTaskThread "GC Thread#2" [stack: 0x000000b63d500000,0x000000b63d600000] [id=34044]
  0x0000021c7c31e800 GCTaskThread "GC Thread#3" [stack: 0x000000b63d600000,0x000000b63d700000] [id=34704]
  0x0000021c6dd89000 ConcurrentGCThread "G1 Main Marker" [stack: 0x000000b63c000000,0x000000b63c100000] [id=33836]
  0x0000021c6dd8b000 ConcurrentGCThread "G1 Conc#0" [stack: 0x000000b63c100000,0x000000b63c200000] [id=32240]
  0x0000021c6dde1000 ConcurrentGCThread "G1 Refine#0" [stack: 0x000000b63c200000,0x000000b63c300000] [id=34536]
  0x0000021c7c2db000 ConcurrentGCThread "G1 Refine#1" [stack: 0x000000b63d700000,0x000000b63d800000] [id=34564]
  0x0000021c6dde2000 ConcurrentGCThread "G1 Young RemSet Sampling" [stack: 0x000000b63c300000,0x000000b63c400000] [id=34152]

Threads with active compile tasks:
C1 CompilerThread0   733880 1575       3       java.net.URLStreamHandler::parseURL (1201 bytes)

VM state:not at safepoint (normal execution)

VM Mutex/Monitor currently owned by a thread: None

Heap address: 0x00000000c4a00000, size: 950 MB, Compressed Oops mode: 32-bit
Narrow klass base: 0x0000000800000000, Narrow klass shift: 3
Compressed class space size: 1073741824 Address: 0x0000000800b30000

Heap:
 garbage-first heap   total 61440K, used 18534K [0x00000000c4a00000, 0x0000000100000000)
  region size 1024K, 7 young (7168K), 2 survivors (2048K)
 Metaspace       used 12498K, capacity 12925K, committed 13184K, reserved 1060864K
  class space    used 1396K, capacity 1549K, committed 1664K, reserved 1048576K
Heap Regions: E=young(eden), S=young(survivor), O=old, HS=humongous(starts), HC=humongous(continues), CS=collection set, F=free, OA=open archive, CA=closed archive, TAMS=top-at-mark-start (previous, next)
|   0|0x00000000c4a00000, 0x00000000c4b00000, 0x00000000c4b00000|100%|HS|  |TAMS 0x00000000c4a00000, 0x00000000c4a00000| Complete 
|   1|0x00000000c4b00000, 0x00000000c4c00000, 0x00000000c4c00000|100%| O|  |TAMS 0x00000000c4b00000, 0x00000000c4b00000| Untracked 
|   2|0x00000000c4c00000, 0x00000000c4d00000, 0x00000000c4d00000|100%| O|  |TAMS 0x00000000c4c00000, 0x00000000c4c00000| Untracked 
|   3|0x00000000c4d00000, 0x00000000c4e00000, 0x00000000c4e00000|100%| O|  |TAMS 0x00000000c4d00000, 0x00000000c4d00000| Untracked 
|   4|0x00000000c4e00000, 0x00000000c4f00000, 0x00000000c4f00000|100%|HS|  |TAMS 0x00000000c4e00000, 0x00000000c4e00000| Complete 
|   5|0x00000000c4f00000, 0x00000000c5000000, 0x00000000c5000000|100%|HC|  |TAMS 0x00000000c4f00000, 0x00000000c4f00000| Complete 
|   6|0x00000000c5000000, 0x00000000c5100000, 0x00000000c5100000|100%|HC|  |TAMS 0x00000000c5000000, 0x00000000c5000000| Complete 
|   7|0x00000000c5100000, 0x00000000c5200000, 0x00000000c5200000|100%| O|  |TAMS 0x00000000c5100000, 0x00000000c5100000| Untracked 
|   8|0x00000000c5200000, 0x00000000c5284e00, 0x00000000c5300000| 51%| O|  |TAMS 0x00000000c5200000, 0x00000000c5200000| Untracked 
|   9|0x00000000c5300000, 0x00000000c5400000, 0x00000000c5400000|100%|HS|  |TAMS 0x00000000c5300000, 0x00000000c5300000| Complete 
|  10|0x00000000c5400000, 0x00000000c5500000, 0x00000000c5500000|100%|HC|  |TAMS 0x00000000c5400000, 0x00000000c5400000| Complete 
|  11|0x00000000c5500000, 0x00000000c5600000, 0x00000000c5600000|100%|HC|  |TAMS 0x00000000c5500000, 0x00000000c5500000| Complete 
|  12|0x00000000c5600000, 0x00000000c5700000, 0x00000000c5700000|100%|HC|  |TAMS 0x00000000c5600000, 0x00000000c5600000| Complete 
|  13|0x00000000c5700000, 0x00000000c5700000, 0x00000000c5800000|  0%| F|  |TAMS 0x00000000c5700000, 0x00000000c5700000| Untracked 
|  14|0x00000000c5800000, 0x00000000c5800000, 0x00000000c5900000|  0%| F|  |TAMS 0x00000000c5800000, 0x00000000c5800000| Untracked 
|  15|0x00000000c5900000, 0x00000000c5900000, 0x00000000c5a00000|  0%| F|  |TAMS 0x00000000c5900000, 0x00000000c5900000| Untracked 
|  16|0x00000000c5a00000, 0x00000000c5a00000, 0x00000000c5b00000|  0%| F|  |TAMS 0x00000000c5a00000, 0x00000000c5a00000| Untracked 
|  17|0x00000000c5b00000, 0x00000000c5b00000, 0x00000000c5c00000|  0%| F|  |TAMS 0x00000000c5b00000, 0x00000000c5b00000| Untracked 
|  18|0x00000000c5c00000, 0x00000000c5c00000, 0x00000000c5d00000|  0%| F|  |TAMS 0x00000000c5c00000, 0x00000000c5c00000| Untracked 
|  19|0x00000000c5d00000, 0x00000000c5d00000, 0x00000000c5e00000|  0%| F|  |TAMS 0x00000000c5d00000, 0x00000000c5d00000| Untracked 
|  20|0x00000000c5e00000, 0x00000000c5e00000, 0x00000000c5f00000|  0%| F|  |TAMS 0x00000000c5e00000, 0x00000000c5e00000| Untracked 
|  21|0x00000000c5f00000, 0x00000000c5f00000, 0x00000000c6000000|  0%| F|  |TAMS 0x00000000c5f00000, 0x00000000c5f00000| Untracked 
|  22|0x00000000c6000000, 0x00000000c6000000, 0x00000000c6100000|  0%| F|  |TAMS 0x00000000c6000000, 0x00000000c6000000| Untracked 
|  23|0x00000000c6100000, 0x00000000c6100000, 0x00000000c6200000|  0%| F|  |TAMS 0x00000000c6100000, 0x00000000c6100000| Untracked 
|  24|0x00000000c6200000, 0x00000000c6200000, 0x00000000c6300000|  0%| F|  |TAMS 0x00000000c6200000, 0x00000000c6200000| Untracked 
|  25|0x00000000c6300000, 0x00000000c6300000, 0x00000000c6400000|  0%| F|  |TAMS 0x00000000c6300000, 0x00000000c6300000| Untracked 
|  26|0x00000000c6400000, 0x00000000c6400000, 0x00000000c6500000|  0%| F|  |TAMS 0x00000000c6400000, 0x00000000c6400000| Untracked 
|  27|0x00000000c6500000, 0x00000000c6500000, 0x00000000c6600000|  0%| F|  |TAMS 0x00000000c6500000, 0x00000000c6500000| Untracked 
|  28|0x00000000c6600000, 0x00000000c6600000, 0x00000000c6700000|  0%| F|  |TAMS 0x00000000c6600000, 0x00000000c6600000| Untracked 
|  29|0x00000000c6700000, 0x00000000c6700000, 0x00000000c6800000|  0%| F|  |TAMS 0x00000000c6700000, 0x00000000c6700000| Untracked 
|  30|0x00000000c6800000, 0x00000000c6800000, 0x00000000c6900000|  0%| F|  |TAMS 0x00000000c6800000, 0x00000000c6800000| Untracked 
|  31|0x00000000c6900000, 0x00000000c6900000, 0x00000000c6a00000|  0%| F|  |TAMS 0x00000000c6900000, 0x00000000c6900000| Untracked 
|  32|0x00000000c6a00000, 0x00000000c6a00000, 0x00000000c6b00000|  0%| F|  |TAMS 0x00000000c6a00000, 0x00000000c6a00000| Untracked 
|  33|0x00000000c6b00000, 0x00000000c6b00000, 0x00000000c6c00000|  0%| F|  |TAMS 0x00000000c6b00000, 0x00000000c6b00000| Untracked 
|  34|0x00000000c6c00000, 0x00000000c6c00000, 0x00000000c6d00000|  0%| F|  |TAMS 0x00000000c6c00000, 0x00000000c6c00000| Untracked 
|  35|0x00000000c6d00000, 0x00000000c6d00000, 0x00000000c6e00000|  0%| F|  |TAMS 0x00000000c6d00000, 0x00000000c6d00000| Untracked 
|  36|0x00000000c6e00000, 0x00000000c6e00000, 0x00000000c6f00000|  0%| F|  |TAMS 0x00000000c6e00000, 0x00000000c6e00000| Untracked 
|  37|0x00000000c6f00000, 0x00000000c6f00000, 0x00000000c7000000|  0%| F|  |TAMS 0x00000000c6f00000, 0x00000000c6f00000| Untracked 
|  38|0x00000000c7000000, 0x00000000c7000000, 0x00000000c7100000|  0%| F|  |TAMS 0x00000000c7000000, 0x00000000c7000000| Untracked 
|  39|0x00000000c7100000, 0x00000000c7100000, 0x00000000c7200000|  0%| F|  |TAMS 0x00000000c7100000, 0x00000000c7100000| Untracked 
|  40|0x00000000c7200000, 0x00000000c7200000, 0x00000000c7300000|  0%| F|  |TAMS 0x00000000c7200000, 0x00000000c7200000| Untracked 
|  41|0x00000000c7300000, 0x00000000c7300000, 0x00000000c7400000|  0%| F|  |TAMS 0x00000000c7300000, 0x00000000c7300000| Untracked 
|  42|0x00000000c7400000, 0x00000000c7400000, 0x00000000c7500000|  0%| F|  |TAMS 0x00000000c7400000, 0x00000000c7400000| Untracked 
|  43|0x00000000c7500000, 0x00000000c7500000, 0x00000000c7600000|  0%| F|  |TAMS 0x00000000c7500000, 0x00000000c7500000| Untracked 
|  44|0x00000000c7600000, 0x00000000c7600000, 0x00000000c7700000|  0%| F|  |TAMS 0x00000000c7600000, 0x00000000c7600000| Untracked 
|  45|0x00000000c7700000, 0x00000000c7700000, 0x00000000c7800000|  0%| F|  |TAMS 0x00000000c7700000, 0x00000000c7700000| Untracked 
|  46|0x00000000c7800000, 0x00000000c7800000, 0x00000000c7900000|  0%| F|  |TAMS 0x00000000c7800000, 0x00000000c7800000| Untracked 
|  47|0x00000000c7900000, 0x00000000c7900000, 0x00000000c7a00000|  0%| F|  |TAMS 0x00000000c7900000, 0x00000000c7900000| Untracked 
|  48|0x00000000c7a00000, 0x00000000c7a00000, 0x00000000c7b00000|  0%| F|  |TAMS 0x00000000c7a00000, 0x00000000c7a00000| Untracked 
|  49|0x00000000c7b00000, 0x00000000c7b00000, 0x00000000c7c00000|  0%| F|  |TAMS 0x00000000c7b00000, 0x00000000c7b00000| Untracked 
|  50|0x00000000c7c00000, 0x00000000c7c94ca0, 0x00000000c7d00000| 58%| S|CS|TAMS 0x00000000c7c00000, 0x00000000c7c00000| Complete 
|  51|0x00000000c7d00000, 0x00000000c7e00000, 0x00000000c7e00000|100%| S|CS|TAMS 0x00000000c7d00000, 0x00000000c7d00000| Complete 
|  52|0x00000000c7e00000, 0x00000000c7e00000, 0x00000000c7f00000|  0%| F|  |TAMS 0x00000000c7e00000, 0x00000000c7e00000| Untracked 
|  53|0x00000000c7f00000, 0x00000000c7f00000, 0x00000000c8000000|  0%| F|  |TAMS 0x00000000c7f00000, 0x00000000c7f00000| Untracked 
|  54|0x00000000c8000000, 0x00000000c8000000, 0x00000000c8100000|  0%| F|  |TAMS 0x00000000c8000000, 0x00000000c8000000| Untracked 
|  55|0x00000000c8100000, 0x00000000c81b4b18, 0x00000000c8200000| 70%| E|  |TAMS 0x00000000c8100000, 0x00000000c8100000| Complete 
|  56|0x00000000c8200000, 0x00000000c8300000, 0x00000000c8300000|100%| E|CS|TAMS 0x00000000c8200000, 0x00000000c8200000| Complete 
|  57|0x00000000c8300000, 0x00000000c8400000, 0x00000000c8400000|100%| E|CS|TAMS 0x00000000c8300000, 0x00000000c8300000| Complete 
|  58|0x00000000c8400000, 0x00000000c8500000, 0x00000000c8500000|100%| E|CS|TAMS 0x00000000c8400000, 0x00000000c8400000| Complete 
|  59|0x00000000c8500000, 0x00000000c8600000, 0x00000000c8600000|100%| E|CS|TAMS 0x00000000c8500000, 0x00000000c8500000| Complete 

Card table byte_map: [0x0000021c764f0000,0x0000021c766d0000] _byte_map_base: 0x0000021c75ecb000

Marking Bits (Prev, Next): (CMBitMap*) 0x0000021c6dd80ef8, (CMBitMap*) 0x0000021c6dd80f38
 Prev Bits: [0x0000021c768b0000, 0x0000021c77788000)
 Next Bits: [0x0000021c77790000, 0x0000021c78668000)

Polling page: 0x0000021c6bbe0000

Metaspace:

Usage:
  Non-class:     11.11 MB capacity,    10.84 MB ( 98%) used,   245.96 KB (  2%) free+waste,    27.56 KB ( <1%) overhead. 
      Class:      1.51 MB capacity,     1.36 MB ( 90%) used,   136.84 KB (  9%) free+waste,    16.13 KB (  1%) overhead. 
       Both:     12.62 MB capacity,    12.21 MB ( 97%) used,   382.80 KB (  3%) free+waste,    43.69 KB ( <1%) overhead. 

Virtual space:
  Non-class space:       12.00 MB reserved,      11.25 MB ( 94%) committed 
      Class space:        1.00 GB reserved,       1.63 MB ( <1%) committed 
             Both:        1.01 GB reserved,      12.88 MB (  1%) committed 

Chunk freelists:
   Non-Class:  16.00 KB
       Class:  19.00 KB
        Both:  35.00 KB

MaxMetaspaceSize: 17179869184.00 GB
CompressedClassSpaceSize: 1.00 GB

CodeHeap 'non-profiled nmethods': size=120000Kb used=546Kb max_used=546Kb free=119453Kb
 bounds [0x0000021c07ad0000, 0x0000021c07d40000, 0x0000021c0f000000]
CodeHeap 'profiled nmethods': size=120000Kb used=2948Kb max_used=2948Kb free=117051Kb
 bounds [0x0000021c005a0000, 0x0000021c00890000, 0x0000021c07ad0000]
CodeHeap 'non-nmethods': size=5760Kb used=1326Kb max_used=1366Kb free=4433Kb
 bounds [0x0000021c00000000, 0x0000021c00270000, 0x0000021c005a0000]
 total_blobs=2202 nmethods=1573 adapters=542
 compilation: enabled
              stopped_count=0, restarted_count=0
 full_count=0

Compilation events (20 events):
Event: 362.699 Thread 0x0000021c7ac2b800 nmethod 1564 0x0000021c00879890 code [0x0000021c00879ac0, 0x0000021c0087a138]
Event: 377.578 Thread 0x0000021c7ac2b800 1565       3       jdk.internal.loader.BuiltinClassLoader::checkURL (5 bytes)
Event: 377.579 Thread 0x0000021c7ac2b800 nmethod 1565 0x0000021c0087a390 code [0x0000021c0087a540, 0x0000021c0087a728]
Event: 377.579 Thread 0x0000021c7ac2b800 1566   !   3       jdk.internal.loader.URLClassPath::checkURL (16 bytes)
Event: 377.579 Thread 0x0000021c7ac2b800 nmethod 1566 0x0000021c0087a810 code [0x0000021c0087a9c0, 0x0000021c0087ab68]
Event: 382.579 Thread 0x0000021c7ac2b800 1567   !   3       jdk.internal.loader.BuiltinClassLoader::findMiscResource (118 bytes)
Event: 382.801 Thread 0x0000021c7ac2b800 nmethod 1567 0x0000021c0087ac10 code [0x0000021c0087af20, 0x0000021c0087c818]
Event: 392.581 Thread 0x0000021c7ac2b800 1568   !   3       jdk.internal.loader.BuiltinClassLoader::findResource (154 bytes)
Event: 392.749 Thread 0x0000021c7ac2b800 nmethod 1568 0x0000021c0087cf90 code [0x0000021c0087d2e0, 0x0000021c0087e768]
Event: 392.750 Thread 0x0000021c7ac2b800 1569       3       jdk.internal.loader.BuiltinClassLoader::findResourceOnClassPath (41 bytes)
Event: 392.791 Thread 0x0000021c7ac2b800 nmethod 1569 0x0000021c0087ef90 code [0x0000021c0087f1c0, 0x0000021c0087fa98]
Event: 412.621 Thread 0x0000021c7ac2b800 1570       3       sun.net.www.protocol.file.Handler::parseURL (18 bytes)
Event: 412.675 Thread 0x0000021c7ac2b800 nmethod 1570 0x0000021c0087fd10 code [0x0000021c0087fec0, 0x0000021c00880078]
Event: 607.707 Thread 0x0000021c7ac2b800 1572       3       java.io.File::exists (43 bytes)
Event: 607.725 Thread 0x0000021c7ac2b800 nmethod 1572 0x0000021c00880190 code [0x0000021c00880380, 0x0000021c008807e8]
Event: 612.709 Thread 0x0000021c7ac2b800 1573       3       java.lang.ClassLoader::getResource (41 bytes)
Event: 614.415 Thread 0x0000021c7ac2b800 nmethod 1573 0x0000021c00880910 code [0x0000021c00880b00, 0x0000021c00881138]
Event: 632.739 Thread 0x0000021c7ac2b800 1574       1       jdk.internal.loader.URLClassPath$FileLoader$1::getURL (5 bytes)
Event: 632.739 Thread 0x0000021c7ac2b800 nmethod 1574 0x0000021c07b58790 code [0x0000021c07b58920, 0x0000021c07b589f8]
Event: 732.816 Thread 0x0000021c7ac2b800 1575       3       java.net.URLStreamHandler::parseURL (1201 bytes)

GC Heap History (4 events):
Event: 0.919 GC heap before
{Heap before GC invocations=0 (full 0):
 garbage-first heap   total 61440K, used 14336K [0x00000000c4a00000, 0x0000000100000000)
  region size 1024K, 13 young (13312K), 0 survivors (0K)
 Metaspace       used 9250K, capacity 9503K, committed 9728K, reserved 1058816K
  class space    used 1053K, capacity 1175K, committed 1280K, reserved 1048576K
}
Event: 0.930 GC heap after
{Heap after GC invocations=1 (full 0):
 garbage-first heap   total 61440K, used 5579K [0x00000000c4a00000, 0x0000000100000000)
  region size 1024K, 2 young (2048K), 2 survivors (2048K)
 Metaspace       used 9250K, capacity 9503K, committed 9728K, reserved 1058816K
  class space    used 1053K, capacity 1175K, committed 1280K, reserved 1048576K
}
Event: 2.406 GC heap before
{Heap before GC invocations=1 (full 0):
 garbage-first heap   total 61440K, used 15819K [0x00000000c4a00000, 0x0000000100000000)
  region size 1024K, 10 young (10240K), 2 survivors (2048K)
 Metaspace       used 11925K, capacity 12267K, committed 12544K, reserved 1060864K
  class space    used 1335K, capacity 1479K, committed 1536K, reserved 1048576K
}
Event: 2.413 GC heap after
{Heap after GC invocations=2 (full 0):
 garbage-first heap   total 61440K, used 10342K [0x00000000c4a00000, 0x0000000100000000)
  region size 1024K, 2 young (2048K), 2 survivors (2048K)
 Metaspace       used 11925K, capacity 12267K, committed 12544K, reserved 1060864K
  class space    used 1335K, capacity 1479K, committed 1536K, reserved 1048576K
}

Deoptimization events (20 events):
Event: 2.421 Thread 0x0000021c7c035800 Uncommon trap: trap_request=0xffffff45 fr.pc=0x0000021c07b348c0 relative=0x0000000000000140
Event: 2.421 Thread 0x0000021c7c035800 Uncommon trap: reason=unstable_if action=reinterpret pc=0x0000021c07b348c0 method=java.io.WinNTFileSystem.normalize(Ljava/lang/String;)Ljava/lang/String; @ 104 c2
Event: 2.422 Thread 0x0000021c7c035800 DEOPT PACKING pc=0x0000021c07b348c0 sp=0x000000b63d3fe040
Event: 2.422 Thread 0x0000021c7c035800 DEOPT UNPACKING pc=0x0000021c0004912f sp=0x000000b63d3fdfb8 mode 2
Event: 2.523 Thread 0x0000021c7c091000 Uncommon trap: trap_request=0xffffffc6 fr.pc=0x0000021c07b1dc08 relative=0x0000000000000648
Event: 2.523 Thread 0x0000021c7c091000 Uncommon trap: reason=bimorphic_or_optimized_type_check action=maybe_recompile pc=0x0000021c07b1dc08 method=java.util.concurrent.ConcurrentHashMap.get(Ljava/lang/Object;)Ljava/lang/Object; @ 149 c2
Event: 2.523 Thread 0x0000021c7c091000 DEOPT PACKING pc=0x0000021c07b1dc08 sp=0x000000b63d8fd5c0
Event: 2.523 Thread 0x0000021c7c091000 DEOPT UNPACKING pc=0x0000021c0004912f sp=0x000000b63d8fd560 mode 2
Event: 2.528 Thread 0x0000021c7c091000 Uncommon trap: trap_request=0xffffffc6 fr.pc=0x0000021c07b1dc08 relative=0x0000000000000648
Event: 2.528 Thread 0x0000021c7c091000 Uncommon trap: reason=bimorphic_or_optimized_type_check action=maybe_recompile pc=0x0000021c07b1dc08 method=java.util.concurrent.ConcurrentHashMap.get(Ljava/lang/Object;)Ljava/lang/Object; @ 149 c2
Event: 2.528 Thread 0x0000021c7c091000 DEOPT PACKING pc=0x0000021c07b1dc08 sp=0x000000b63d8fd5c0
Event: 2.528 Thread 0x0000021c7c091000 DEOPT UNPACKING pc=0x0000021c0004912f sp=0x000000b63d8fd560 mode 2
Event: 6.778 Thread 0x0000021c7c091000 Uncommon trap: trap_request=0xffffffc6 fr.pc=0x0000021c07b1dc08 relative=0x0000000000000648
Event: 6.778 Thread 0x0000021c7c091000 Uncommon trap: reason=bimorphic_or_optimized_type_check action=maybe_recompile pc=0x0000021c07b1dc08 method=java.util.concurrent.ConcurrentHashMap.get(Ljava/lang/Object;)Ljava/lang/Object; @ 149 c2
Event: 6.778 Thread 0x0000021c7c091000 DEOPT PACKING pc=0x0000021c07b1dc08 sp=0x000000b63d8fd6a0
Event: 6.778 Thread 0x0000021c7c091000 DEOPT UNPACKING pc=0x0000021c0004912f sp=0x000000b63d8fd640 mode 2
Event: 6.778 Thread 0x0000021c7c091000 Uncommon trap: trap_request=0xffffffc6 fr.pc=0x0000021c07b1dc08 relative=0x0000000000000648
Event: 6.778 Thread 0x0000021c7c091000 Uncommon trap: reason=bimorphic_or_optimized_type_check action=maybe_recompile pc=0x0000021c07b1dc08 method=java.util.concurrent.ConcurrentHashMap.get(Ljava/lang/Object;)Ljava/lang/Object; @ 149 c2
Event: 6.778 Thread 0x0000021c7c091000 DEOPT PACKING pc=0x0000021c07b1dc08 sp=0x000000b63d8fd6a0
Event: 6.778 Thread 0x0000021c7c091000 DEOPT UNPACKING pc=0x0000021c0004912f sp=0x000000b63d8fd640 mode 2

Classes unloaded (0 events):
No events

Classes redefined (0 events):
No events

Internal exceptions (16 events):
Event: 0.174 Thread 0x0000021c6dd4c800 Exception <a 'java/lang/ClassNotFoundException'{0x00000000c84d9178}: sun/awt/resources/spi/awtProvider> (0x00000000c84d9178) 
thrown [./open/src/hotspot/share/classfile/systemDictionary.cpp, line 226]
Event: 0.205 Thread 0x0000021c6dd4c800 Exception <a 'java/io/FileNotFoundException'{0x00000000c832dbe0}> (0x00000000c832dbe0) 
thrown [./open/src/hotspot/share/prims/jni.cpp, line 599]
Event: 0.215 Thread 0x0000021c6dd4c800 Exception <a 'java/io/FileNotFoundException'{0x00000000c8354178}> (0x00000000c8354178) 
thrown [./open/src/hotspot/share/prims/jni.cpp, line 599]
Event: 0.278 Thread 0x0000021c7b90f800 Exception <a 'java/lang/NoSuchMethodError'{0x00000000c83cd608}: 'void java.lang.invoke.DirectMethodHandle$Holder.invokeSpecial(java.lang.Object, java.lang.Object)'> (0x00000000c83cd608) 
thrown [./open/src/hotspot/share/interpreter/linkResolver.cpp, line 766]
Event: 0.320 Thread 0x0000021c6dd4c800 Exception <a 'java/lang/NoSuchMethodError'{0x00000000c824c4d0}: 'java.lang.Object java.lang.invoke.DirectMethodHandle$Holder.invokeStatic(java.lang.Object, int, java.lang.Object, java.lang.Object, java.lang.Object, java.lang.Object)'> (0x00000000c824c4d0) 
thrown [./open/src/hotspot/share/interpreter/linkResolver.cpp, line 766]
Event: 0.321 Thread 0x0000021c6dd4c800 Exception <a 'java/lang/NoSuchMethodError'{0x00000000c8252df0}: 'java.lang.Object java.lang.invoke.DirectMethodHandle$Holder.invokeStatic(java.lang.Object, int, java.lang.Object, java.lang.Object, java.lang.Object)'> (0x00000000c8252df0) 
thrown [./open/src/hotspot/share/interpreter/linkResolver.cpp, line 766]
Event: 0.322 Thread 0x0000021c6dd4c800 Exception <a 'java/lang/NoSuchMethodError'{0x00000000c82566b0}: 'java.lang.Object java.lang.invoke.DirectMethodHandle$Holder.invokeSpecial(java.lang.Object, java.lang.Object, int, java.lang.Object, java.lang.Object, java.lang.Object)'> (0x00000000c82566b0) 
thrown [./open/src/hotspot/share/interpreter/linkResolver.cpp, line 766]
Event: 0.326 Thread 0x0000021c6dd4c800 Exception <a 'java/lang/NoSuchMethodError'{0x00000000c826ca58}: 'java.lang.Object java.lang.invoke.DirectMethodHandle$Holder.invokeStatic(java.lang.Object, int, java.lang.Object)'> (0x00000000c826ca58) 
thrown [./open/src/hotspot/share/interpreter/linkResolver.cpp, line 766]
Event: 0.353 Thread 0x0000021c6dd4c800 Exception <a 'java/lang/ClassNotFoundException'{0x00000000c8110a98}: com/sun/swing/internal/plaf/metal/resources/spi/metalProvider> (0x00000000c8110a98) 
thrown [./open/src/hotspot/share/classfile/systemDictionary.cpp, line 226]
Event: 0.355 Thread 0x0000021c6dd4c800 Exception <a 'java/lang/ClassNotFoundException'{0x00000000c8114dc0}: com/sun/swing/internal/plaf/basic/resources/spi/basicProvider> (0x00000000c8114dc0) 
thrown [./open/src/hotspot/share/classfile/systemDictionary.cpp, line 226]
Event: 0.435 Thread 0x0000021c6dd4c800 Exception <a 'java/lang/NoSuchMethodError'{0x00000000c80171a8}: 'int java.lang.invoke.DirectMethodHandle$Holder.invokeSpecialIFC(java.lang.Object, java.lang.Object, int)'> (0x00000000c80171a8) 
thrown [./open/src/hotspot/share/interpreter/linkResolver.cpp, line 766]
Event: 0.502 Thread 0x0000021c6dd4c800 Exception <a 'java/lang/NoSuchMethodError'{0x00000000c7f2f9e8}: 'void java.lang.invoke.DirectMethodHandle$Holder.invokeSpecial(java.lang.Object, java.lang.Object, java.lang.Object, java.lang.Object)'> (0x00000000c7f2f9e8) 
thrown [./open/src/hotspot/share/interpreter/linkResolver.cpp, line 766]
Event: 0.503 Thread 0x0000021c6dd4c800 Exception <a 'java/lang/NoSuchMethodError'{0x00000000c7f360c0}: 'java.lang.Object java.lang.invoke.DirectMethodHandle$Holder.invokeVirtual(java.lang.Object, java.lang.Object, java.lang.Object)'> (0x00000000c7f360c0) 
thrown [./open/src/hotspot/share/interpreter/linkResolver.cpp, line 766]
Event: 1.081 Thread 0x0000021c6dd4c800 Exception <a 'java/lang/NoSuchMethodError'{0x00000000c84c9800}: 'void java.lang.invoke.DirectMethodHandle$Holder.invokeStaticInit(java.lang.Object)'> (0x00000000c84c9800) 
thrown [./open/src/hotspot/share/interpreter/linkResolver.cpp, line 766]
Event: 1.129 Thread 0x0000021c6dd4c800 Exception <a 'java/lang/NoSuchMethodError'{0x00000000c831fae0}: 'java.lang.Object java.lang.invoke.Invokers$Holder.linkToTargetMethod(java.lang.Object, int, java.lang.Object)'> (0x00000000c831fae0) 
thrown [./open/src/hotspot/share/interpreter/linkResolver.cpp, line 766]
Event: 2.423 Thread 0x0000021c7c035800 Exception <a 'java/lang/NoSuchMethodError'{0x00000000c85bc8a0}: 'void java.lang.invoke.DirectMethodHandle$Holder.invokeStaticInit(java.lang.Object, java.lang.Object)'> (0x00000000c85bc8a0) 
thrown [./open/src/hotspot/share/interpreter/linkResolver.cpp, line 766]

Events (20 events):
Event: 2.554 loading class java/util/concurrent/locks/AbstractQueuedSynchronizer$ConditionNode done
Event: 2.559 loading class java/util/concurrent/TimeUnit$1
Event: 2.559 loading class java/util/concurrent/TimeUnit$1 done
Event: 3.050 loading class javax/swing/Timer$1
Event: 3.050 loading class javax/swing/Timer$1 done
Event: 3.051 loading class java/util/concurrent/locks/AbstractQueuedSynchronizer$ExclusiveNode
Event: 3.051 loading class java/util/concurrent/locks/AbstractQueuedSynchronizer$ExclusiveNode done
Event: 4.362 Executing VM operation: HandshakeOneThread
Event: 4.363 Executing VM operation: HandshakeOneThread done
Event: 5.422 Loaded shared library C:\Program Files\Java\jdk-14.0.2\bin\java.dll
Event: 5.487 loading class java/awt/LightweightDispatcher$2
Event: 5.487 loading class java/awt/LightweightDispatcher$2 done
Event: 6.756 Executing VM operation: HandshakeOneThread
Event: 6.756 Executing VM operation: HandshakeOneThread done
Event: 9.263 Executing VM operation: HandshakeOneThread
Event: 9.263 Executing VM operation: HandshakeOneThread done
Event: 9.264 loading class java/awt/KeyboardFocusManager$2
Event: 9.264 loading class java/awt/KeyboardFocusManager$2 done
Event: 9.265 loading class sun/awt/SunToolkit$1
Event: 9.265 loading class sun/awt/SunToolkit$1 done


Dynamic libraries:
0x00007ff6ce7f0000 - 0x00007ff6ce7ff000 	C:\Program Files\Java\jdk-14.0.2\bin\java.exe
0x00007ff835c40000 - 0x00007ff835e30000 	C:\Windows\SYSTEM32\ntdll.dll
0x00007ff8342e0000 - 0x00007ff834392000 	C:\Windows\System32\KERNEL32.DLL
0x00007ff832e10000 - 0x00007ff8330b5000 	C:\Windows\System32\KERNELBASE.dll
0x00007ff8333c0000 - 0x00007ff8334ba000 	C:\Windows\System32\ucrtbase.dll
0x00007ff82c030000 - 0x00007ff82c048000 	C:\Program Files\Java\jdk-14.0.2\bin\jli.dll
0x00007ff81ab30000 - 0x00007ff81ab45000 	C:\Program Files\Java\jdk-14.0.2\bin\VCRUNTIME140.dll
0x00007ff8352e0000 - 0x00007ff835383000 	C:\Windows\System32\ADVAPI32.dll
0x00007ff834710000 - 0x00007ff8347ae000 	C:\Windows\System32\msvcrt.dll
0x00007ff835120000 - 0x00007ff8351b7000 	C:\Windows\System32\sechost.dll
0x00007ff8345f0000 - 0x00007ff83470f000 	C:\Windows\System32\RPCRT4.dll
0x00007ff834450000 - 0x00007ff8345e4000 	C:\Windows\System32\USER32.dll
0x00007ff8334c0000 - 0x00007ff8334e1000 	C:\Windows\System32\win32u.dll
0x00007ff833cf0000 - 0x00007ff833d16000 	C:\Windows\System32\GDI32.dll
0x00007ff833220000 - 0x00007ff8333b8000 	C:\Windows\System32\gdi32full.dll
0x00007ff824ab0000 - 0x00007ff824d34000 	C:\Windows\WinSxS\amd64_microsoft.windows.common-controls_6595b64144ccf1df_6.0.18362.1556_none_9e7e372fe45e41d5\COMCTL32.dll
0x00007ff832d40000 - 0x00007ff832dde000 	C:\Windows\System32\msvcp_win.dll
0x00007ff834c20000 - 0x00007ff834f56000 	C:\Windows\System32\combase.dll
0x00007ff832cb0000 - 0x00007ff832d31000 	C:\Windows\System32\bcryptPrimitives.dll
0x00007ff82bd70000 - 0x00007ff82bd7a000 	C:\Windows\SYSTEM32\VERSION.dll
0x00007ff8352a0000 - 0x00007ff8352ce000 	C:\Windows\System32\IMM32.DLL
0x00007fffe0830000 - 0x00007fffe08cb000 	C:\Program Files\Java\jdk-14.0.2\bin\msvcp140.dll
0x00007fffd1960000 - 0x00007fffd247e000 	C:\Program Files\Java\jdk-14.0.2\bin\server\jvm.dll
0x00007ff8353b0000 - 0x00007ff8353b8000 	C:\Windows\System32\PSAPI.DLL
0x00007ff812ec0000 - 0x00007ff812ec9000 	C:\Windows\SYSTEM32\WSOCK32.dll
0x00007ff830440000 - 0x00007ff830464000 	C:\Windows\SYSTEM32\WINMM.dll
0x00007ff834270000 - 0x00007ff8342df000 	C:\Windows\System32\WS2_32.dll
0x00007ff830410000 - 0x00007ff83043d000 	C:\Windows\SYSTEM32\winmmbase.dll
0x00007ff832bb0000 - 0x00007ff832bfa000 	C:\Windows\System32\cfgmgr32.dll
0x00007ff832b00000 - 0x00007ff832b11000 	C:\Windows\System32\kernel.appcore.dll
0x00007ff822630000 - 0x00007ff82263a000 	C:\Program Files\Java\jdk-14.0.2\bin\jimage.dll
0x00007ff81fdc0000 - 0x00007ff81ffb4000 	C:\Windows\SYSTEM32\DBGHELP.DLL
0x00007ff81e790000 - 0x00007ff81e7ba000 	C:\Windows\SYSTEM32\dbgcore.DLL
0x00007fffe08d0000 - 0x00007fffe08f5000 	C:\Program Files\Java\jdk-14.0.2\bin\java.dll
0x00007ff817500000 - 0x00007ff817516000 	C:\Program Files\Java\jdk-14.0.2\bin\zip.dll
0x00007ff835440000 - 0x00007ff835b27000 	C:\Windows\System32\SHELL32.dll
0x00007ff8343a0000 - 0x00007ff834448000 	C:\Windows\System32\shcore.dll
0x00007ff833570000 - 0x00007ff833ceb000 	C:\Windows\System32\windows.storage.dll
0x00007ff832b20000 - 0x00007ff832b3e000 	C:\Windows\System32\profapi.dll
0x00007ff832b40000 - 0x00007ff832b8a000 	C:\Windows\System32\powrprof.dll
0x00007ff832af0000 - 0x00007ff832b00000 	C:\Windows\System32\UMPDC.dll
0x00007ff8350c0000 - 0x00007ff835112000 	C:\Windows\System32\shlwapi.dll
0x00007ff8334f0000 - 0x00007ff833507000 	C:\Windows\System32\cryptsp.dll
0x00007ff816cd0000 - 0x00007ff816ce9000 	C:\Program Files\Java\jdk-14.0.2\bin\net.dll
0x00007ff824db0000 - 0x00007ff824eaa000 	C:\Windows\SYSTEM32\WINHTTP.dll
0x00007ff832330000 - 0x00007ff832397000 	C:\Windows\system32\mswsock.dll
0x00007ff816430000 - 0x00007ff816442000 	C:\Program Files\Java\jdk-14.0.2\bin\nio.dll
0x00007fffd9570000 - 0x00007fffd9709000 	C:\Program Files\Java\jdk-14.0.2\bin\awt.dll
0x00007ff8341a0000 - 0x00007ff834265000 	C:\Windows\System32\OLEAUT32.dll
0x00007ff830ca0000 - 0x00007ff830d2f000 	C:\Windows\SYSTEM32\apphelp.dll
0x00007ff830f00000 - 0x00007ff830f2d000 	C:\Windows\system32\DWMAPI.DLL
0x00007ff830e10000 - 0x00007ff830ea9000 	C:\Windows\system32\uxtheme.dll
0x00007ff823600000 - 0x00007ff823756000 	C:\Windows\system32\opengl32.dll
0x00007ff8262d0000 - 0x00007ff8262fc000 	C:\Windows\SYSTEM32\GLU32.dll
0x00007ff831730000 - 0x00007ff831750000 	C:\Windows\SYSTEM32\dxcore.dll
0x00007ff833e00000 - 0x00007ff833f35000 	C:\Windows\System32\MSCTF.dll
0x00007ff834f60000 - 0x00007ff8350b7000 	C:\Windows\System32\ole32.dll
0x00007ff832080000 - 0x00007ff83214b000 	C:\Windows\SYSTEM32\DNSAPI.dll
0x00007ff833df0000 - 0x00007ff833df8000 	C:\Windows\System32\NSI.dll
0x00007ff832040000 - 0x00007ff83207a000 	C:\Windows\SYSTEM32\IPHLPAPI.DLL
0x00007ff824a30000 - 0x00007ff824a3a000 	C:\Windows\System32\rasadhlp.dll
0x00007ff829410000 - 0x00007ff829487000 	C:\Windows\System32\fwpuclnt.dll
0x00007ff832de0000 - 0x00007ff832e06000 	C:\Windows\System32\bcrypt.dll
0x00007ff82a1f0000 - 0x00007ff82a1fe000 	C:\Program Files\Java\jdk-14.0.2\bin\sunmscapi.dll
0x00007ff8330c0000 - 0x00007ff833211000 	C:\Windows\System32\CRYPT32.dll
0x00007ff832b90000 - 0x00007ff832ba2000 	C:\Windows\System32\MSASN1.dll
0x00007ff832610000 - 0x00007ff832636000 	C:\Windows\SYSTEM32\ncrypt.dll
0x00007ff8325d0000 - 0x00007ff83260b000 	C:\Windows\SYSTEM32\NTASN1.dll
0x00007ff82a200000 - 0x00007ff82a225000 	C:\Program Files\Java\jdk-14.0.2\bin\sunec.dll
0x00007fffdf160000 - 0x00007fffdf1e2000 	C:\Program Files\Java\jdk-14.0.2\bin\freetype.dll
0x00007fffd8a30000 - 0x00007fffd8ad6000 	C:\Program Files\Java\jdk-14.0.2\bin\fontmanager.dll
0x00007ff8340f0000 - 0x00007ff834192000 	C:\Windows\System32\clbcatq.dll
0x00007ff82dc30000 - 0x00007ff82dddf000 	C:\Windows\SYSTEM32\WindowsCodecs.dll
0x00007ff8243b0000 - 0x00007ff8243eb000 	C:\Windows\system32\dataexchange.dll
0x00007ff82fbb0000 - 0x00007ff82fe0b000 	C:\Windows\system32\d3d11.dll
0x00007ff830540000 - 0x00007ff83071d000 	C:\Windows\system32\dcomp.dll
0x00007ff8317c0000 - 0x00007ff8318ab000 	C:\Windows\system32\dxgi.dll
0x00007ff830f30000 - 0x00007ff83118a000 	C:\Windows\system32\twinapi.appcore.dll
0x00007ff831420000 - 0x00007ff831449000 	C:\Windows\system32\RMCLIENT.dll
0x00007ff82c120000 - 0x00007ff82c1bb000 	C:\Windows\System32\TextInputFramework.dll
0x00007ff82eb30000 - 0x00007ff82ee5a000 	C:\Windows\System32\CoreUIComponents.dll
0x00007ff830a90000 - 0x00007ff830b64000 	C:\Windows\System32\CoreMessaging.dll
0x00007ff831b30000 - 0x00007ff831b61000 	C:\Windows\SYSTEM32\ntmarta.dll
0x00007ff82e9d0000 - 0x00007ff82eb22000 	C:\Windows\SYSTEM32\wintypes.dll
0x00007ff822750000 - 0x00007ff8229f7000 	C:\Windows\System32\iertutil.dll

dbghelp: loaded successfully - version: 4.0.5 - missing functions: none
symbol engine: initialized successfully - sym options: 0x614 - pdb path: .;C:\Program Files\Java\jdk-14.0.2\bin;C:\Windows\SYSTEM32;C:\Windows\WinSxS\amd64_microsoft.windows.common-controls_6595b64144ccf1df_6.0.18362.1556_none_9e7e372fe45e41d5;C:\Program Files\Java\jdk-14.0.2\bin\server

VM Arguments:
jvm_args: -Dfile.encoding=UTF-8 
java_command: travel.managment.system.Payment
java_class_path (initial): C:\Users\admin\Documents\NetBeansProjects\Travel Managment System\mysql-connector-java-8.0.23\mysql-connector-java-8.0.23.jar;F:\netbeans\netbeans\ide\modules\ext\jaxb\activation.jar;F:\netbeans\netbeans\enterprise\modules\ext\metro\webservices-api.jar;F:\netbeans\netbeans\enterprise\modules\ext\metro\webservices-extra-api.jar;F:\netbeans\netbeans\enterprise\modules\ext\metro\webservices-extra.jar;F:\netbeans\netbeans\enterprise\modules\ext\metro\webservices-rt.jar;F:\netbeans\netbeans\enterprise\modules\ext\metro\webservices-tools.jar;C:\Users\admin\Documents\NetBeansProjects\Travel Managment System\build\test\classes;C:\Users\admin\Documents\NetBeansProjects\Travel Managment System\src\travel\management\Jar;C:\Users\admin\Documents\NetBeansProjects\Travel Managment System\src\travel\management\Jar\rs2xml.jar;C:\Users\admin\Documents\Hosp\mysql-connector-java-8.0.23\rs2xml.jar;C:\Users\admin\Documents\NetBeansProjects\Travel Managment System\build\classes
Launcher Type: SUN_STANDARD

[Global flags]
     intx CICompilerCount                          = 3                                         {product} {ergonomic}
     uint ConcGCThreads                            = 1                                         {product} {ergonomic}
     uint G1ConcRefinementThreads                  = 4                                         {product} {ergonomic}
   size_t G1HeapRegionSize                         = 1048576                                   {product} {ergonomic}
    uintx GCDrainStackTargetSize                   = 64                                        {product} {ergonomic}
   size_t InitialHeapSize                          = 62914560                                  {product} {ergonomic}
   size_t MarkStackSize                            = 4194304                                   {product} {ergonomic}
   size_t MaxHeapSize                              = 996147200                                 {product} {ergonomic}
   size_t MaxNewSize                               = 597688320                                 {product} {ergonomic}
   size_t MinHeapDeltaBytes                        = 1048576                                   {product} {ergonomic}
   size_t MinHeapSize                              = 8388608                                   {product} {ergonomic}
    uintx NonNMethodCodeHeapSize                   = 5832780                                {pd product} {ergonomic}
    uintx NonProfiledCodeHeapSize                  = 122912730                              {pd product} {ergonomic}
    uintx ProfiledCodeHeapSize                     = 122912730                              {pd product} {ergonomic}
    uintx ReservedCodeCacheSize                    = 251658240                              {pd product} {ergonomic}
     bool SegmentedCodeCache                       = true                                      {product} {ergonomic}
   size_t SoftMaxHeapSize                          = 996147200                              {manageable} {ergonomic}
     bool UseCompressedClassPointers               = true                                 {lp64_product} {ergonomic}
     bool UseCompressedOops                        = true                                 {lp64_product} {ergonomic}
     bool UseG1GC                                  = true                                      {product} {ergonomic}
     bool UseLargePagesIndividualAllocation        = false                                  {pd product} {ergonomic}

Logging:
Log output configuration:
 #0: stdout all=warning uptime,level,tags
 #1: stderr all=off uptime,level,tags

Environment Variables:
JAVA_HOME=C:\Program Files\Java\jdk-14.0.2
PATH=C:\Windows\system32;C:\Windows;C:\Windows\System32\Wbem;C:\Windows\System32\WindowsPowerShell\v1.0\;C:\Windows\System32\OpenSSH\;C:\Program Files\Java\jdk-14.0.2\bin;c:\Program Files (x86)\Microsoft SQL Server\90\Tools\binn\;C:\Program Files\MySQL\MySQL Server 5.5\bin;C:\Program Files\Microsoft VS Code\bin;C:\Program Files\Git\cmd;C:\Program Files\Java\jdk-14.0.2\bin;C:\Program Files (x86)\mingw-w64\i686-8.1.0-posix-dwarf-rt_v6-rev0\mingw32\bin;C:\Program Files\Java\jdk-14.0.2\bin;C:\Program Files\nodejs;C:\Program Files\nodejs\;C:\Program Files\Java\jdk-14.0.2\bin;C:\Program Files\nodejs;C:\Users\admin\AppData\Roaming\npm
USERNAME=admin
OS=Windows_NT
PROCESSOR_IDENTIFIER=Intel64 Family 6 Model 78 Stepping 3, GenuineIntel



---------------  S Y S T E M  ---------------

OS: Windows 10 , 64 bit Build 18362 (10.0.18362.1500)
OS uptime: 21 days 0:17 hours

CPU:total 4 (initial active 4) (2 cores per cpu, 2 threads per core) family 6 model 78 stepping 3, cmov, cx8, fxsr, mmx, sse, sse2, sse3, ssse3, sse4.1, sse4.2, popcnt, avx, avx2, aes, clmul, erms, rtm, 3dnowpref, lzcnt, ht, tsc, tscinvbit, bmi1, bmi2, adx, fma

Memory: 4k page, system-wide physical 3795M (309M free)
TotalPageFile size 15571M (AvailPageFile size 2M)
current process WorkingSet (physical memory assigned to process): 14M, peak: 98M
current process commit charge ("private bytes"): 157M, peak: 165M

vm_info: Java HotSpot(TM) 64-Bit Server VM (14.0.2+12-46) for windows-amd64 JRE (14.0.2+12-46), built on Jul  9 2020 00:35:52 by "mach5one" with MS VC++ 15.9 (VS2017)

END.
