#
# There is insufficient memory for the Java Runtime Environment to continue.
# Native memory allocation (malloc) failed to allocate 32744 bytes for ChunkPool::allocate
# Possible reasons:
#   The system is out of physical RAM or swap space
#   The process is running with CompressedOops enabled, and the Java Heap may be blocking the growth of the native heap
# Possible solutions:
#   Reduce memory load on the system
#   Increase physical memory or swap space
#   Check if swap backing store is full
#   Decrease Java heap size (-Xmx/-Xms)
#   Decrease number of Java threads
#   Decrease Java thread stack sizes (-Xss)
#   Set larger code cache with -XX:ReservedCodeCacheSize=
#   JVM is running with Unscaled Compressed Oops mode in which the Java heap is
#     placed in the first 4GB address space. The Java Heap base address is the
#     maximum limit for the native heap growth. Please use -XX:HeapBaseMinAddress
#     to set the Java Heap base and to place the Java Heap above 4GB virtual address.
# This output file may be truncated or incomplete.
#
#  Out of Memory Error (./open/src/hotspot/share/memory/arena.cpp:79), pid=21324, tid=21264
#
# JRE version: Java(TM) SE Runtime Environment (14.0.2+12) (build 14.0.2+12-46)
# Java VM: Java HotSpot(TM) 64-Bit Server VM (14.0.2+12-46, mixed mode, tiered, compressed oops, g1 gc, windows-amd64)
# No core dump will be written. Minidumps are not enabled by default on client versions of Windows
#

---------------  S U M M A R Y ------------

Command Line: -Dapplication.home=C:\Program Files\Java\jdk-14.0.2 --add-modules=ALL-DEFAULT -Xms8m -Djdk.module.main=jdk.compiler jdk.compiler/com.sun.tools.javac.Main -d C:\Users\admin\Documents\NetBeansProjects\Travel Managment System\build\classes -classpath C:\Users\admin\Documents\NetBeansProjects\Travel Managment System\build\classes;C:\Users\admin\Documents\NetBeansProjects\Travel Managment System\mysql-connector-java-8.0.23\mysql-connector-java-8.0.23.jar;F:\netbeans\netbeans\ide\modules\ext\jaxb\activation.jar;F:\netbeans\netbeans\enterprise\modules\ext\metro\webservices-api.jar;F:\netbeans\netbeans\enterprise\modules\ext\metro\webservices-extra-api.jar;F:\netbeans\netbeans\enterprise\modules\ext\metro\webservices-extra.jar;F:\netbeans\netbeans\enterprise\modules\ext\metro\webservices-rt.jar;F:\netbeans\netbeans\enterprise\modules\ext\metro\webservices-tools.jar;C:\Users\admin\Documents\NetBeansProjects;C:\Users\admin\Documents\NetBeansProjects\Travel Managment System\src\travel\management\Jar;C:\Users\admin\Documents\NetBeansProjects\Travel Managment System\src\travel\management\Jar\rs2xml.jar;C:\Users\admin\Documents\Hosp\mysql-connector-java-8.0.23\rs2xml.jar;F:\netbeans\netbeans\java\modules\ext\AbsoluteLayout.jar -sourcepath C:\Users\admin\Documents\NetBeansProjects\Travel Managment System\src -target 14 -encoding UTF-8 -g --enable-preview -processorpath C:\Users\admin\Documents\NetBeansProjects\Travel Managment System\mysql-connector-java-8.0.23\mysql-connector-java-8.0.23.jar;F:\netbeans\netbeans\ide\modules\ext\jaxb\activation.jar;F:\netbeans\netbeans\enterprise\modules\ext\metro\webservices-api.jar;F:\netbeans\netbeans\enterprise\modules\ext\metro\webservices-extra-api.jar;F:\netbeans\netbeans\enterprise\modules\ext\metro\webservices-extra.jar;F:\netbeans\netbeans\enterprise\modules\ext\metro\webservices-rt.jar;F:\netbeans\netbeans\enterprise\modules\ext\metro\webservices-tools.jar;C:\Users\admin\Documents\NetBeansProjects;C:\Users\admin\Documents\NetBeansProjects\Travel Managment System\src\travel\management\Jar;C:\Users\admin\Documents\NetBeansProjects\Travel Managment System\src\travel\management\Jar\rs2xml.jar;C:\Users\admin\Documents\Hosp\mysql-connector-java-8.0.23\rs2xml.jar;F:\netbeans\netbeans\java\modules\ext\AbsoluteLayout.jar;C:\Users\admin\Documents\NetBeansProjects\Travel Managment System\build\empty -s C:\Users\admin\Documents\NetBeansProjects\Travel Managment System\build\generated-sources\ap-source-output -source 14 C:\Users\admin\Documents\NetBeansProjects\Travel Managment System\src\travel\managment\system\Dashboard.java

Host: Intel(R) Core(TM) i3-6100U CPU @ 2.30GHz, 4 cores, 3G,  Windows 10 , 64 bit Build 18362 (10.0.18362.1500)
Time: Thu Apr 28 12:25:08 2022 India Standard Time elapsed time: 1 seconds (0d 0h 0m 1s)

---------------  T H R E A D  ---------------

Current thread (0x000001bf61818000):  JavaThread "main" [_thread_in_vm, id=21264, stack(0x0000000237d00000,0x0000000237e00000)]

Stack: [0x0000000237d00000,0x0000000237e00000]
Native frames: (J=compiled Java code, j=interpreted, Vv=VM code, C=native code)
V  [jvm.dll+0x5f8a9a]
V  [jvm.dll+0x74247a]
V  [jvm.dll+0x743c2f]
V  [jvm.dll+0x744273]
V  [jvm.dll+0x20d288]
V  [jvm.dll+0xabea6]
V  [jvm.dll+0xac1fc]
V  [jvm.dll+0x1c38f3]
V  [jvm.dll+0x1c25b0]
V  [jvm.dll+0x6cbe9a]
V  [jvm.dll+0x6cd469]
V  [jvm.dll+0x6cd97d]
V  [jvm.dll+0x3ba56f]
C  [jli.dll+0x82d3]
C  [jli.dll+0x48c8]
C  [jli.dll+0x58aa]
C  [jli.dll+0x561e]
C  [ucrtbase.dll+0x210b2]
C  [KERNEL32.DLL+0x17c24]
C  [ntdll.dll+0x6d721]


---------------  P R O C E S S  ---------------

Threads class SMR info:
_java_thread_list=0x000001bf40cac500, length=11, elements={
0x000001bf61818000, 0x000001bf00979000, 0x000001bf0097a000, 0x000001bf009b0800,
0x000001bf009b5800, 0x000001bf009b6800, 0x000001bf009ba800, 0x000001bf009bf000,
0x000001bf009c8000, 0x000001bf40cad800, 0x000001bf40d2f000
}

Java Threads: ( => current thread )
=>0x000001bf61818000 JavaThread "main" [_thread_in_vm, id=21264, stack(0x0000000237d00000,0x0000000237e00000)]
  0x000001bf00979000 JavaThread "Reference Handler" daemon [_thread_blocked, id=20260, stack(0x0000000238400000,0x0000000238500000)]
  0x000001bf0097a000 JavaThread "Finalizer" daemon [_thread_blocked, id=16292, stack(0x0000000238500000,0x0000000238600000)]
  0x000001bf009b0800 JavaThread "Signal Dispatcher" daemon [_thread_blocked, id=10640, stack(0x0000000238600000,0x0000000238700000)]
  0x000001bf009b5800 JavaThread "Attach Listener" daemon [_thread_blocked, id=20100, stack(0x0000000238700000,0x0000000238800000)]
  0x000001bf009b6800 JavaThread "Service Thread" daemon [_thread_blocked, id=21020, stack(0x0000000238800000,0x0000000238900000)]
  0x000001bf009ba800 JavaThread "C2 CompilerThread0" daemon [_thread_blocked, id=3516, stack(0x0000000238900000,0x0000000238a00000)]
  0x000001bf009bf000 JavaThread "C1 CompilerThread0" daemon [_thread_blocked, id=15740, stack(0x0000000238a00000,0x0000000238b00000)]
  0x000001bf009c8000 JavaThread "Sweeper thread" daemon [_thread_blocked, id=20668, stack(0x0000000238b00000,0x0000000238c00000)]
  0x000001bf40cad800 JavaThread "Common-Cleaner" daemon [_thread_blocked, id=20956, stack(0x0000000238c00000,0x0000000238d00000)]
  0x000001bf40d2f000 JavaThread "Notification Thread" daemon [_thread_blocked, id=20976, stack(0x0000000238d00000,0x0000000238e00000)]

Other Threads:
  0x000001bf00973800 VMThread "VM Thread" [stack: 0x0000000238300000,0x0000000238400000] [id=16364]
  0x000001bf40d34000 WatcherThread [stack: 0x0000000238e00000,0x0000000238f00000] [id=18880]
  0x000001bf61844800 GCTaskThread "GC Thread#0" [stack: 0x0000000237e00000,0x0000000237f00000] [id=8884]
  0x000001bf6184f000 ConcurrentGCThread "G1 Main Marker" [stack: 0x0000000237f00000,0x0000000238000000] [id=21272]
  0x000001bf61851000 ConcurrentGCThread "G1 Conc#0" [stack: 0x0000000238000000,0x0000000238100000] [id=21280]
  0x000001bf6186a800 ConcurrentGCThread "G1 Refine#0" [stack: 0x0000000238100000,0x0000000238200000] [id=19848]
  0x000001bf6186b800 ConcurrentGCThread "G1 Young RemSet Sampling" [stack: 0x0000000238200000,0x0000000238300000] [id=7456]

Threads with active compile tasks:

VM state:not at safepoint (normal execution)

VM Mutex/Monitor currently owned by a thread: None

Heap address: 0x00000000c4a00000, size: 950 MB, Compressed Oops mode: 32-bit
Narrow klass base: 0x0000000000000000, Narrow klass shift: 3
Compressed class space size: 1073741824 Address: 0x0000000100000000

Heap:
 garbage-first heap   total 8192K, used 1024K [0x00000000c4a00000, 0x0000000100000000)
  region size 1024K, 2 young (2048K), 0 survivors (0K)
 Metaspace       used 4836K, capacity 4891K, committed 5120K, reserved 1056768K
  class space    used 412K, capacity 438K, committed 512K, reserved 1048576K
Heap Regions: E=young(eden), S=young(survivor), O=old, HS=humongous(starts), HC=humongous(continues), CS=collection set, F=free, OA=open archive, CA=closed archive, TAMS=top-at-mark-start (previous, next)
|   0|0x00000000c4a00000, 0x00000000c4a00000, 0x00000000c4b00000|  0%| F|  |TAMS 0x00000000c4a00000, 0x00000000c4a00000| Untracked 
|   1|0x00000000c4b00000, 0x00000000c4b00000, 0x00000000c4c00000|  0%| F|  |TAMS 0x00000000c4b00000, 0x00000000c4b00000| Untracked 
|   2|0x00000000c4c00000, 0x00000000c4c00000, 0x00000000c4d00000|  0%| F|  |TAMS 0x00000000c4c00000, 0x00000000c4c00000| Untracked 
|   3|0x00000000c4d00000, 0x00000000c4d00000, 0x00000000c4e00000|  0%| F|  |TAMS 0x00000000c4d00000, 0x00000000c4d00000| Untracked 
|   4|0x00000000c4e00000, 0x00000000c4e00000, 0x00000000c4f00000|  0%| F|  |TAMS 0x00000000c4e00000, 0x00000000c4e00000| Untracked 
|   5|0x00000000c4f00000, 0x00000000c4f00000, 0x00000000c5000000|  0%| F|  |TAMS 0x00000000c4f00000, 0x00000000c4f00000| Untracked 
|   6|0x00000000c5000000, 0x00000000c505cd70, 0x00000000c5100000| 36%| E|  |TAMS 0x00000000c5000000, 0x00000000c5000000| Complete 
|   7|0x00000000c5100000, 0x00000000c5200000, 0x00000000c5200000|100%| E|CS|TAMS 0x00000000c5100000, 0x00000000c5100000| Complete 

Card table byte_map: [0x000001bf79190000,0x000001bf79370000] _byte_map_base: 0x000001bf78b6b000

Marking Bits (Prev, Next): (CMBitMap*) 0x000001bf61846098, (CMBitMap*) 0x000001bf618460d8
 Prev Bits: [0x000001bf79550000, 0x000001bf7a428000)
 Next Bits: [0x000001bf7a430000, 0x000001bf7b308000)

Polling page: 0x000001bf5f6f0000

Metaspace:

Usage:
  Non-class:      4.35 MB capacity,     4.32 MB (>99%) used,    26.89 KB ( <1%) free+waste,     1.94 KB ( <1%) overhead. 
      Class:    438.00 KB capacity,   412.45 KB ( 94%) used,    24.30 KB (  6%) free+waste,     1.25 KB ( <1%) overhead. 
       Both:      4.78 MB capacity,     4.72 MB ( 99%) used,    51.20 KB (  1%) free+waste,     3.19 KB ( <1%) overhead. 

Virtual space:
  Non-class space:        8.00 MB reserved,       4.50 MB ( 56%) committed 
      Class space:        1.00 GB reserved,     512.00 KB ( <1%) committed 
             Both:        1.01 GB reserved,       5.00 MB ( <1%) committed 

Chunk freelists:
   Non-Class:  27.00 KB
       Class:  10.00 KB
        Both:  37.00 KB

MaxMetaspaceSize: 17179869184.00 GB
CompressedClassSpaceSize: 1.00 GB

CodeHeap 'non-profiled nmethods': size=120000Kb used=57Kb max_used=57Kb free=119943Kb
 bounds [0x000001bf71a80000, 0x000001bf71cf0000, 0x000001bf78fb0000]
CodeHeap 'profiled nmethods': size=120000Kb used=189Kb max_used=189Kb free=119810Kb
 bounds [0x000001bf6a550000, 0x000001bf6a7c0000, 0x000001bf71a80000]
CodeHeap 'non-nmethods': size=5760Kb used=1078Kb max_used=1094Kb free=4681Kb
 bounds [0x000001bf69fb0000, 0x000001bf6a220000, 0x000001bf6a550000]
 total_blobs=475 nmethods=169 adapters=219
 compilation: enabled
              stopped_count=0, restarted_count=0
 full_count=0

Compilation events (20 events):
Event: 1.526 Thread 0x000001bf009bf000  159       1       java.lang.module.ModuleDescriptor::isOpen (5 bytes)
Event: 1.526 Thread 0x000001bf009bf000 nmethod 159 0x000001bf71a8b490 code [0x000001bf71a8b620, 0x000001bf71a8b6d8]
Event: 1.526 Thread 0x000001bf009bf000  145       1       java.lang.module.ModuleDescriptor$Version::toString (5 bytes)
Event: 1.526 Thread 0x000001bf009bf000 nmethod 145 0x000001bf71a8b790 code [0x000001bf71a8b920, 0x000001bf71a8b9d8]
Event: 1.526 Thread 0x000001bf009bf000  160       1       java.util.HashMap::size (5 bytes)
Event: 1.526 Thread 0x000001bf009bf000 nmethod 160 0x000001bf71a8ba90 code [0x000001bf71a8bc20, 0x000001bf71a8bcd8]
Event: 1.528 Thread 0x000001bf009bf000  162       3       java.util.HashMap$ValueIterator::next (8 bytes)
Event: 1.529 Thread 0x000001bf009bf000 nmethod 162 0x000001bf6a57df10 code [0x000001bf6a57e0c0, 0x000001bf6a57e1e8]
Event: 1.529 Thread 0x000001bf009bf000  163       1       java.util.HashMap$Node::getKey (5 bytes)
Event: 1.529 Thread 0x000001bf009bf000 nmethod 163 0x000001bf71a8c290 code [0x000001bf71a8c420, 0x000001bf71a8c4d8]
Event: 1.530 Thread 0x000001bf009bf000  164       3       java.util.ImmutableCollections$MapN::get (35 bytes)
Event: 1.530 Thread 0x000001bf009bf000 nmethod 164 0x000001bf6a57e290 code [0x000001bf6a57e460, 0x000001bf6a57e7b8]
Event: 1.530 Thread 0x000001bf009bf000  166       3       jdk.internal.module.ModuleBootstrap$2::hasNext (30 bytes)
Event: 1.530 Thread 0x000001bf009bf000 nmethod 166 0x000001bf6a57e910 code [0x000001bf6a57eac0, 0x000001bf6a57edd8]
Event: 1.530 Thread 0x000001bf009bf000  165       1       java.util.HashMap$Node::getValue (5 bytes)
Event: 1.531 Thread 0x000001bf009bf000 nmethod 165 0x000001bf71a8c590 code [0x000001bf71a8c720, 0x000001bf71a8c7d8]
Event: 1.531 Thread 0x000001bf009bf000  167       3       jdk.internal.module.ModuleBootstrap$2::next (52 bytes)
Event: 1.531 Thread 0x000001bf009bf000 nmethod 167 0x000001bf6a57ef10 code [0x000001bf6a57f100, 0x000001bf6a57f608]
Event: 1.531 Thread 0x000001bf009bf000  169       1       java.lang.Module::getDescriptor (5 bytes)
Event: 1.531 Thread 0x000001bf009bf000 nmethod 169 0x000001bf71a8cc90 code [0x000001bf71a8ce20, 0x000001bf71a8ced8]

GC Heap History (0 events):
No events

Deoptimization events (0 events):
No events

Classes unloaded (0 events):
No events

Classes redefined (0 events):
No events

Internal exceptions (0 events):
No events

Events (20 events):
Event: 1.534 loading class sun/util/locale/LocaleUtils done
Event: 1.535 loading class sun/util/locale/BaseLocale$Key
Event: 1.535 loading class sun/util/locale/BaseLocale$Key done
Event: 1.535 loading class sun/util/locale/BaseLocale$Cache
Event: 1.536 loading class sun/util/locale/LocaleObjectCache
Event: 1.536 loading class sun/util/locale/LocaleObjectCache done
Event: 1.536 loading class sun/util/locale/BaseLocale$Cache done
Event: 1.536 loading class sun/util/locale/LocaleObjectCache$CacheEntry
Event: 1.536 loading class sun/util/locale/LocaleObjectCache$CacheEntry done
Event: 1.536 loading class java/util/Locale$Cache
Event: 1.536 loading class java/util/Locale$Cache done
Event: 1.536 loading class jdk/internal/vm/PostVMInitHook$2
Event: 1.537 loading class jdk/internal/vm/PostVMInitHook$2 done
Event: 1.537 loading class jdk/internal/util/EnvUtils
Event: 1.537 loading class jdk/internal/util/EnvUtils done
Event: 1.537 loading class jdk/internal/vm/PostVMInitHook$1
Event: 1.537 loading class jdk/internal/vm/PostVMInitHook$1 done
Event: 1.537 loading class java/io/File$PathStatus
Event: 1.537 loading class java/io/File$PathStatus done
Event: 1.537 loading class sun/launcher/LauncherHelper


Dynamic libraries:
0x00007ff7dccb0000 - 0x00007ff7dccb7000 	C:\Program Files\Java\jdk-14.0.2\bin\javac.exe
0x00007ffc4a880000 - 0x00007ffc4aa70000 	C:\Windows\SYSTEM32\ntdll.dll
0x00007ffc49e60000 - 0x00007ffc49f12000 	C:\Windows\System32\KERNEL32.DLL
0x00007ffc48680000 - 0x00007ffc48925000 	C:\Windows\System32\KERNELBASE.dll
0x00007ffc47ca0000 - 0x00007ffc47d9a000 	C:\Windows\System32\ucrtbase.dll
0x00007ffc27b70000 - 0x00007ffc27b88000 	C:\Program Files\Java\jdk-14.0.2\bin\jli.dll
0x00007ffc36c30000 - 0x00007ffc36c45000 	C:\Program Files\Java\jdk-14.0.2\bin\VCRUNTIME140.dll
0x00007ffc4a250000 - 0x00007ffc4a2f3000 	C:\Windows\System32\ADVAPI32.dll
0x00007ffc494a0000 - 0x00007ffc4953e000 	C:\Windows\System32\msvcrt.dll
0x00007ffc49880000 - 0x00007ffc49917000 	C:\Windows\System32\sechost.dll
0x00007ffc4a3e0000 - 0x00007ffc4a4ff000 	C:\Windows\System32\RPCRT4.dll
0x00007ffc49f20000 - 0x00007ffc4a0b4000 	C:\Windows\System32\USER32.dll
0x00007ffc47da0000 - 0x00007ffc47dc1000 	C:\Windows\System32\win32u.dll
0x00007ffc4a220000 - 0x00007ffc4a246000 	C:\Windows\System32\GDI32.dll
0x00007ffc39560000 - 0x00007ffc397e4000 	C:\Windows\WinSxS\amd64_microsoft.windows.common-controls_6595b64144ccf1df_6.0.18362.1556_none_9e7e372fe45e41d5\COMCTL32.dll
0x00007ffc47950000 - 0x00007ffc47ae8000 	C:\Windows\System32\gdi32full.dll
0x00007ffc47af0000 - 0x00007ffc47b8e000 	C:\Windows\System32\msvcp_win.dll
0x00007ffc4a500000 - 0x00007ffc4a836000 	C:\Windows\System32\combase.dll
0x00007ffc47e70000 - 0x00007ffc47ef1000 	C:\Windows\System32\bcryptPrimitives.dll
0x00007ffc3af60000 - 0x00007ffc3af6a000 	C:\Windows\SYSTEM32\VERSION.dll
0x00007ffc4a0c0000 - 0x00007ffc4a0ee000 	C:\Windows\System32\IMM32.DLL
0x00007ffc1b180000 - 0x00007ffc1b21b000 	C:\Program Files\Java\jdk-14.0.2\bin\msvcp140.dll
0x00007ffc03490000 - 0x00007ffc03fae000 	C:\Program Files\Java\jdk-14.0.2\bin\server\jvm.dll
0x00007ffc48bc0000 - 0x00007ffc48bc8000 	C:\Windows\System32\PSAPI.DLL
0x00007ffc44250000 - 0x00007ffc44274000 	C:\Windows\SYSTEM32\WINMM.dll
0x00007ffc31570000 - 0x00007ffc31579000 	C:\Windows\SYSTEM32\WSOCK32.dll
0x00007ffc49df0000 - 0x00007ffc49e5f000 	C:\Windows\System32\WS2_32.dll
0x00007ffc44220000 - 0x00007ffc4424d000 	C:\Windows\SYSTEM32\winmmbase.dll
0x00007ffc47e20000 - 0x00007ffc47e6a000 	C:\Windows\System32\cfgmgr32.dll
0x00007ffc477b0000 - 0x00007ffc477c1000 	C:\Windows\System32\kernel.appcore.dll
0x00007ffc40da0000 - 0x00007ffc40daa000 	C:\Program Files\Java\jdk-14.0.2\bin\jimage.dll
0x00007ffc33d60000 - 0x00007ffc33f54000 	C:\Windows\SYSTEM32\DBGHELP.DLL
0x00007ffc2e170000 - 0x00007ffc2e19a000 	C:\Windows\SYSTEM32\dbgcore.DLL
0x00007ffc2e530000 - 0x00007ffc2e555000 	C:\Program Files\Java\jdk-14.0.2\bin\java.dll
0x00007ffc35b20000 - 0x00007ffc35b36000 	C:\Program Files\Java\jdk-14.0.2\bin\zip.dll
0x00007ffc48be0000 - 0x00007ffc492c7000 	C:\Windows\System32\SHELL32.dll
0x00007ffc49680000 - 0x00007ffc49728000 	C:\Windows\System32\shcore.dll
0x00007ffc47f00000 - 0x00007ffc4867b000 	C:\Windows\System32\windows.storage.dll
0x00007ffc477d0000 - 0x00007ffc477ee000 	C:\Windows\System32\profapi.dll
0x00007ffc47760000 - 0x00007ffc477aa000 	C:\Windows\System32\powrprof.dll
0x00007ffc47730000 - 0x00007ffc47740000 	C:\Windows\System32\UMPDC.dll
0x00007ffc49d90000 - 0x00007ffc49de2000 	C:\Windows\System32\shlwapi.dll
0x00007ffc47e00000 - 0x00007ffc47e17000 	C:\Windows\System32\cryptsp.dll

dbghelp: loaded successfully - version: 4.0.5 - missing functions: none
symbol engine: initialized successfully - sym options: 0x614 - pdb path: .;C:\Program Files\Java\jdk-14.0.2\bin;C:\Windows\SYSTEM32;C:\Windows\WinSxS\amd64_microsoft.windows.common-controls_6595b64144ccf1df_6.0.18362.1556_none_9e7e372fe45e41d5;C:\Program Files\Java\jdk-14.0.2\bin\server

VM Arguments:
jvm_args: -Dapplication.home=C:\Program Files\Java\jdk-14.0.2 --add-modules=ALL-DEFAULT -Xms8m -Djdk.module.main=jdk.compiler 
java_command: jdk.compiler/com.sun.tools.javac.Main -d C:\Users\admin\Documents\NetBeansProjects\Travel Managment System\build\classes -classpath C:\Users\admin\Documents\NetBeansProjects\Travel Managment System\build\classes;C:\Users\admin\Documents\NetBeansProjects\Travel Managment System\mysql-connector-java-8.0.23\mysql-connector-java-8.0.23.jar;F:\netbeans\netbeans\ide\modules\ext\jaxb\activation.jar;F:\netbeans\netbeans\enterprise\modules\ext\metro\webservices-api.jar;F:\netbeans\netbeans\enterprise\modules\ext\metro\webservices-extra-api.jar;F:\netbeans\netbeans\enterprise\modules\ext\metro\webservices-extra.jar;F:\netbeans\netbeans\enterprise\modules\ext\metro\webservices-rt.jar;F:\netbeans\netbeans\enterprise\modules\ext\metro\webservices-tools.jar;C:\Users\admin\Documents\NetBeansProjects;C:\Users\admin\Documents\NetBeansProjects\Travel Managment System\src\travel\management\Jar;C:\Users\admin\Documents\NetBeansProjects\Travel Managment System\src\travel\management\Jar\rs2xml.jar;C:\Users\admin\Documents\Hosp\mysql-connector-java-8.0.23\rs2xml.jar;F:\netbeans\netbeans\java\modules\ext\AbsoluteLayout.jar -sourcepath C:\Users\admin\Documents\NetBeansProjects\Travel Managment System\src -target 14 -encoding UTF-8 -g --enable-preview -processorpath C:\Users\admin\Documents\NetBeansProjects\Travel Managment System\mysql-connector-java-8.0.23\mysql-connector-java-8.0.23.jar;F:\netbeans\netbeans\ide\modules\ext\jaxb\activation.jar;F:\netbeans\netbeans\enterprise\modules\ext\metro\webservices-api.jar;F:\netbeans\netbeans\enterprise\modules\ext\metro\webservices-extra-api.jar;F:\netbeans\netbeans\enterprise\modules\ext\metro\webservices-extra.jar;F:\netbeans\netbeans\enterprise\modules\ext\metro\webservices-rt.jar;F:\netbeans\netbeans\enterprise\modules\ext\metro\webservices-tools.jar;C:\Users\admin\Documents\NetBeansProjects;C:\Users\admin\Documents\NetBeansProjects\Travel Managment System\src\travel\management\Jar;C:\Users\admin\Documents\NetBeansProjects\Trave
java_class_path (initial): <not set>
Launcher Type: SUN_STANDARD

[Global flags]
     intx CICompilerCount                          = 3                                         {product} {ergonomic}
     uint ConcGCThreads                            = 1                                         {product} {ergonomic}
     uint G1ConcRefinementThreads                  = 4                                         {product} {ergonomic}
   size_t G1HeapRegionSize                         = 1048576                                   {product} {ergonomic}
    uintx GCDrainStackTargetSize                   = 64                                        {product} {ergonomic}
   size_t InitialHeapSize                          = 8388608                                   {product} {command line}
   size_t MarkStackSize                            = 4194304                                   {product} {ergonomic}
   size_t MaxHeapSize                              = 996147200                                 {product} {ergonomic}
   size_t MaxNewSize                               = 597688320                                 {product} {ergonomic}
   size_t MinHeapDeltaBytes                        = 1048576                                   {product} {ergonomic}
   size_t MinHeapSize                              = 8388608                                   {product} {command line}
    uintx NonNMethodCodeHeapSize                   = 5832780                                {pd product} {ergonomic}
    uintx NonProfiledCodeHeapSize                  = 122912730                              {pd product} {ergonomic}
    uintx ProfiledCodeHeapSize                     = 122912730                              {pd product} {ergonomic}
    uintx ReservedCodeCacheSize                    = 251658240                              {pd product} {ergonomic}
     bool SegmentedCodeCache                       = true                                      {product} {ergonomic}
   size_t SoftMaxHeapSize                          = 996147200                              {manageable} {ergonomic}
     bool UseCompressedClassPointers               = true                                 {lp64_product} {ergonomic}
     bool UseCompressedOops                        = true                                 {lp64_product} {ergonomic}
     bool UseG1GC                                  = true                                      {product} {ergonomic}
     bool UseLargePagesIndividualAllocation        = false                                  {pd product} {ergonomic}

Logging:
Log output configuration:
 #0: stdout all=warning uptime,level,tags
 #1: stderr all=off uptime,level,tags

Environment Variables:
JAVA_HOME=C:\Program Files\Java\jdk-14.0.2
PATH=C:\Windows\system32;C:\Windows;C:\Windows\System32\Wbem;C:\Windows\System32\WindowsPowerShell\v1.0\;C:\Windows\System32\OpenSSH\;C:\Program Files\Java\jdk-14.0.2\bin;c:\Program Files (x86)\Microsoft SQL Server\90\Tools\binn\;C:\Program Files\MySQL\MySQL Server 5.5\bin;C:\Program Files\Microsoft VS Code\bin;C:\Program Files\Git\cmd;C:\Program Files\Java\jdk-14.0.2\bin;C:\Program Files (x86)\mingw-w64\i686-8.1.0-posix-dwarf-rt_v6-rev0\mingw32\bin;C:\Program Files\Java\jdk-14.0.2\bin;C:\Program Files\nodejs;C:\Program Files\nodejs\;C:\Program Files\Java\jdk-14.0.2\bin;C:\Program Files\nodejs;C:\Users\admin\AppData\Roaming\npm
USERNAME=admin
OS=Windows_NT
PROCESSOR_IDENTIFIER=Intel64 Family 6 Model 78 Stepping 3, GenuineIntel



---------------  S Y S T E M  ---------------

OS: Windows 10 , 64 bit Build 18362 (10.0.18362.1500)
OS uptime: 14 days 22:21 hours

CPU:total 4 (initial active 4) (2 cores per cpu, 2 threads per core) family 6 model 78 stepping 3, cmov, cx8, fxsr, mmx, sse, sse2, sse3, ssse3, sse4.1, sse4.2, popcnt, avx, avx2, aes, clmul, erms, rtm, 3dnowpref, lzcnt, ht, tsc, tscinvbit, bmi1, bmi2, adx, fma

Memory: 4k page, system-wide physical 3795M (513M free)
TotalPageFile size 15571M (AvailPageFile size 0M)
current process WorkingSet (physical memory assigned to process): 28M, peak: 28M
current process commit charge ("private bytes"): 71M, peak: 71M

vm_info: Java HotSpot(TM) 64-Bit Server VM (14.0.2+12-46) for windows-amd64 JRE (14.0.2+12-46), built on Jul  9 2020 00:35:52 by "mach5one" with MS VC++ 15.9 (VS2017)

END.
